#! /usr/local/Cellar/icarus-verilog/11.0/bin/vvp
:ivl_version "11.0 (stable)";
:ivl_delay_selection "TYPICAL";
:vpi_time_precision + 0;
:vpi_module "/usr/local/Cellar/icarus-verilog/11.0/lib/ivl/system.vpi";
:vpi_module "/usr/local/Cellar/icarus-verilog/11.0/lib/ivl/vhdl_sys.vpi";
:vpi_module "/usr/local/Cellar/icarus-verilog/11.0/lib/ivl/vhdl_textio.vpi";
:vpi_module "/usr/local/Cellar/icarus-verilog/11.0/lib/ivl/v2005_math.vpi";
:vpi_module "/usr/local/Cellar/icarus-verilog/11.0/lib/ivl/va_math.vpi";
S_0x7f8e4610f410 .scope module, "TestBench" "TestBench" 2 3;
 .timescale 0 0;
v0x60000114ddd0_0 .var "Clk", 0 0;
v0x60000114de60_0 .var "Reset", 0 0;
v0x60000114def0_0 .var "Start", 0 0;
v0x60000114df80_0 .var/i "counter", 31 0;
v0x60000114e010_0 .var/i "i", 31 0;
v0x60000114e0a0_0 .var/i "outfile", 31 0;
S_0x7f8e46114e60 .scope module, "CPU" "CPU" 2 12, 3 1 0, S_0x7f8e4610f410;
 .timescale 0 0;
    .port_info 0 /INPUT 1 "clk_i";
    .port_info 1 /INPUT 1 "rst_i";
    .port_info 2 /INPUT 1 "start_i";
P_0x6000036573c0 .param/l "four" 0 3 13, +C4<00000000000000000000000000000100>;
v0x60000114d440_0 .net "ALUCtrl", 2 0, L_0x6000012468a0;  1 drivers
v0x60000114d4d0_0 .net "ALUOp", 1 0, L_0x600001244280;  1 drivers
v0x60000114d560_0 .net "ALUSrc", 0 0, L_0x600001244460;  1 drivers
L_0x7f8e460631b8 .functor BUFT 1, C4<1>, C4<0>, C4<0>, C4<0>;
v0x60000114d5f0_0 .net "RegWrite", 0 0, L_0x7f8e460631b8;  1 drivers
v0x60000114d680_0 .net *"_ivl_13", 6 0, L_0x600001246940;  1 drivers
v0x60000114d710_0 .net *"_ivl_15", 2 0, L_0x6000012469e0;  1 drivers
v0x60000114d7a0_0 .net "clk_i", 0 0, v0x60000114ddd0_0;  1 drivers
v0x60000114d830_0 .net "imm", 31 0, L_0x600001244fa0;  1 drivers
v0x60000114d8c0_0 .net "instr", 31 0, L_0x600000845570;  1 drivers
v0x60000114d950_0 .net "mux2alu", 31 0, L_0x600001244dc0;  1 drivers
v0x60000114d9e0_0 .net "pcin", 31 0, L_0x6000012445a0;  1 drivers
v0x60000114da70_0 .net "pcout", 31 0, v0x60000114c7e0_0;  1 drivers
v0x60000114db00_0 .net "rd", 31 0, L_0x600001245e00;  1 drivers
v0x60000114db90_0 .net "rs1", 31 0, L_0x6000008455e0;  1 drivers
v0x60000114dc20_0 .net "rs2", 31 0, L_0x600000845650;  1 drivers
v0x60000114dcb0_0 .net "rst_i", 0 0, v0x60000114de60_0;  1 drivers
v0x60000114dd40_0 .net "start_i", 0 0, v0x60000114def0_0;  1 drivers
L_0x600001244500 .part L_0x600000845570, 0, 7;
L_0x600001244aa0 .part L_0x600000845570, 15, 5;
L_0x600001244b40 .part L_0x600000845570, 20, 5;
L_0x600001244be0 .part L_0x600000845570, 7, 5;
L_0x600001245040 .part L_0x600000845570, 20, 12;
L_0x600001246940 .part L_0x600000845570, 25, 7;
L_0x6000012469e0 .part L_0x600000845570, 12, 3;
L_0x600001246a80 .concat [ 3 7 0 0], L_0x6000012469e0, L_0x600001246940;
S_0x7f8e46114fd0 .scope module, "ALU" "ALU" 3 79, 4 1 0, S_0x7f8e46114e60;
 .timescale 0 0;
    .port_info 0 /INPUT 32 "data1_i";
    .port_info 1 /INPUT 32 "data2_i";
    .port_info 2 /INPUT 3 "ALUCtrl_i";
    .port_info 3 /OUTPUT 32 "data_o";
    .port_info 4 /OUTPUT 1 "Zero_o";
    .port_info 5 /NODIR 0 "";
L_0x6000008456c0 .functor AND 32, L_0x6000008455e0, L_0x600001244dc0, C4<11111111111111111111111111111111>, C4<11111111111111111111111111111111>;
L_0x600000845730 .functor XOR 32, L_0x6000008455e0, L_0x600001244dc0, C4<00000000000000000000000000000000>, C4<00000000000000000000000000000000>;
v0x600001140cf0_0 .net "ALUCtrl_i", 2 0, L_0x6000012468a0;  alias, 1 drivers
v0x600001140d80_0 .net "Zero_o", 0 0, L_0x600001245fe0;  1 drivers
L_0x7f8e460633b0 .functor BUFT 1, C4<000>, C4<0>, C4<0>, C4<0>;
v0x600001140e10_0 .net/2u *"_ivl_0", 2 0, L_0x7f8e460633b0;  1 drivers
v0x600001140ea0_0 .net *"_ivl_10", 31 0, L_0x600000845730;  1 drivers
L_0x7f8e46063440 .functor BUFT 1, C4<010>, C4<0>, C4<0>, C4<0>;
v0x600001140f30_0 .net/2u *"_ivl_12", 2 0, L_0x7f8e46063440;  1 drivers
v0x600001140fc0_0 .net *"_ivl_14", 0 0, L_0x600001245220;  1 drivers
v0x600001141050_0 .net *"_ivl_16", 31 0, L_0x6000012452c0;  1 drivers
L_0x7f8e46063488 .functor BUFT 1, C4<011>, C4<0>, C4<0>, C4<0>;
v0x6000011410e0_0 .net/2u *"_ivl_18", 2 0, L_0x7f8e46063488;  1 drivers
v0x600001141170_0 .net *"_ivl_2", 0 0, L_0x6000012450e0;  1 drivers
v0x600001141200_0 .net *"_ivl_20", 0 0, L_0x600001245360;  1 drivers
v0x600001141290_0 .net *"_ivl_22", 31 0, L_0x600001245400;  1 drivers
L_0x7f8e460634d0 .functor BUFT 1, C4<100>, C4<0>, C4<0>, C4<0>;
v0x600001141320_0 .net/2u *"_ivl_24", 2 0, L_0x7f8e460634d0;  1 drivers
v0x6000011413b0_0 .net *"_ivl_26", 0 0, L_0x6000012454a0;  1 drivers
v0x600001141440_0 .net *"_ivl_28", 31 0, L_0x600001245540;  1 drivers
L_0x7f8e46063518 .functor BUFT 1, C4<101>, C4<0>, C4<0>, C4<0>;
v0x6000011414d0_0 .net/2u *"_ivl_30", 2 0, L_0x7f8e46063518;  1 drivers
v0x600001141560_0 .net *"_ivl_32", 0 0, L_0x6000012455e0;  1 drivers
v0x6000011415f0_0 .net *"_ivl_35", 31 0, L_0x600001245680;  1 drivers
L_0x7f8e46063560 .functor BUFT 1, C4<110>, C4<0>, C4<0>, C4<0>;
v0x600001141680_0 .net/2u *"_ivl_36", 2 0, L_0x7f8e46063560;  1 drivers
v0x600001141710_0 .net *"_ivl_38", 0 0, L_0x600001245720;  1 drivers
v0x6000011417a0_0 .net *"_ivl_4", 31 0, L_0x6000008456c0;  1 drivers
v0x600001141830_0 .net *"_ivl_40", 31 0, L_0x6000012457c0;  1 drivers
v0x6000011418c0_0 .net *"_ivl_43", 4 0, L_0x600001245860;  1 drivers
v0x600001141950_0 .net *"_ivl_44", 31 0, L_0x600001245900;  1 drivers
v0x6000011419e0_0 .net *"_ivl_46", 31 0, L_0x6000012459a0;  1 drivers
v0x600001141a70_0 .net *"_ivl_48", 31 0, L_0x600001245a40;  1 drivers
v0x600001141b00_0 .net *"_ivl_50", 31 0, L_0x600001245ae0;  1 drivers
v0x600001141b90_0 .net *"_ivl_52", 31 0, L_0x600001245b80;  1 drivers
v0x600001141c20_0 .net *"_ivl_54", 31 0, L_0x600001245c20;  1 drivers
v0x600001141cb0_0 .net *"_ivl_56", 31 0, L_0x600001245d60;  1 drivers
L_0x7f8e460633f8 .functor BUFT 1, C4<001>, C4<0>, C4<0>, C4<0>;
v0x600001141d40_0 .net/2u *"_ivl_6", 2 0, L_0x7f8e460633f8;  1 drivers
v0x600001141dd0_0 .net *"_ivl_60", 31 0, L_0x600001245cc0;  1 drivers
L_0x7f8e460635a8 .functor BUFT 1, C4<00000000000000000000000000000000>, C4<0>, C4<0>, C4<0>;
v0x600001141e60_0 .net/2u *"_ivl_62", 31 0, L_0x7f8e460635a8;  1 drivers
v0x600001141ef0_0 .net *"_ivl_64", 0 0, L_0x600001245ea0;  1 drivers
L_0x7f8e460635f0 .functor BUFT 1, C4<01>, C4<0>, C4<0>, C4<0>;
v0x600001141f80_0 .net/2s *"_ivl_66", 1 0, L_0x7f8e460635f0;  1 drivers
L_0x7f8e46063638 .functor BUFT 1, C4<00>, C4<0>, C4<0>, C4<0>;
v0x600001142010_0 .net/2s *"_ivl_68", 1 0, L_0x7f8e46063638;  1 drivers
v0x6000011420a0_0 .net *"_ivl_70", 1 0, L_0x600001245f40;  1 drivers
v0x600001142130_0 .net *"_ivl_8", 0 0, L_0x600001245180;  1 drivers
v0x6000011421c0_0 .net "data1_i", 31 0, L_0x6000008455e0;  alias, 1 drivers
v0x600001142250_0 .net "data2_i", 31 0, L_0x600001244dc0;  alias, 1 drivers
v0x6000011422e0_0 .net "data_o", 31 0, L_0x600001245e00;  alias, 1 drivers
L_0x6000012450e0 .cmp/eq 3, L_0x6000012468a0, L_0x7f8e460633b0;
L_0x600001245180 .cmp/eq 3, L_0x6000012468a0, L_0x7f8e460633f8;
L_0x600001245220 .cmp/eq 3, L_0x6000012468a0, L_0x7f8e46063440;
L_0x6000012452c0 .shift/l 32, L_0x6000008455e0, L_0x600001244dc0;
L_0x600001245360 .cmp/eq 3, L_0x6000012468a0, L_0x7f8e46063488;
L_0x600001245400 .arith/sum 32, L_0x6000008455e0, L_0x600001244dc0;
L_0x6000012454a0 .cmp/eq 3, L_0x6000012468a0, L_0x7f8e460634d0;
L_0x600001245540 .arith/sub 32, L_0x6000008455e0, L_0x600001244dc0;
L_0x6000012455e0 .cmp/eq 3, L_0x6000012468a0, L_0x7f8e46063518;
L_0x600001245680 .arith/mult 32, L_0x6000008455e0, L_0x600001244dc0;
L_0x600001245720 .cmp/eq 3, L_0x6000012468a0, L_0x7f8e46063560;
L_0x6000012457c0 .arith/sum 32, L_0x6000008455e0, L_0x600001244dc0;
L_0x600001245860 .part L_0x600001244dc0, 0, 5;
L_0x600001245900 .shift/r 32, L_0x6000008455e0, L_0x600001245860;
L_0x6000012459a0 .functor MUXZ 32, L_0x600001245900, L_0x6000012457c0, L_0x600001245720, C4<>;
L_0x600001245a40 .functor MUXZ 32, L_0x6000012459a0, L_0x600001245680, L_0x6000012455e0, C4<>;
L_0x600001245ae0 .functor MUXZ 32, L_0x600001245a40, L_0x600001245540, L_0x6000012454a0, C4<>;
L_0x600001245b80 .functor MUXZ 32, L_0x600001245ae0, L_0x600001245400, L_0x600001245360, C4<>;
L_0x600001245c20 .functor MUXZ 32, L_0x600001245b80, L_0x6000012452c0, L_0x600001245220, C4<>;
L_0x600001245d60 .functor MUXZ 32, L_0x600001245c20, L_0x600000845730, L_0x600001245180, C4<>;
L_0x600001245e00 .functor MUXZ 32, L_0x600001245d60, L_0x6000008456c0, L_0x6000012450e0, C4<>;
L_0x600001245cc0 .arith/sub 32, L_0x6000008455e0, L_0x600001244dc0;
L_0x600001245ea0 .cmp/eq 32, L_0x600001245cc0, L_0x7f8e460635a8;
L_0x600001245f40 .functor MUXZ 2, L_0x7f8e46063638, L_0x7f8e460635f0, L_0x600001245ea0, C4<>;
L_0x600001245fe0 .part L_0x600001245f40, 0, 1;
S_0x7f8e4610e4a0 .scope module, "ALU_Control" "ALU_Control" 3 87, 5 1 0, S_0x7f8e46114e60;
 .timescale 0 0;
    .port_info 0 /INPUT 10 "funct_i";
    .port_info 1 /INPUT 2 "ALUOp_i";
    .port_info 2 /OUTPUT 3 "ALUCtrl_o";
v0x600001142370_0 .net "ALUCtrl_o", 2 0, L_0x6000012468a0;  alias, 1 drivers
v0x600001142400_0 .net "ALUOp_i", 1 0, L_0x600001244280;  alias, 1 drivers
L_0x7f8e46063680 .functor BUFT 1, C4<00>, C4<0>, C4<0>, C4<0>;
v0x600001142490_0 .net/2u *"_ivl_0", 1 0, L_0x7f8e46063680;  1 drivers
L_0x7f8e46063758 .functor BUFT 1, C4<0000000100>, C4<0>, C4<0>, C4<0>;
v0x600001142520_0 .net/2u *"_ivl_10", 9 0, L_0x7f8e46063758;  1 drivers
v0x6000011425b0_0 .net *"_ivl_12", 0 0, L_0x6000012461c0;  1 drivers
L_0x7f8e460637a0 .functor BUFT 1, C4<001>, C4<0>, C4<0>, C4<0>;
v0x600001142640_0 .net/2u *"_ivl_14", 2 0, L_0x7f8e460637a0;  1 drivers
L_0x7f8e460637e8 .functor BUFT 1, C4<0000000001>, C4<0>, C4<0>, C4<0>;
v0x6000011426d0_0 .net/2u *"_ivl_16", 9 0, L_0x7f8e460637e8;  1 drivers
v0x600001142760_0 .net *"_ivl_18", 0 0, L_0x600001246260;  1 drivers
v0x6000011427f0_0 .net *"_ivl_2", 0 0, L_0x600001246080;  1 drivers
L_0x7f8e46063830 .functor BUFT 1, C4<010>, C4<0>, C4<0>, C4<0>;
v0x600001142880_0 .net/2u *"_ivl_20", 2 0, L_0x7f8e46063830;  1 drivers
L_0x7f8e46063878 .functor BUFT 1, C4<0000000000>, C4<0>, C4<0>, C4<0>;
v0x600001142910_0 .net/2u *"_ivl_22", 9 0, L_0x7f8e46063878;  1 drivers
v0x6000011429a0_0 .net *"_ivl_24", 0 0, L_0x600001246300;  1 drivers
L_0x7f8e460638c0 .functor BUFT 1, C4<011>, C4<0>, C4<0>, C4<0>;
v0x600001142a30_0 .net/2u *"_ivl_26", 2 0, L_0x7f8e460638c0;  1 drivers
L_0x7f8e46063908 .functor BUFT 1, C4<0100000000>, C4<0>, C4<0>, C4<0>;
v0x600001142ac0_0 .net/2u *"_ivl_28", 9 0, L_0x7f8e46063908;  1 drivers
v0x600001142b50_0 .net *"_ivl_30", 0 0, L_0x6000012463a0;  1 drivers
L_0x7f8e46063950 .functor BUFT 1, C4<100>, C4<0>, C4<0>, C4<0>;
v0x600001142be0_0 .net/2u *"_ivl_32", 2 0, L_0x7f8e46063950;  1 drivers
L_0x7f8e46063998 .functor BUFT 1, C4<101>, C4<0>, C4<0>, C4<0>;
v0x600001142c70_0 .net/2u *"_ivl_34", 2 0, L_0x7f8e46063998;  1 drivers
v0x600001142d00_0 .net *"_ivl_36", 2 0, L_0x600001246440;  1 drivers
v0x600001142d90_0 .net *"_ivl_38", 2 0, L_0x6000012464e0;  1 drivers
L_0x7f8e460636c8 .functor BUFT 1, C4<0000000111>, C4<0>, C4<0>, C4<0>;
v0x600001142e20_0 .net/2u *"_ivl_4", 9 0, L_0x7f8e460636c8;  1 drivers
v0x600001142eb0_0 .net *"_ivl_40", 2 0, L_0x600001246580;  1 drivers
v0x600001142f40_0 .net *"_ivl_42", 2 0, L_0x600001246620;  1 drivers
v0x600001142fd0_0 .net *"_ivl_44", 2 0, L_0x6000012466c0;  1 drivers
L_0x7f8e460639e0 .functor BUFT 1, C4<0100000101>, C4<0>, C4<0>, C4<0>;
v0x600001143060_0 .net/2u *"_ivl_46", 9 0, L_0x7f8e460639e0;  1 drivers
v0x6000011430f0_0 .net *"_ivl_48", 0 0, L_0x600001246760;  1 drivers
L_0x7f8e46063a28 .functor BUFT 1, C4<110>, C4<0>, C4<0>, C4<0>;
v0x600001143180_0 .net/2u *"_ivl_50", 2 0, L_0x7f8e46063a28;  1 drivers
L_0x7f8e46063a70 .functor BUFT 1, C4<111>, C4<0>, C4<0>, C4<0>;
v0x600001143210_0 .net/2u *"_ivl_52", 2 0, L_0x7f8e46063a70;  1 drivers
v0x6000011432a0_0 .net *"_ivl_54", 2 0, L_0x600001246800;  1 drivers
v0x600001143330_0 .net *"_ivl_6", 0 0, L_0x600001246120;  1 drivers
L_0x7f8e46063710 .functor BUFT 1, C4<000>, C4<0>, C4<0>, C4<0>;
v0x6000011433c0_0 .net/2u *"_ivl_8", 2 0, L_0x7f8e46063710;  1 drivers
v0x600001143450_0 .net "funct_i", 9 0, L_0x600001246a80;  1 drivers
L_0x600001246080 .cmp/eq 2, L_0x600001244280, L_0x7f8e46063680;
L_0x600001246120 .cmp/eq 10, L_0x600001246a80, L_0x7f8e460636c8;
L_0x6000012461c0 .cmp/eq 10, L_0x600001246a80, L_0x7f8e46063758;
L_0x600001246260 .cmp/eq 10, L_0x600001246a80, L_0x7f8e460637e8;
L_0x600001246300 .cmp/eq 10, L_0x600001246a80, L_0x7f8e46063878;
L_0x6000012463a0 .cmp/eq 10, L_0x600001246a80, L_0x7f8e46063908;
L_0x600001246440 .functor MUXZ 3, L_0x7f8e46063998, L_0x7f8e46063950, L_0x6000012463a0, C4<>;
L_0x6000012464e0 .functor MUXZ 3, L_0x600001246440, L_0x7f8e460638c0, L_0x600001246300, C4<>;
L_0x600001246580 .functor MUXZ 3, L_0x6000012464e0, L_0x7f8e46063830, L_0x600001246260, C4<>;
L_0x600001246620 .functor MUXZ 3, L_0x600001246580, L_0x7f8e460637a0, L_0x6000012461c0, C4<>;
L_0x6000012466c0 .functor MUXZ 3, L_0x600001246620, L_0x7f8e46063710, L_0x600001246120, C4<>;
L_0x600001246760 .cmp/ne 10, L_0x600001246a80, L_0x7f8e460639e0;
L_0x600001246800 .functor MUXZ 3, L_0x7f8e46063a70, L_0x7f8e46063a28, L_0x600001246760, C4<>;
L_0x6000012468a0 .functor MUXZ 3, L_0x600001246800, L_0x6000012466c0, L_0x600001246080, C4<>;
S_0x7f8e4610e610 .scope module, "Add_PC" "Adder" 3 37, 6 1 0, S_0x7f8e46114e60;
 .timescale 0 0;
    .port_info 0 /INPUT 32 "data1_in";
    .port_info 1 /INPUT 32 "data2_in";
    .port_info 2 /OUTPUT 32 "data_o";
v0x6000011434e0_0 .net "data1_in", 31 0, v0x60000114c7e0_0;  alias, 1 drivers
L_0x7f8e46063200 .functor BUFT 1, C4<00000000000000000000000000000100>, C4<0>, C4<0>, C4<0>;
v0x600001143570_0 .net "data2_in", 31 0, L_0x7f8e46063200;  1 drivers
v0x600001143600_0 .net "data_o", 31 0, L_0x6000012445a0;  alias, 1 drivers
L_0x6000012445a0 .arith/sum 32, v0x60000114c7e0_0, L_0x7f8e46063200;
S_0x7f8e4610d290 .scope module, "Control" "Control" 3 30, 7 1 0, S_0x7f8e46114e60;
 .timescale 0 0;
    .port_info 0 /INPUT 7 "Op_i";
    .port_info 1 /OUTPUT 2 "ALUOp_o";
    .port_info 2 /OUTPUT 1 "ALUSrc_o";
    .port_info 3 /OUTPUT 1 "RegWrite_o";
v0x600001143690_0 .net "ALUOp_o", 1 0, L_0x600001244280;  alias, 1 drivers
v0x600001143720_0 .net "ALUSrc_o", 0 0, L_0x600001244460;  alias, 1 drivers
v0x6000011437b0_0 .net "Op_i", 6 0, L_0x600001244500;  1 drivers
v0x600001143840_0 .net "RegWrite_o", 0 0, L_0x7f8e460631b8;  alias, 1 drivers
L_0x7f8e46063008 .functor BUFT 1, C4<0010011>, C4<0>, C4<0>, C4<0>;
v0x6000011438d0_0 .net/2u *"_ivl_0", 6 0, L_0x7f8e46063008;  1 drivers
L_0x7f8e460630e0 .functor BUFT 1, C4<0010011>, C4<0>, C4<0>, C4<0>;
v0x600001143960_0 .net/2u *"_ivl_10", 6 0, L_0x7f8e460630e0;  1 drivers
v0x6000011439f0_0 .net *"_ivl_12", 0 0, L_0x600001244320;  1 drivers
L_0x7f8e46063128 .functor BUFT 1, C4<01>, C4<0>, C4<0>, C4<0>;
v0x600001143a80_0 .net/2s *"_ivl_14", 1 0, L_0x7f8e46063128;  1 drivers
L_0x7f8e46063170 .functor BUFT 1, C4<00>, C4<0>, C4<0>, C4<0>;
v0x600001143b10_0 .net/2s *"_ivl_16", 1 0, L_0x7f8e46063170;  1 drivers
v0x600001143ba0_0 .net *"_ivl_18", 1 0, L_0x6000012443c0;  1 drivers
v0x600001143c30_0 .net *"_ivl_2", 0 0, L_0x6000012441e0;  1 drivers
L_0x7f8e46063050 .functor BUFT 1, C4<01>, C4<0>, C4<0>, C4<0>;
v0x600001143cc0_0 .net/2u *"_ivl_4", 1 0, L_0x7f8e46063050;  1 drivers
L_0x7f8e46063098 .functor BUFT 1, C4<00>, C4<0>, C4<0>, C4<0>;
v0x600001143d50_0 .net/2u *"_ivl_6", 1 0, L_0x7f8e46063098;  1 drivers
L_0x6000012441e0 .cmp/eq 7, L_0x600001244500, L_0x7f8e46063008;
L_0x600001244280 .functor MUXZ 2, L_0x7f8e46063098, L_0x7f8e46063050, L_0x6000012441e0, C4<>;
L_0x600001244320 .cmp/eq 7, L_0x600001244500, L_0x7f8e460630e0;
L_0x6000012443c0 .functor MUXZ 2, L_0x7f8e46063170, L_0x7f8e46063128, L_0x600001244320, C4<>;
L_0x600001244460 .part L_0x6000012443c0, 0, 1;
S_0x7f8e4610d400 .scope module, "Instruction_Memory" "Instruction_Memory" 3 51, 8 1 0, S_0x7f8e46114e60;
 .timescale 0 0;
    .port_info 0 /INPUT 32 "addr_i";
    .port_info 1 /OUTPUT 32 "instr_o";
L_0x600000845570 .functor BUFZ 32, L_0x600001244640, C4<00000000000000000000000000000000>, C4<00000000000000000000000000000000>, C4<00000000000000000000000000000000>;
v0x600001143de0_0 .net *"_ivl_0", 31 0, L_0x600001244640;  1 drivers
v0x600001143e70_0 .net *"_ivl_2", 31 0, L_0x600001244780;  1 drivers
v0x600001143f00_0 .net *"_ivl_4", 29 0, L_0x6000012446e0;  1 drivers
L_0x7f8e46063248 .functor BUFT 1, C4<00>, C4<0>, C4<0>, C4<0>;
v0x60000114c000_0 .net *"_ivl_6", 1 0, L_0x7f8e46063248;  1 drivers
v0x60000114c090_0 .net "addr_i", 31 0, v0x60000114c7e0_0;  alias, 1 drivers
v0x60000114c120_0 .net "instr_o", 31 0, L_0x600000845570;  alias, 1 drivers
v0x60000114c1b0 .array "memory", 255 0, 31 0;
L_0x600001244640 .array/port v0x60000114c1b0, L_0x600001244780;
L_0x6000012446e0 .part v0x60000114c7e0_0, 2, 30;
L_0x600001244780 .concat [ 30 2 0 0], L_0x6000012446e0, L_0x7f8e46063248;
S_0x7f8e4610d570 .scope module, "MUX_ALUSrc" "MUX32" 3 67, 9 1 0, S_0x7f8e46114e60;
 .timescale 0 0;
    .port_info 0 /INPUT 32 "data1_i";
    .port_info 1 /INPUT 32 "data2_i";
    .port_info 2 /INPUT 1 "select_i";
    .port_info 3 /OUTPUT 32 "data_o";
v0x60000114c240_0 .net *"_ivl_0", 31 0, L_0x600001244c80;  1 drivers
L_0x7f8e46063320 .functor BUFT 1, C4<0000000000000000000000000000000>, C4<0>, C4<0>, C4<0>;
v0x60000114c2d0_0 .net *"_ivl_3", 30 0, L_0x7f8e46063320;  1 drivers
L_0x7f8e46063368 .functor BUFT 1, C4<00000000000000000000000000000000>, C4<0>, C4<0>, C4<0>;
v0x60000114c360_0 .net/2u *"_ivl_4", 31 0, L_0x7f8e46063368;  1 drivers
v0x60000114c3f0_0 .net *"_ivl_6", 0 0, L_0x600001244d20;  1 drivers
v0x60000114c480_0 .net "data1_i", 31 0, L_0x600000845650;  alias, 1 drivers
v0x60000114c510_0 .net "data2_i", 31 0, L_0x600001244fa0;  alias, 1 drivers
v0x60000114c5a0_0 .net "data_o", 31 0, L_0x600001244dc0;  alias, 1 drivers
v0x60000114c630_0 .net "select_i", 0 0, L_0x600001244460;  alias, 1 drivers
L_0x600001244c80 .concat [ 1 31 0 0], L_0x600001244460, L_0x7f8e46063320;
L_0x600001244d20 .cmp/eq 32, L_0x600001244c80, L_0x7f8e46063368;
L_0x600001244dc0 .functor MUXZ 32, L_0x600001244fa0, L_0x600000845650, L_0x600001244d20, C4<>;
S_0x7f8e46106130 .scope module, "PC" "PC" 3 43, 10 1 0, S_0x7f8e46114e60;
 .timescale 0 0;
    .port_info 0 /INPUT 1 "clk_i";
    .port_info 1 /INPUT 1 "rst_i";
    .port_info 2 /INPUT 1 "start_i";
    .port_info 3 /INPUT 32 "pc_i";
    .port_info 4 /OUTPUT 32 "pc_o";
v0x60000114c6c0_0 .net "clk_i", 0 0, v0x60000114ddd0_0;  alias, 1 drivers
v0x60000114c750_0 .net "pc_i", 31 0, L_0x6000012445a0;  alias, 1 drivers
v0x60000114c7e0_0 .var "pc_o", 31 0;
v0x60000114c870_0 .net "rst_i", 0 0, v0x60000114de60_0;  alias, 1 drivers
v0x60000114c900_0 .net "start_i", 0 0, v0x60000114def0_0;  alias, 1 drivers
E_0x600002d501b0/0 .event negedge, v0x60000114c870_0;
E_0x600002d501b0/1 .event posedge, v0x60000114c6c0_0;
E_0x600002d501b0 .event/or E_0x600002d501b0/0, E_0x600002d501b0/1;
S_0x7f8e461062a0 .scope module, "Registers" "Registers" 3 56, 11 1 0, S_0x7f8e46114e60;
 .timescale 0 0;
    .port_info 0 /INPUT 1 "clk_i";
    .port_info 1 /INPUT 5 "RS1addr_i";
    .port_info 2 /INPUT 5 "RS2addr_i";
    .port_info 3 /INPUT 5 "RDaddr_i";
    .port_info 4 /INPUT 32 "RDdata_i";
    .port_info 5 /INPUT 1 "RegWrite_i";
    .port_info 6 /OUTPUT 32 "RS1data_o";
    .port_info 7 /OUTPUT 32 "RS2data_o";
L_0x6000008455e0 .functor BUFZ 32, L_0x600001244820, C4<00000000000000000000000000000000>, C4<00000000000000000000000000000000>, C4<00000000000000000000000000000000>;
L_0x600000845650 .functor BUFZ 32, L_0x600001244960, C4<00000000000000000000000000000000>, C4<00000000000000000000000000000000>, C4<00000000000000000000000000000000>;
v0x60000114c990_0 .net "RDaddr_i", 4 0, L_0x600001244be0;  1 drivers
v0x60000114ca20_0 .net "RDdata_i", 31 0, L_0x600001245e00;  alias, 1 drivers
v0x60000114cab0_0 .net "RS1addr_i", 4 0, L_0x600001244aa0;  1 drivers
v0x60000114cb40_0 .net "RS1data_o", 31 0, L_0x6000008455e0;  alias, 1 drivers
v0x60000114cbd0_0 .net "RS2addr_i", 4 0, L_0x600001244b40;  1 drivers
v0x60000114cc60_0 .net "RS2data_o", 31 0, L_0x600000845650;  alias, 1 drivers
v0x60000114ccf0_0 .net "RegWrite_i", 0 0, L_0x7f8e460631b8;  alias, 1 drivers
v0x60000114cd80_0 .net *"_ivl_0", 31 0, L_0x600001244820;  1 drivers
v0x60000114ce10_0 .net *"_ivl_10", 6 0, L_0x600001244a00;  1 drivers
L_0x7f8e460632d8 .functor BUFT 1, C4<00>, C4<0>, C4<0>, C4<0>;
v0x60000114cea0_0 .net *"_ivl_13", 1 0, L_0x7f8e460632d8;  1 drivers
v0x60000114cf30_0 .net *"_ivl_2", 6 0, L_0x6000012448c0;  1 drivers
L_0x7f8e46063290 .functor BUFT 1, C4<00>, C4<0>, C4<0>, C4<0>;
v0x60000114cfc0_0 .net *"_ivl_5", 1 0, L_0x7f8e46063290;  1 drivers
v0x60000114d050_0 .net *"_ivl_8", 31 0, L_0x600001244960;  1 drivers
v0x60000114d0e0_0 .net "clk_i", 0 0, v0x60000114ddd0_0;  alias, 1 drivers
v0x60000114d170 .array/s "register", 31 0, 31 0;
E_0x600002d50210 .event posedge, v0x60000114c6c0_0;
L_0x600001244820 .array/port v0x60000114d170, L_0x6000012448c0;
L_0x6000012448c0 .concat [ 5 2 0 0], L_0x600001244aa0, L_0x7f8e46063290;
L_0x600001244960 .array/port v0x60000114d170, L_0x600001244a00;
L_0x600001244a00 .concat [ 5 2 0 0], L_0x600001244b40, L_0x7f8e460632d8;
S_0x7f8e46106410 .scope module, "Sign_Extend" "Sign_Extend" 3 74, 12 1 0, S_0x7f8e46114e60;
 .timescale 0 0;
    .port_info 0 /INPUT 12 "data_i";
    .port_info 1 /OUTPUT 32 "data_o";
v0x60000114d200_0 .net *"_ivl_1", 0 0, L_0x600001244e60;  1 drivers
v0x60000114d290_0 .net *"_ivl_2", 19 0, L_0x600001244f00;  1 drivers
v0x60000114d320_0 .net "data_i", 11 0, L_0x600001245040;  1 drivers
v0x60000114d3b0_0 .net "data_o", 31 0, L_0x600001244fa0;  alias, 1 drivers
L_0x600001244e60 .part L_0x600001245040, 11, 1;
LS_0x600001244f00_0_0 .concat [ 1 1 1 1], L_0x600001244e60, L_0x600001244e60, L_0x600001244e60, L_0x600001244e60;
LS_0x600001244f00_0_4 .concat [ 1 1 1 1], L_0x600001244e60, L_0x600001244e60, L_0x600001244e60, L_0x600001244e60;
LS_0x600001244f00_0_8 .concat [ 1 1 1 1], L_0x600001244e60, L_0x600001244e60, L_0x600001244e60, L_0x600001244e60;
LS_0x600001244f00_0_12 .concat [ 1 1 1 1], L_0x600001244e60, L_0x600001244e60, L_0x600001244e60, L_0x600001244e60;
LS_0x600001244f00_0_16 .concat [ 1 1 1 1], L_0x600001244e60, L_0x600001244e60, L_0x600001244e60, L_0x600001244e60;
LS_0x600001244f00_1_0 .concat [ 4 4 4 4], LS_0x600001244f00_0_0, LS_0x600001244f00_0_4, LS_0x600001244f00_0_8, LS_0x600001244f00_0_12;
LS_0x600001244f00_1_4 .concat [ 4 0 0 0], LS_0x600001244f00_0_16;
L_0x600001244f00 .concat [ 16 4 0 0], LS_0x600001244f00_1_0, LS_0x600001244f00_1_4;
L_0x600001244fa0 .concat [ 12 20 0 0], L_0x600001245040, L_0x600001244f00;
    .scope S_0x7f8e46106130;
T_0 ;
    %wait E_0x600002d501b0;
    %load/vec4 v0x60000114c870_0;
    %inv;
    %flag_set/vec4 8;
    %jmp/0xz  T_0.0, 8;
    %pushi/vec4 0, 0, 32;
    %assign/vec4 v0x60000114c7e0_0, 0;
    %jmp T_0.1;
T_0.0 ;
    %load/vec4 v0x60000114c900_0;
    %flag_set/vec4 8;
    %jmp/0xz  T_0.2, 8;
    %load/vec4 v0x60000114c750_0;
    %assign/vec4 v0x60000114c7e0_0, 0;
    %jmp T_0.3;
T_0.2 ;
    %load/vec4 v0x60000114c7e0_0;
    %assign/vec4 v0x60000114c7e0_0, 0;
T_0.3 ;
T_0.1 ;
    %jmp T_0;
    .thread T_0;
    .scope S_0x7f8e461062a0;
T_1 ;
    %wait E_0x600002d50210;
    %load/vec4 v0x60000114ccf0_0;
    %flag_set/vec4 8;
    %jmp/0xz  T_1.0, 8;
    %load/vec4 v0x60000114ca20_0;
    %load/vec4 v0x60000114c990_0;
    %pad/u 7;
    %ix/vec4 3;
    %ix/load 4, 0, 0; Constant delay
    %assign/vec4/a/d v0x60000114d170, 0, 4;
T_1.0 ;
    %jmp T_1;
    .thread T_1;
    .scope S_0x7f8e4610f410;
T_2 ;
    %delay 25, 0;
    %load/vec4 v0x60000114ddd0_0;
    %inv;
    %store/vec4 v0x60000114ddd0_0, 0, 1;
    %jmp T_2;
    .thread T_2;
    .scope S_0x7f8e4610f410;
T_3 ;
    %pushi/vec4 0, 0, 32;
    %store/vec4 v0x60000114df80_0, 0, 32;
    %pushi/vec4 0, 0, 32;
    %store/vec4 v0x60000114e010_0, 0, 32;
T_3.0 ;
    %load/vec4 v0x60000114e010_0;
    %cmpi/s 256, 0, 32;
    %jmp/0xz T_3.1, 5;
    %pushi/vec4 0, 0, 32;
    %ix/getv/s 4, v0x60000114e010_0;
    %store/vec4a v0x60000114c1b0, 4, 0;
    %load/vec4 v0x60000114e010_0;
    %addi 1, 0, 32;
    %store/vec4 v0x60000114e010_0, 0, 32;
    %jmp T_3.0;
T_3.1 ;
    %pushi/vec4 0, 0, 32;
    %store/vec4 v0x60000114e010_0, 0, 32;
T_3.2 ;
    %load/vec4 v0x60000114e010_0;
    %cmpi/s 32, 0, 32;
    %jmp/0xz T_3.3, 5;
    %pushi/vec4 0, 0, 32;
    %ix/getv/s 4, v0x60000114e010_0;
    %store/vec4a v0x60000114d170, 4, 0;
    %load/vec4 v0x60000114e010_0;
    %addi 1, 0, 32;
    %store/vec4 v0x60000114e010_0, 0, 32;
    %jmp T_3.2;
T_3.3 ;
    %vpi_call 2 33 "$readmemb", "instruction.txt", v0x60000114c1b0 {0 0 0};
    %vpi_func 2 36 "$fopen" 32, "output.txt" {0 0 0};
    %pushi/vec4 1, 0, 32;
    %or;
    %store/vec4 v0x60000114e0a0_0, 0, 32;
    %pushi/vec4 0, 0, 1;
    %store/vec4 v0x60000114ddd0_0, 0, 1;
    %pushi/vec4 0, 0, 1;
    %store/vec4 v0x60000114de60_0, 0, 1;
    %pushi/vec4 0, 0, 1;
    %store/vec4 v0x60000114def0_0, 0, 1;
    %delay 12, 0;
    %pushi/vec4 1, 0, 1;
    %store/vec4 v0x60000114de60_0, 0, 1;
    %pushi/vec4 1, 0, 1;
    %store/vec4 v0x60000114def0_0, 0, 1;
    %end;
    .thread T_3;
    .scope S_0x7f8e4610f410;
T_4 ;
    %wait E_0x600002d50210;
    %load/vec4 v0x60000114df80_0;
    %cmpi/e 30, 0, 32;
    %jmp/0xz  T_4.0, 4;
    %vpi_call 2 51 "$finish" {0 0 0};
T_4.0 ;
    %vpi_call 2 54 "$fdisplay", v0x60000114e0a0_0, "PC = %d", v0x60000114c7e0_0 {0 0 0};
    %vpi_call 2 57 "$fdisplay", v0x60000114e0a0_0, "Registers" {0 0 0};
    %vpi_call 2 58 "$fdisplay", v0x60000114e0a0_0, "x0     = %d, x8(s0)  = %d, x16(a6) = %d, x24(s8)  = %d", &A<v0x60000114d170, 0>, &A<v0x60000114d170, 8>, &A<v0x60000114d170, 16>, &A<v0x60000114d170, 24> {0 0 0};
    %vpi_call 2 59 "$fdisplay", v0x60000114e0a0_0, "x1(ra) = %d, x9(s1)  = %d, x17(a7) = %d, x25(s9)  = %d", &A<v0x60000114d170, 1>, &A<v0x60000114d170, 9>, &A<v0x60000114d170, 17>, &A<v0x60000114d170, 25> {0 0 0};
    %vpi_call 2 60 "$fdisplay", v0x60000114e0a0_0, "x2(sp) = %d, x10(a0) = %d, x18(s2) = %d, x26(s10) = %d", &A<v0x60000114d170, 2>, &A<v0x60000114d170, 10>, &A<v0x60000114d170, 18>, &A<v0x60000114d170, 26> {0 0 0};
    %vpi_call 2 61 "$fdisplay", v0x60000114e0a0_0, "x3(gp) = %d, x11(a1) = %d, x19(s3) = %d, x27(s11) = %d", &A<v0x60000114d170, 3>, &A<v0x60000114d170, 11>, &A<v0x60000114d170, 19>, &A<v0x60000114d170, 27> {0 0 0};
    %vpi_call 2 62 "$fdisplay", v0x60000114e0a0_0, "x4(tp) = %d, x12(a2) = %d, x20(s4) = %d, x28(t3)  = %d", &A<v0x60000114d170, 4>, &A<v0x60000114d170, 12>, &A<v0x60000114d170, 20>, &A<v0x60000114d170, 28> {0 0 0};
    %vpi_call 2 63 "$fdisplay", v0x60000114e0a0_0, "x5(t0) = %d, x13(a3) = %d, x21(s5) = %d, x29(t4)  = %d", &A<v0x60000114d170, 5>, &A<v0x60000114d170, 13>, &A<v0x60000114d170, 21>, &A<v0x60000114d170, 29> {0 0 0};
    %vpi_call 2 64 "$fdisplay", v0x60000114e0a0_0, "x6(t1) = %d, x14(a4) = %d, x22(s6) = %d, x30(t5)  = %d", &A<v0x60000114d170, 6>, &A<v0x60000114d170, 14>, &A<v0x60000114d170, 22>, &A<v0x60000114d170, 30> {0 0 0};
    %vpi_call 2 65 "$fdisplay", v0x60000114e0a0_0, "x7(t2) = %d, x15(a5) = %d, x23(s7) = %d, x31(t6)  = %d", &A<v0x60000114d170, 7>, &A<v0x60000114d170, 15>, &A<v0x60000114d170, 23>, &A<v0x60000114d170, 31> {0 0 0};
    %vpi_call 2 67 "$fdisplay", v0x60000114e0a0_0, "\012" {0 0 0};
    %load/vec4 v0x60000114df80_0;
    %addi 1, 0, 32;
    %store/vec4 v0x60000114df80_0, 0, 32;
    %jmp T_4;
    .thread T_4;
# The file index is used to find the file name in the following table.
:file_names 13;
    "N/A";
    "<interactive>";
    "testbench.v";
    "CPU.v";
    "ALU.v";
    "ALU_Control.v";
    "Adder.v";
    "Control.v";
    "Instruction_Memory.v";
    "MUX32.v";
    "PC.v";
    "Registers.v";
    "Sign_Extend.v";
