#! /usr/local/Cellar/icarus-verilog/11.0/bin/vvp
:ivl_version "11.0 (stable)";
:ivl_delay_selection "TYPICAL";
:vpi_time_precision + 0;
:vpi_module "/usr/local/Cellar/icarus-verilog/11.0/lib/ivl/system.vpi";
:vpi_module "/usr/local/Cellar/icarus-verilog/11.0/lib/ivl/vhdl_sys.vpi";
:vpi_module "/usr/local/Cellar/icarus-verilog/11.0/lib/ivl/vhdl_textio.vpi";
:vpi_module "/usr/local/Cellar/icarus-verilog/11.0/lib/ivl/v2005_math.vpi";
:vpi_module "/usr/local/Cellar/icarus-verilog/11.0/lib/ivl/va_math.vpi";
S_0x7ff293906cc0 .scope module, "TestBench" "TestBench" 2 3;
 .timescale 0 0;
P_0x6000005d0980 .param/l "num_cycles" 0 2 10, +C4<00000000000000000000000001000000>;
v0x6000022fdb90_0 .var "Clk", 0 0;
v0x6000022fdc20_0 .var "Reset", 0 0;
v0x6000022fdcb0_0 .var "Start", 0 0;
v0x6000022fdd40_0 .var/i "counter", 31 0;
v0x6000022fddd0_0 .var/i "flush", 31 0;
v0x6000022fde60_0 .var/i "i", 31 0;
v0x6000022fdef0_0 .var/i "outfile", 31 0;
v0x6000022fdf80_0 .var/i "stall", 31 0;
S_0x7ff293906e30 .scope module, "CPU" "CPU" 2 14, 3 1 0, S_0x7ff293906cc0;
 .timescale 0 0;
    .port_info 0 /INPUT 1 "clk_i";
    .port_info 1 /INPUT 1 "rst_i";
    .port_info 2 /INPUT 1 "start_i";
P_0x6000005d1240 .param/l "four" 0 3 14, +C4<00000000000000000000000000000100>;
v0x6000022f3b10_0 .net "ALUCtrl", 2 0, L_0x6000021c57c0;  1 drivers
v0x6000022f3ba0_0 .net "ALUSrc1", 31 0, L_0x6000021dbd40;  1 drivers
v0x6000022f3c30_0 .net "ALUSrc2", 31 0, L_0x6000021c41e0;  1 drivers
v0x6000022f3cc0_0 .net "Branch", 0 0, L_0x6000021db700;  1 drivers
v0x6000022f3d50_0 .net "EX_ALUOp", 1 0, v0x6000022f5dd0_0;  1 drivers
v0x6000022f3de0_0 .net "EX_ALURet", 31 0, L_0x6000021c4d20;  1 drivers
v0x6000022f3e70_0 .net "EX_ALUSrc", 0 0, v0x6000022f5ef0_0;  1 drivers
v0x6000022f3f00_0 .net "EX_IMM", 31 0, v0x6000022f6760_0;  1 drivers
v0x6000022fc000_0 .net "EX_MemRead", 0 0, v0x6000022f6010_0;  1 drivers
v0x6000022fc090_0 .net "EX_MemWrite", 0 0, v0x6000022f6130_0;  1 drivers
v0x6000022fc120_0 .net "EX_MemtoReg", 0 0, v0x6000022f6250_0;  1 drivers
v0x6000022fc1b0_0 .net "EX_RS1data", 31 0, v0x6000022f6370_0;  1 drivers
v0x6000022fc240_0 .net "EX_RS2data", 31 0, v0x6000022f6490_0;  1 drivers
v0x6000022fc2d0_0 .net "EX_RegWrite", 0 0, v0x6000022f65b0_0;  1 drivers
v0x6000022fc360_0 .net "EX_WriteData", 31 0, L_0x6000021c4140;  1 drivers
v0x6000022fc3f0_0 .net "EX_instr", 31 0, v0x6000022f6880_0;  1 drivers
v0x6000022fc480_0 .net "Flush", 0 0, L_0x6000021db980;  1 drivers
v0x6000022fc510_0 .net "ForwardA", 1 0, L_0x6000021c6da0;  1 drivers
v0x6000022fc5a0_0 .net "ForwardB", 1 0, L_0x6000021c7520;  1 drivers
v0x6000022fc630_0 .net "ID_ALUOp", 1 0, L_0x6000021db0c0;  1 drivers
v0x6000022fc6c0_0 .net "ID_ALUSrc", 0 0, L_0x6000021db480;  1 drivers
v0x6000022fc750_0 .net "ID_IMM", 31 0, L_0x6000021da1c0;  1 drivers
v0x6000022fc7e0_0 .net "ID_MemRead", 0 0, L_0x6000021daa80;  1 drivers
v0x6000022fc870_0 .net "ID_MemWrite", 0 0, L_0x6000021dad00;  1 drivers
v0x6000022fc900_0 .net "ID_MemtoReg", 0 0, L_0x6000021da800;  1 drivers
v0x6000022fc990_0 .net "ID_RS1data", 31 0, L_0x6000021d85a0;  1 drivers
v0x6000022fca20_0 .net "ID_RS2data", 31 0, L_0x6000021d8820;  1 drivers
v0x6000022fcab0_0 .net "ID_RegWrite", 0 0, L_0x6000021da580;  1 drivers
v0x6000022fcb40_0 .net "ID_instr", 31 0, v0x6000022f6b50_0;  1 drivers
v0x6000022fcbd0_0 .net "ID_pc", 31 0, v0x6000022f6c70_0;  1 drivers
v0x6000022fcc60_0 .net "IF_instr", 31 0, L_0x600003bd1dc0;  1 drivers
v0x6000022fccf0_0 .net "IF_pc", 31 0, v0x6000022f2eb0_0;  1 drivers
v0x6000022fcd80_0 .net "IF_pc_4", 31 0, L_0x6000021d8000;  1 drivers
v0x6000022fce10_0 .net "IF_pc_imm", 31 0, L_0x6000021d80a0;  1 drivers
v0x6000022fcea0_0 .net "IF_pc_new", 31 0, L_0x6000021d8140;  1 drivers
v0x6000022fcf30_0 .net "MEM_ALURet", 31 0, v0x6000022c9c20_0;  1 drivers
v0x6000022fcfc0_0 .net "MEM_MemRead", 0 0, v0x6000022c9d40_0;  1 drivers
v0x6000022fd050_0 .net "MEM_MemReadData", 31 0, L_0x6000021c5c20;  1 drivers
v0x6000022fd0e0_0 .net "MEM_MemWrite", 0 0, v0x6000022c9e60_0;  1 drivers
v0x6000022fd170_0 .net "MEM_MemtoReg", 0 0, v0x6000022c9f80_0;  1 drivers
v0x6000022fd200_0 .net "MEM_RDaddr", 4 0, v0x6000022ca0a0_0;  1 drivers
v0x6000022fd290_0 .net "MEM_RegWrite", 0 0, v0x6000022ca1c0_0;  1 drivers
v0x6000022fd320_0 .net "MEM_WriteData", 31 0, v0x6000022ca2e0_0;  1 drivers
v0x6000022fd3b0_0 .net "NoOp", 0 0, L_0x6000021c6440;  1 drivers
v0x6000022fd440_0 .net "PCWrite", 0 0, L_0x6000021c5f40;  1 drivers
v0x6000022fd4d0_0 .net "Stall", 0 0, L_0x6000021c61c0;  1 drivers
v0x6000022fd560_0 .net "WB_ALURet", 31 0, v0x6000022f0ea0_0;  1 drivers
v0x6000022fd5f0_0 .net "WB_MemReadData", 31 0, v0x6000022f1200_0;  1 drivers
v0x6000022fd680_0 .net "WB_MemtoReg", 0 0, v0x6000022f0fc0_0;  1 drivers
v0x6000022fd710_0 .net "WB_RDaddr", 4 0, v0x6000022f10e0_0;  1 drivers
v0x6000022fd7a0_0 .net "WB_RDdata", 31 0, L_0x6000021c5cc0;  1 drivers
v0x6000022fd830_0 .net "WB_RegWrite", 0 0, v0x6000022f1320_0;  1 drivers
v0x6000022fd8c0_0 .net *"_ivl_11", 2 0, L_0x6000021c5900;  1 drivers
v0x6000022fd950_0 .net *"_ivl_9", 6 0, L_0x6000021c5860;  1 drivers
v0x6000022fd9e0_0 .net "clk_i", 0 0, v0x6000022fdb90_0;  1 drivers
v0x6000022fda70_0 .net "rst_i", 0 0, v0x6000022fdc20_0;  1 drivers
v0x6000022fdb00_0 .net "start_i", 0 0, v0x6000022fdcb0_0;  1 drivers
L_0x6000021d88c0 .part v0x6000022f6b50_0, 15, 5;
L_0x6000021d8960 .part v0x6000022f6b50_0, 20, 5;
L_0x6000021db7a0 .part v0x6000022f6b50_0, 0, 7;
L_0x6000021c5860 .part v0x6000022f6880_0, 25, 7;
L_0x6000021c5900 .part v0x6000022f6880_0, 12, 3;
L_0x6000021c59a0 .concat [ 3 7 0 0], L_0x6000021c5900, L_0x6000021c5860;
L_0x6000021c64e0 .part v0x6000022f6b50_0, 15, 5;
L_0x6000021c6580 .part v0x6000022f6b50_0, 20, 5;
L_0x6000021c6620 .part v0x6000022f6880_0, 7, 5;
L_0x6000021c75c0 .part v0x6000022f6880_0, 15, 5;
L_0x6000021c7660 .part v0x6000022f6880_0, 20, 5;
L_0x6000021c7700 .part v0x6000022f6880_0, 7, 5;
S_0x7ff293905880 .scope module, "ALU" "ALU" 3 173, 4 1 0, S_0x7ff293906e30;
 .timescale 0 0;
    .port_info 0 /INPUT 32 "data1_i";
    .port_info 1 /INPUT 32 "data2_i";
    .port_info 2 /INPUT 3 "ALUCtrl_i";
    .port_info 3 /OUTPUT 32 "data_o";
    .port_info 4 /NODIR 0 "";
L_0x600003bd2290 .functor AND 32, L_0x6000021dbd40, L_0x6000021c41e0, C4<11111111111111111111111111111111>, C4<11111111111111111111111111111111>;
L_0x600003bd2300 .functor XOR 32, L_0x6000021dbd40, L_0x6000021c41e0, C4<00000000000000000000000000000000>, C4<00000000000000000000000000000000>;
v0x6000022d0120_0 .net "ALUCtrl_i", 2 0, L_0x6000021c57c0;  alias, 1 drivers
L_0x7ff293873f38 .functor BUFT 1, C4<000>, C4<0>, C4<0>, C4<0>;
v0x6000022d01b0_0 .net/2u *"_ivl_0", 2 0, L_0x7ff293873f38;  1 drivers
v0x6000022d0240_0 .net *"_ivl_10", 31 0, L_0x6000021c4460;  1 drivers
L_0x7ff293873fc8 .functor BUFT 1, C4<010>, C4<0>, C4<0>, C4<0>;
v0x6000022d02d0_0 .net/2u *"_ivl_12", 2 0, L_0x7ff293873fc8;  1 drivers
v0x6000022d0360_0 .net *"_ivl_14", 0 0, L_0x6000021c4500;  1 drivers
v0x6000022d03f0_0 .net *"_ivl_17", 31 0, L_0x6000021c45a0;  1 drivers
L_0x7ff293874010 .functor BUFT 1, C4<011>, C4<0>, C4<0>, C4<0>;
v0x6000022d0480_0 .net/2u *"_ivl_18", 2 0, L_0x7ff293874010;  1 drivers
v0x6000022d0510_0 .net *"_ivl_2", 0 0, L_0x6000021c4280;  1 drivers
v0x6000022d05a0_0 .net *"_ivl_20", 0 0, L_0x6000021c4640;  1 drivers
v0x6000022d0630_0 .net *"_ivl_22", 31 0, L_0x600003bd2290;  1 drivers
L_0x7ff293874058 .functor BUFT 1, C4<100>, C4<0>, C4<0>, C4<0>;
v0x6000022d06c0_0 .net/2u *"_ivl_24", 2 0, L_0x7ff293874058;  1 drivers
v0x6000022d0750_0 .net *"_ivl_26", 0 0, L_0x6000021c46e0;  1 drivers
v0x6000022d07e0_0 .net *"_ivl_28", 31 0, L_0x600003bd2300;  1 drivers
L_0x7ff2938740a0 .functor BUFT 1, C4<101>, C4<0>, C4<0>, C4<0>;
v0x6000022d0870_0 .net/2u *"_ivl_30", 2 0, L_0x7ff2938740a0;  1 drivers
v0x6000022d0900_0 .net *"_ivl_32", 0 0, L_0x6000021c4780;  1 drivers
v0x6000022d0990_0 .net *"_ivl_34", 31 0, L_0x6000021c4820;  1 drivers
v0x6000022d0a20_0 .net *"_ivl_37", 4 0, L_0x6000021c48c0;  1 drivers
v0x6000022d0ab0_0 .net *"_ivl_38", 31 0, L_0x6000021c4960;  1 drivers
v0x6000022d0b40_0 .net *"_ivl_4", 31 0, L_0x6000021c4320;  1 drivers
v0x6000022d0bd0_0 .net *"_ivl_40", 31 0, L_0x6000021c4a00;  1 drivers
v0x6000022d0c60_0 .net *"_ivl_42", 31 0, L_0x6000021c4aa0;  1 drivers
v0x6000022d0cf0_0 .net *"_ivl_44", 31 0, L_0x6000021c4b40;  1 drivers
v0x6000022d0d80_0 .net *"_ivl_46", 31 0, L_0x6000021c4be0;  1 drivers
v0x6000022d0e10_0 .net *"_ivl_48", 31 0, L_0x6000021c4c80;  1 drivers
L_0x7ff293873f80 .functor BUFT 1, C4<001>, C4<0>, C4<0>, C4<0>;
v0x6000022d0ea0_0 .net/2u *"_ivl_6", 2 0, L_0x7ff293873f80;  1 drivers
v0x6000022d0f30_0 .net *"_ivl_8", 0 0, L_0x6000021c43c0;  1 drivers
v0x6000022d0fc0_0 .net "data1_i", 31 0, L_0x6000021dbd40;  alias, 1 drivers
v0x6000022d1050_0 .net "data2_i", 31 0, L_0x6000021c41e0;  alias, 1 drivers
v0x6000022d10e0_0 .net "data_o", 31 0, L_0x6000021c4d20;  alias, 1 drivers
L_0x6000021c4280 .cmp/eq 3, L_0x6000021c57c0, L_0x7ff293873f38;
L_0x6000021c4320 .arith/sum 32, L_0x6000021dbd40, L_0x6000021c41e0;
L_0x6000021c43c0 .cmp/eq 3, L_0x6000021c57c0, L_0x7ff293873f80;
L_0x6000021c4460 .arith/sub 32, L_0x6000021dbd40, L_0x6000021c41e0;
L_0x6000021c4500 .cmp/eq 3, L_0x6000021c57c0, L_0x7ff293873fc8;
L_0x6000021c45a0 .arith/mult 32, L_0x6000021dbd40, L_0x6000021c41e0;
L_0x6000021c4640 .cmp/eq 3, L_0x6000021c57c0, L_0x7ff293874010;
L_0x6000021c46e0 .cmp/eq 3, L_0x6000021c57c0, L_0x7ff293874058;
L_0x6000021c4780 .cmp/eq 3, L_0x6000021c57c0, L_0x7ff2938740a0;
L_0x6000021c4820 .shift/l 32, L_0x6000021dbd40, L_0x6000021c41e0;
L_0x6000021c48c0 .part L_0x6000021c41e0, 0, 5;
L_0x6000021c4960 .shift/r 32, L_0x6000021dbd40, L_0x6000021c48c0;
L_0x6000021c4a00 .functor MUXZ 32, L_0x6000021c4960, L_0x6000021c4820, L_0x6000021c4780, C4<>;
L_0x6000021c4aa0 .functor MUXZ 32, L_0x6000021c4a00, L_0x600003bd2300, L_0x6000021c46e0, C4<>;
L_0x6000021c4b40 .functor MUXZ 32, L_0x6000021c4aa0, L_0x600003bd2290, L_0x6000021c4640, C4<>;
L_0x6000021c4be0 .functor MUXZ 32, L_0x6000021c4b40, L_0x6000021c45a0, L_0x6000021c4500, C4<>;
L_0x6000021c4c80 .functor MUXZ 32, L_0x6000021c4be0, L_0x6000021c4460, L_0x6000021c43c0, C4<>;
L_0x6000021c4d20 .functor MUXZ 32, L_0x6000021c4c80, L_0x6000021c4320, L_0x6000021c4280, C4<>;
S_0x7ff2939059f0 .scope module, "ALU_Control" "ALU_Control" 3 180, 5 1 0, S_0x7ff293906e30;
 .timescale 0 0;
    .port_info 0 /INPUT 10 "funct_i";
    .port_info 1 /INPUT 2 "ALUOp_i";
    .port_info 2 /OUTPUT 3 "ALUCtrl_o";
v0x6000022d1170_0 .net "ALUCtrl_o", 2 0, L_0x6000021c57c0;  alias, 1 drivers
v0x6000022d1200_0 .net "ALUOp_i", 1 0, v0x6000022f5dd0_0;  alias, 1 drivers
L_0x7ff2938740e8 .functor BUFT 1, C4<00>, C4<0>, C4<0>, C4<0>;
v0x6000022d1290_0 .net/2u *"_ivl_0", 1 0, L_0x7ff2938740e8;  1 drivers
L_0x7ff2938741c0 .functor BUFT 1, C4<0100000000>, C4<0>, C4<0>, C4<0>;
v0x6000022d1320_0 .net/2u *"_ivl_10", 9 0, L_0x7ff2938741c0;  1 drivers
v0x6000022d13b0_0 .net *"_ivl_12", 0 0, L_0x6000021c4f00;  1 drivers
L_0x7ff293874208 .functor BUFT 1, C4<001>, C4<0>, C4<0>, C4<0>;
v0x6000022d1440_0 .net/2u *"_ivl_14", 2 0, L_0x7ff293874208;  1 drivers
L_0x7ff293874250 .functor BUFT 1, C4<0000001000>, C4<0>, C4<0>, C4<0>;
v0x6000022d14d0_0 .net/2u *"_ivl_16", 9 0, L_0x7ff293874250;  1 drivers
v0x6000022d1560_0 .net *"_ivl_18", 0 0, L_0x6000021c4fa0;  1 drivers
v0x6000022d15f0_0 .net *"_ivl_2", 0 0, L_0x6000021c4dc0;  1 drivers
L_0x7ff293874298 .functor BUFT 1, C4<010>, C4<0>, C4<0>, C4<0>;
v0x6000022d1680_0 .net/2u *"_ivl_20", 2 0, L_0x7ff293874298;  1 drivers
L_0x7ff2938742e0 .functor BUFT 1, C4<0000000111>, C4<0>, C4<0>, C4<0>;
v0x6000022d1710_0 .net/2u *"_ivl_22", 9 0, L_0x7ff2938742e0;  1 drivers
v0x6000022d17a0_0 .net *"_ivl_24", 0 0, L_0x6000021c5040;  1 drivers
L_0x7ff293874328 .functor BUFT 1, C4<011>, C4<0>, C4<0>, C4<0>;
v0x6000022d1830_0 .net/2u *"_ivl_26", 2 0, L_0x7ff293874328;  1 drivers
L_0x7ff293874370 .functor BUFT 1, C4<0000000100>, C4<0>, C4<0>, C4<0>;
v0x6000022d18c0_0 .net/2u *"_ivl_28", 9 0, L_0x7ff293874370;  1 drivers
v0x6000022d1950_0 .net *"_ivl_30", 0 0, L_0x6000021c50e0;  1 drivers
L_0x7ff2938743b8 .functor BUFT 1, C4<100>, C4<0>, C4<0>, C4<0>;
v0x6000022d19e0_0 .net/2u *"_ivl_32", 2 0, L_0x7ff2938743b8;  1 drivers
L_0x7ff293874400 .functor BUFT 1, C4<101>, C4<0>, C4<0>, C4<0>;
v0x6000022d1a70_0 .net/2u *"_ivl_34", 2 0, L_0x7ff293874400;  1 drivers
v0x6000022d1b00_0 .net *"_ivl_36", 2 0, L_0x6000021c5180;  1 drivers
v0x6000022d1b90_0 .net *"_ivl_38", 2 0, L_0x6000021c5220;  1 drivers
L_0x7ff293874130 .functor BUFT 1, C4<0000000000>, C4<0>, C4<0>, C4<0>;
v0x6000022d1c20_0 .net/2u *"_ivl_4", 9 0, L_0x7ff293874130;  1 drivers
v0x6000022d1cb0_0 .net *"_ivl_40", 2 0, L_0x6000021c52c0;  1 drivers
v0x6000022d1d40_0 .net *"_ivl_42", 2 0, L_0x6000021c5360;  1 drivers
v0x6000022d1dd0_0 .net *"_ivl_44", 2 0, L_0x6000021c5400;  1 drivers
L_0x7ff293874448 .functor BUFT 1, C4<01>, C4<0>, C4<0>, C4<0>;
v0x6000022d1e60_0 .net/2u *"_ivl_46", 1 0, L_0x7ff293874448;  1 drivers
v0x6000022d1ef0_0 .net *"_ivl_48", 0 0, L_0x6000021c54a0;  1 drivers
v0x6000022d1f80_0 .net *"_ivl_51", 2 0, L_0x6000021c5540;  1 drivers
L_0x7ff293874490 .functor BUFT 1, C4<000>, C4<0>, C4<0>, C4<0>;
v0x6000022d2010_0 .net/2u *"_ivl_52", 2 0, L_0x7ff293874490;  1 drivers
v0x6000022d20a0_0 .net *"_ivl_54", 0 0, L_0x6000021c55e0;  1 drivers
L_0x7ff2938744d8 .functor BUFT 1, C4<000>, C4<0>, C4<0>, C4<0>;
v0x6000022d2130_0 .net/2u *"_ivl_56", 2 0, L_0x7ff2938744d8;  1 drivers
L_0x7ff293874520 .functor BUFT 1, C4<110>, C4<0>, C4<0>, C4<0>;
v0x6000022d21c0_0 .net/2u *"_ivl_58", 2 0, L_0x7ff293874520;  1 drivers
v0x6000022d2250_0 .net *"_ivl_6", 0 0, L_0x6000021c4e60;  1 drivers
v0x6000022d22e0_0 .net *"_ivl_60", 2 0, L_0x6000021c5680;  1 drivers
L_0x7ff293874568 .functor BUFT 1, C4<000>, C4<0>, C4<0>, C4<0>;
v0x6000022d2370_0 .net/2u *"_ivl_62", 2 0, L_0x7ff293874568;  1 drivers
v0x6000022d2400_0 .net *"_ivl_64", 2 0, L_0x6000021c5720;  1 drivers
L_0x7ff293874178 .functor BUFT 1, C4<000>, C4<0>, C4<0>, C4<0>;
v0x6000022d2490_0 .net/2u *"_ivl_8", 2 0, L_0x7ff293874178;  1 drivers
v0x6000022d2520_0 .net "funct_i", 9 0, L_0x6000021c59a0;  1 drivers
L_0x6000021c4dc0 .cmp/eq 2, v0x6000022f5dd0_0, L_0x7ff2938740e8;
L_0x6000021c4e60 .cmp/eq 10, L_0x6000021c59a0, L_0x7ff293874130;
L_0x6000021c4f00 .cmp/eq 10, L_0x6000021c59a0, L_0x7ff2938741c0;
L_0x6000021c4fa0 .cmp/eq 10, L_0x6000021c59a0, L_0x7ff293874250;
L_0x6000021c5040 .cmp/eq 10, L_0x6000021c59a0, L_0x7ff2938742e0;
L_0x6000021c50e0 .cmp/eq 10, L_0x6000021c59a0, L_0x7ff293874370;
L_0x6000021c5180 .functor MUXZ 3, L_0x7ff293874400, L_0x7ff2938743b8, L_0x6000021c50e0, C4<>;
L_0x6000021c5220 .functor MUXZ 3, L_0x6000021c5180, L_0x7ff293874328, L_0x6000021c5040, C4<>;
L_0x6000021c52c0 .functor MUXZ 3, L_0x6000021c5220, L_0x7ff293874298, L_0x6000021c4fa0, C4<>;
L_0x6000021c5360 .functor MUXZ 3, L_0x6000021c52c0, L_0x7ff293874208, L_0x6000021c4f00, C4<>;
L_0x6000021c5400 .functor MUXZ 3, L_0x6000021c5360, L_0x7ff293874178, L_0x6000021c4e60, C4<>;
L_0x6000021c54a0 .cmp/eq 2, v0x6000022f5dd0_0, L_0x7ff293874448;
L_0x6000021c5540 .part L_0x6000021c59a0, 0, 3;
L_0x6000021c55e0 .cmp/eq 3, L_0x6000021c5540, L_0x7ff293874490;
L_0x6000021c5680 .functor MUXZ 3, L_0x7ff293874520, L_0x7ff2938744d8, L_0x6000021c55e0, C4<>;
L_0x6000021c5720 .functor MUXZ 3, L_0x7ff293874568, L_0x6000021c5680, L_0x6000021c54a0, C4<>;
L_0x6000021c57c0 .functor MUXZ 3, L_0x6000021c5720, L_0x6000021c5400, L_0x6000021c4dc0, C4<>;
S_0x7ff293904820 .scope module, "Add_4" "Adder" 3 89, 6 1 0, S_0x7ff293906e30;
 .timescale 0 0;
    .port_info 0 /INPUT 32 "data1_in";
    .port_info 1 /INPUT 32 "data2_in";
    .port_info 2 /OUTPUT 32 "data_o";
v0x6000022d25b0_0 .net "data1_in", 31 0, v0x6000022f2eb0_0;  alias, 1 drivers
L_0x7ff293873008 .functor BUFT 1, C4<00000000000000000000000000000100>, C4<0>, C4<0>, C4<0>;
v0x6000022d2640_0 .net "data2_in", 31 0, L_0x7ff293873008;  1 drivers
v0x6000022d26d0_0 .net "data_o", 31 0, L_0x6000021d8000;  alias, 1 drivers
L_0x6000021d8000 .arith/sum 32, v0x6000022f2eb0_0, L_0x7ff293873008;
S_0x7ff293904990 .scope module, "Add_imm" "Adder" 3 95, 6 1 0, S_0x7ff293906e30;
 .timescale 0 0;
    .port_info 0 /INPUT 32 "data1_in";
    .port_info 1 /INPUT 32 "data2_in";
    .port_info 2 /OUTPUT 32 "data_o";
v0x6000022d2760_0 .net "data1_in", 31 0, v0x6000022f6c70_0;  alias, 1 drivers
v0x6000022d27f0_0 .net "data2_in", 31 0, L_0x6000021da1c0;  alias, 1 drivers
v0x6000022d2880_0 .net "data_o", 31 0, L_0x6000021d80a0;  alias, 1 drivers
L_0x6000021d80a0 .arith/sum 32, v0x6000022f6c70_0, L_0x6000021da1c0;
S_0x7ff293904b00 .scope module, "Control" "Control" 3 129, 7 1 0, S_0x7ff293906e30;
 .timescale 0 0;
    .port_info 0 /INPUT 7 "Op_i";
    .port_info 1 /INPUT 1 "NoOp_i";
    .port_info 2 /OUTPUT 1 "RegWrite_o";
    .port_info 3 /OUTPUT 1 "MemtoReg_o";
    .port_info 4 /OUTPUT 1 "MemRead_o";
    .port_info 5 /OUTPUT 1 "MemWrite_o";
    .port_info 6 /OUTPUT 2 "ALUOp_o";
    .port_info 7 /OUTPUT 1 "ALUSrc_o";
    .port_info 8 /OUTPUT 1 "Branch_o";
L_0x600003bd1ff0 .functor OR 1, L_0x6000021da260, L_0x6000021da300, C4<0>, C4<0>;
L_0x600003bd2060 .functor OR 1, L_0x600003bd1ff0, L_0x6000021da3a0, C4<0>, C4<0>;
L_0x600003bd20d0 .functor OR 1, L_0x6000021c6440, L_0x6000021dada0, C4<0>, C4<0>;
L_0x600003bd2140 .functor OR 1, L_0x6000021db160, L_0x6000021db200, C4<0>, C4<0>;
L_0x600003bd21b0 .functor OR 1, L_0x600003bd2140, L_0x6000021db2a0, C4<0>, C4<0>;
v0x6000022d2910_0 .net "ALUOp_o", 1 0, L_0x6000021db0c0;  alias, 1 drivers
v0x6000022d29a0_0 .net "ALUSrc_o", 0 0, L_0x6000021db480;  alias, 1 drivers
v0x6000022d2a30_0 .net "Branch_o", 0 0, L_0x6000021db700;  alias, 1 drivers
v0x6000022d2ac0_0 .net "MemRead_o", 0 0, L_0x6000021daa80;  alias, 1 drivers
v0x6000022d2b50_0 .net "MemWrite_o", 0 0, L_0x6000021dad00;  alias, 1 drivers
v0x6000022d2be0_0 .net "MemtoReg_o", 0 0, L_0x6000021da800;  alias, 1 drivers
v0x6000022d2c70_0 .net "NoOp_i", 0 0, L_0x6000021c6440;  alias, 1 drivers
v0x6000022d2d00_0 .net "Op_i", 6 0, L_0x6000021db7a0;  1 drivers
v0x6000022d2d90_0 .net "RegWrite_o", 0 0, L_0x6000021da580;  alias, 1 drivers
L_0x7ff293873320 .functor BUFT 1, C4<00>, C4<0>, C4<0>, C4<0>;
v0x6000022d2e20_0 .net/2s *"_ivl_0", 1 0, L_0x7ff293873320;  1 drivers
v0x6000022d2eb0_0 .net *"_ivl_100", 1 0, L_0x6000021db020;  1 drivers
L_0x7ff293873a28 .functor BUFT 1, C4<00>, C4<0>, C4<0>, C4<0>;
v0x6000022d2f40_0 .net/2s *"_ivl_104", 1 0, L_0x7ff293873a28;  1 drivers
L_0x7ff293873a70 .functor BUFT 1, C4<0010011>, C4<0>, C4<0>, C4<0>;
v0x6000022d2fd0_0 .net/2u *"_ivl_106", 6 0, L_0x7ff293873a70;  1 drivers
v0x6000022d3060_0 .net *"_ivl_108", 0 0, L_0x6000021db160;  1 drivers
v0x6000022d30f0_0 .net *"_ivl_11", 0 0, L_0x600003bd1ff0;  1 drivers
L_0x7ff293873ab8 .functor BUFT 1, C4<0000011>, C4<0>, C4<0>, C4<0>;
v0x6000022d3180_0 .net/2u *"_ivl_110", 6 0, L_0x7ff293873ab8;  1 drivers
v0x6000022d3210_0 .net *"_ivl_112", 0 0, L_0x6000021db200;  1 drivers
v0x6000022d32a0_0 .net *"_ivl_115", 0 0, L_0x600003bd2140;  1 drivers
L_0x7ff293873b00 .functor BUFT 1, C4<0100011>, C4<0>, C4<0>, C4<0>;
v0x6000022d3330_0 .net/2u *"_ivl_116", 6 0, L_0x7ff293873b00;  1 drivers
v0x6000022d33c0_0 .net *"_ivl_118", 0 0, L_0x6000021db2a0;  1 drivers
L_0x7ff2938733f8 .functor BUFT 1, C4<0000011>, C4<0>, C4<0>, C4<0>;
v0x6000022d3450_0 .net/2u *"_ivl_12", 6 0, L_0x7ff2938733f8;  1 drivers
v0x6000022d34e0_0 .net *"_ivl_121", 0 0, L_0x600003bd21b0;  1 drivers
L_0x7ff293873b48 .functor BUFT 1, C4<01>, C4<0>, C4<0>, C4<0>;
v0x6000022d3570_0 .net/2s *"_ivl_122", 1 0, L_0x7ff293873b48;  1 drivers
L_0x7ff293873b90 .functor BUFT 1, C4<00>, C4<0>, C4<0>, C4<0>;
v0x6000022d3600_0 .net/2s *"_ivl_124", 1 0, L_0x7ff293873b90;  1 drivers
v0x6000022d3690_0 .net *"_ivl_126", 1 0, L_0x6000021db340;  1 drivers
v0x6000022d3720_0 .net *"_ivl_128", 1 0, L_0x6000021db3e0;  1 drivers
L_0x7ff293873bd8 .functor BUFT 1, C4<00>, C4<0>, C4<0>, C4<0>;
v0x6000022d37b0_0 .net/2s *"_ivl_132", 1 0, L_0x7ff293873bd8;  1 drivers
L_0x7ff293873c20 .functor BUFT 1, C4<1100011>, C4<0>, C4<0>, C4<0>;
v0x6000022d3840_0 .net/2u *"_ivl_134", 6 0, L_0x7ff293873c20;  1 drivers
v0x6000022d38d0_0 .net *"_ivl_136", 0 0, L_0x6000021db520;  1 drivers
L_0x7ff293873c68 .functor BUFT 1, C4<01>, C4<0>, C4<0>, C4<0>;
v0x6000022d3960_0 .net/2s *"_ivl_138", 1 0, L_0x7ff293873c68;  1 drivers
v0x6000022d39f0_0 .net *"_ivl_14", 0 0, L_0x6000021da3a0;  1 drivers
L_0x7ff293873cb0 .functor BUFT 1, C4<00>, C4<0>, C4<0>, C4<0>;
v0x6000022d3a80_0 .net/2s *"_ivl_140", 1 0, L_0x7ff293873cb0;  1 drivers
v0x6000022d3b10_0 .net *"_ivl_142", 1 0, L_0x6000021db5c0;  1 drivers
v0x6000022d3ba0_0 .net *"_ivl_144", 1 0, L_0x6000021db660;  1 drivers
v0x6000022d3c30_0 .net *"_ivl_17", 0 0, L_0x600003bd2060;  1 drivers
L_0x7ff293873440 .functor BUFT 1, C4<01>, C4<0>, C4<0>, C4<0>;
v0x6000022d3cc0_0 .net/2s *"_ivl_18", 1 0, L_0x7ff293873440;  1 drivers
L_0x7ff293873368 .functor BUFT 1, C4<0110011>, C4<0>, C4<0>, C4<0>;
v0x6000022d3d50_0 .net/2u *"_ivl_2", 6 0, L_0x7ff293873368;  1 drivers
L_0x7ff293873488 .functor BUFT 1, C4<00>, C4<0>, C4<0>, C4<0>;
v0x6000022d3de0_0 .net/2s *"_ivl_20", 1 0, L_0x7ff293873488;  1 drivers
v0x6000022d3e70_0 .net *"_ivl_22", 1 0, L_0x6000021da440;  1 drivers
v0x6000022d3f00_0 .net *"_ivl_24", 1 0, L_0x6000021da4e0;  1 drivers
L_0x7ff2938734d0 .functor BUFT 1, C4<00>, C4<0>, C4<0>, C4<0>;
v0x6000022c8000_0 .net/2s *"_ivl_28", 1 0, L_0x7ff2938734d0;  1 drivers
L_0x7ff293873518 .functor BUFT 1, C4<0000011>, C4<0>, C4<0>, C4<0>;
v0x6000022c8090_0 .net/2u *"_ivl_30", 6 0, L_0x7ff293873518;  1 drivers
v0x6000022c8120_0 .net *"_ivl_32", 0 0, L_0x6000021da620;  1 drivers
L_0x7ff293873560 .functor BUFT 1, C4<01>, C4<0>, C4<0>, C4<0>;
v0x6000022c81b0_0 .net/2s *"_ivl_34", 1 0, L_0x7ff293873560;  1 drivers
L_0x7ff2938735a8 .functor BUFT 1, C4<00>, C4<0>, C4<0>, C4<0>;
v0x6000022c8240_0 .net/2s *"_ivl_36", 1 0, L_0x7ff2938735a8;  1 drivers
v0x6000022c82d0_0 .net *"_ivl_38", 1 0, L_0x6000021da6c0;  1 drivers
v0x6000022c8360_0 .net *"_ivl_4", 0 0, L_0x6000021da260;  1 drivers
v0x6000022c83f0_0 .net *"_ivl_40", 1 0, L_0x6000021da760;  1 drivers
L_0x7ff2938735f0 .functor BUFT 1, C4<00>, C4<0>, C4<0>, C4<0>;
v0x6000022c8480_0 .net/2s *"_ivl_44", 1 0, L_0x7ff2938735f0;  1 drivers
L_0x7ff293873638 .functor BUFT 1, C4<0000011>, C4<0>, C4<0>, C4<0>;
v0x6000022c8510_0 .net/2u *"_ivl_46", 6 0, L_0x7ff293873638;  1 drivers
v0x6000022c85a0_0 .net *"_ivl_48", 0 0, L_0x6000021da8a0;  1 drivers
L_0x7ff293873680 .functor BUFT 1, C4<01>, C4<0>, C4<0>, C4<0>;
v0x6000022c8630_0 .net/2s *"_ivl_50", 1 0, L_0x7ff293873680;  1 drivers
L_0x7ff2938736c8 .functor BUFT 1, C4<00>, C4<0>, C4<0>, C4<0>;
v0x6000022c86c0_0 .net/2s *"_ivl_52", 1 0, L_0x7ff2938736c8;  1 drivers
v0x6000022c8750_0 .net *"_ivl_54", 1 0, L_0x6000021da940;  1 drivers
v0x6000022c87e0_0 .net *"_ivl_56", 1 0, L_0x6000021da9e0;  1 drivers
L_0x7ff2938733b0 .functor BUFT 1, C4<0010011>, C4<0>, C4<0>, C4<0>;
v0x6000022c8870_0 .net/2u *"_ivl_6", 6 0, L_0x7ff2938733b0;  1 drivers
L_0x7ff293873710 .functor BUFT 1, C4<00>, C4<0>, C4<0>, C4<0>;
v0x6000022c8900_0 .net/2s *"_ivl_60", 1 0, L_0x7ff293873710;  1 drivers
L_0x7ff293873758 .functor BUFT 1, C4<0100011>, C4<0>, C4<0>, C4<0>;
v0x6000022c8990_0 .net/2u *"_ivl_62", 6 0, L_0x7ff293873758;  1 drivers
v0x6000022c8a20_0 .net *"_ivl_64", 0 0, L_0x6000021dab20;  1 drivers
L_0x7ff2938737a0 .functor BUFT 1, C4<01>, C4<0>, C4<0>, C4<0>;
v0x6000022c8ab0_0 .net/2s *"_ivl_66", 1 0, L_0x7ff2938737a0;  1 drivers
L_0x7ff2938737e8 .functor BUFT 1, C4<00>, C4<0>, C4<0>, C4<0>;
v0x6000022c8b40_0 .net/2s *"_ivl_68", 1 0, L_0x7ff2938737e8;  1 drivers
v0x6000022c8bd0_0 .net *"_ivl_70", 1 0, L_0x6000021dabc0;  1 drivers
v0x6000022c8c60_0 .net *"_ivl_72", 1 0, L_0x6000021dac60;  1 drivers
L_0x7ff293873830 .functor BUFT 1, C4<0110011>, C4<0>, C4<0>, C4<0>;
v0x6000022c8cf0_0 .net/2u *"_ivl_76", 6 0, L_0x7ff293873830;  1 drivers
v0x6000022c8d80_0 .net *"_ivl_78", 0 0, L_0x6000021dada0;  1 drivers
v0x6000022c8e10_0 .net *"_ivl_8", 0 0, L_0x6000021da300;  1 drivers
v0x6000022c8ea0_0 .net *"_ivl_81", 0 0, L_0x600003bd20d0;  1 drivers
L_0x7ff293873878 .functor BUFT 1, C4<00>, C4<0>, C4<0>, C4<0>;
v0x6000022c8f30_0 .net/2u *"_ivl_82", 1 0, L_0x7ff293873878;  1 drivers
L_0x7ff2938738c0 .functor BUFT 1, C4<0010011>, C4<0>, C4<0>, C4<0>;
v0x6000022c8fc0_0 .net/2u *"_ivl_84", 6 0, L_0x7ff2938738c0;  1 drivers
v0x6000022c9050_0 .net *"_ivl_86", 0 0, L_0x6000021daee0;  1 drivers
L_0x7ff293873908 .functor BUFT 1, C4<01>, C4<0>, C4<0>, C4<0>;
v0x6000022c90e0_0 .net/2u *"_ivl_88", 1 0, L_0x7ff293873908;  1 drivers
L_0x7ff293873950 .functor BUFT 1, C4<0000011>, C4<0>, C4<0>, C4<0>;
v0x6000022c9170_0 .net/2u *"_ivl_90", 6 0, L_0x7ff293873950;  1 drivers
v0x6000022c9200_0 .net *"_ivl_92", 0 0, L_0x6000021daf80;  1 drivers
L_0x7ff293873998 .functor BUFT 1, C4<10>, C4<0>, C4<0>, C4<0>;
v0x6000022c9290_0 .net/2u *"_ivl_94", 1 0, L_0x7ff293873998;  1 drivers
L_0x7ff2938739e0 .functor BUFT 1, C4<11>, C4<0>, C4<0>, C4<0>;
v0x6000022c9320_0 .net/2u *"_ivl_96", 1 0, L_0x7ff2938739e0;  1 drivers
v0x6000022c93b0_0 .net *"_ivl_98", 1 0, L_0x6000021dae40;  1 drivers
L_0x6000021da260 .cmp/eq 7, L_0x6000021db7a0, L_0x7ff293873368;
L_0x6000021da300 .cmp/eq 7, L_0x6000021db7a0, L_0x7ff2938733b0;
L_0x6000021da3a0 .cmp/eq 7, L_0x6000021db7a0, L_0x7ff2938733f8;
L_0x6000021da440 .functor MUXZ 2, L_0x7ff293873488, L_0x7ff293873440, L_0x600003bd2060, C4<>;
L_0x6000021da4e0 .functor MUXZ 2, L_0x6000021da440, L_0x7ff293873320, L_0x6000021c6440, C4<>;
L_0x6000021da580 .part L_0x6000021da4e0, 0, 1;
L_0x6000021da620 .cmp/eq 7, L_0x6000021db7a0, L_0x7ff293873518;
L_0x6000021da6c0 .functor MUXZ 2, L_0x7ff2938735a8, L_0x7ff293873560, L_0x6000021da620, C4<>;
L_0x6000021da760 .functor MUXZ 2, L_0x6000021da6c0, L_0x7ff2938734d0, L_0x6000021c6440, C4<>;
L_0x6000021da800 .part L_0x6000021da760, 0, 1;
L_0x6000021da8a0 .cmp/eq 7, L_0x6000021db7a0, L_0x7ff293873638;
L_0x6000021da940 .functor MUXZ 2, L_0x7ff2938736c8, L_0x7ff293873680, L_0x6000021da8a0, C4<>;
L_0x6000021da9e0 .functor MUXZ 2, L_0x6000021da940, L_0x7ff2938735f0, L_0x6000021c6440, C4<>;
L_0x6000021daa80 .part L_0x6000021da9e0, 0, 1;
L_0x6000021dab20 .cmp/eq 7, L_0x6000021db7a0, L_0x7ff293873758;
L_0x6000021dabc0 .functor MUXZ 2, L_0x7ff2938737e8, L_0x7ff2938737a0, L_0x6000021dab20, C4<>;
L_0x6000021dac60 .functor MUXZ 2, L_0x6000021dabc0, L_0x7ff293873710, L_0x6000021c6440, C4<>;
L_0x6000021dad00 .part L_0x6000021dac60, 0, 1;
L_0x6000021dada0 .cmp/eq 7, L_0x6000021db7a0, L_0x7ff293873830;
L_0x6000021daee0 .cmp/eq 7, L_0x6000021db7a0, L_0x7ff2938738c0;
L_0x6000021daf80 .cmp/eq 7, L_0x6000021db7a0, L_0x7ff293873950;
L_0x6000021dae40 .functor MUXZ 2, L_0x7ff2938739e0, L_0x7ff293873998, L_0x6000021daf80, C4<>;
L_0x6000021db020 .functor MUXZ 2, L_0x6000021dae40, L_0x7ff293873908, L_0x6000021daee0, C4<>;
L_0x6000021db0c0 .functor MUXZ 2, L_0x6000021db020, L_0x7ff293873878, L_0x600003bd20d0, C4<>;
L_0x6000021db160 .cmp/eq 7, L_0x6000021db7a0, L_0x7ff293873a70;
L_0x6000021db200 .cmp/eq 7, L_0x6000021db7a0, L_0x7ff293873ab8;
L_0x6000021db2a0 .cmp/eq 7, L_0x6000021db7a0, L_0x7ff293873b00;
L_0x6000021db340 .functor MUXZ 2, L_0x7ff293873b90, L_0x7ff293873b48, L_0x600003bd21b0, C4<>;
L_0x6000021db3e0 .functor MUXZ 2, L_0x6000021db340, L_0x7ff293873a28, L_0x6000021c6440, C4<>;
L_0x6000021db480 .part L_0x6000021db3e0, 0, 1;
L_0x6000021db520 .cmp/eq 7, L_0x6000021db7a0, L_0x7ff293873c20;
L_0x6000021db5c0 .functor MUXZ 2, L_0x7ff293873cb0, L_0x7ff293873c68, L_0x6000021db520, C4<>;
L_0x6000021db660 .functor MUXZ 2, L_0x6000021db5c0, L_0x7ff293873bd8, L_0x6000021c6440, C4<>;
L_0x6000021db700 .part L_0x6000021db660, 0, 1;
S_0x7ff293904c70 .scope module, "Data_Memory" "Data_Memory" 3 186, 8 1 0, S_0x7ff293906e30;
 .timescale 0 0;
    .port_info 0 /INPUT 1 "clk_i";
    .port_info 1 /INPUT 32 "addr_i";
    .port_info 2 /INPUT 1 "MemRead_i";
    .port_info 3 /INPUT 1 "MemWrite_i";
    .port_info 4 /INPUT 32 "data_i";
    .port_info 5 /OUTPUT 32 "data_o";
v0x6000022c94d0_0 .net "MemRead_i", 0 0, v0x6000022c9d40_0;  alias, 1 drivers
v0x6000022c9560_0 .net "MemWrite_i", 0 0, v0x6000022c9e60_0;  alias, 1 drivers
v0x6000022c95f0_0 .net *"_ivl_0", 31 0, L_0x6000021c5a40;  1 drivers
v0x6000022c9680_0 .net *"_ivl_2", 31 0, L_0x6000021c5b80;  1 drivers
v0x6000022c9710_0 .net *"_ivl_4", 29 0, L_0x6000021c5ae0;  1 drivers
L_0x7ff2938745b0 .functor BUFT 1, C4<00>, C4<0>, C4<0>, C4<0>;
v0x6000022c97a0_0 .net *"_ivl_6", 1 0, L_0x7ff2938745b0;  1 drivers
L_0x7ff2938745f8 .functor BUFT 1, C4<00000000000000000000000000000000>, C4<0>, C4<0>, C4<0>;
v0x6000022c9830_0 .net/2s *"_ivl_8", 31 0, L_0x7ff2938745f8;  1 drivers
v0x6000022c98c0_0 .net "addr_i", 31 0, v0x6000022c9c20_0;  alias, 1 drivers
v0x6000022c9950_0 .net "clk_i", 0 0, v0x6000022fdb90_0;  alias, 1 drivers
v0x6000022c99e0_0 .net "data_i", 31 0, v0x6000022ca2e0_0;  alias, 1 drivers
v0x6000022c9a70_0 .net "data_o", 31 0, L_0x6000021c5c20;  alias, 1 drivers
v0x6000022c9b00 .array/s "memory", 1023 0, 31 0;
E_0x600001ecc7b0 .event posedge, v0x6000022c9950_0;
L_0x6000021c5a40 .array/port v0x6000022c9b00, L_0x6000021c5b80;
L_0x6000021c5ae0 .part v0x6000022c9c20_0, 2, 30;
L_0x6000021c5b80 .concat [ 30 2 0 0], L_0x6000021c5ae0, L_0x7ff2938745b0;
L_0x6000021c5c20 .functor MUXZ 32, L_0x7ff2938745f8, L_0x6000021c5a40, v0x6000022c9d40_0, C4<>;
S_0x7ff293905f40 .scope module, "EX_MEM" "EX_MEM" 3 259, 9 1 0, S_0x7ff293906e30;
 .timescale 0 0;
    .port_info 0 /INPUT 1 "clk_i";
    .port_info 1 /INPUT 1 "rst_i";
    .port_info 2 /INPUT 1 "RegWrite_i";
    .port_info 3 /INPUT 1 "MemtoReg_i";
    .port_info 4 /INPUT 1 "MemRead_i";
    .port_info 5 /INPUT 1 "MemWrite_i";
    .port_info 6 /INPUT 32 "ALURet_i";
    .port_info 7 /INPUT 32 "WriteData_i";
    .port_info 8 /INPUT 5 "RDaddr_i";
    .port_info 9 /OUTPUT 1 "RegWrite_o";
    .port_info 10 /OUTPUT 1 "MemtoReg_o";
    .port_info 11 /OUTPUT 1 "MemRead_o";
    .port_info 12 /OUTPUT 1 "MemWrite_o";
    .port_info 13 /OUTPUT 32 "ALURet_o";
    .port_info 14 /OUTPUT 32 "WriteData_o";
    .port_info 15 /OUTPUT 5 "RDaddr_o";
    .port_info 16 /NODIR 0 "";
v0x6000022c9b90_0 .net "ALURet_i", 31 0, L_0x6000021c4d20;  alias, 1 drivers
v0x6000022c9c20_0 .var "ALURet_o", 31 0;
v0x6000022c9cb0_0 .net "MemRead_i", 0 0, v0x6000022f6010_0;  alias, 1 drivers
v0x6000022c9d40_0 .var "MemRead_o", 0 0;
v0x6000022c9dd0_0 .net "MemWrite_i", 0 0, v0x6000022f6130_0;  alias, 1 drivers
v0x6000022c9e60_0 .var "MemWrite_o", 0 0;
v0x6000022c9ef0_0 .net "MemtoReg_i", 0 0, v0x6000022f6250_0;  alias, 1 drivers
v0x6000022c9f80_0 .var "MemtoReg_o", 0 0;
v0x6000022ca010_0 .net "RDaddr_i", 4 0, L_0x6000021c7700;  1 drivers
v0x6000022ca0a0_0 .var "RDaddr_o", 4 0;
v0x6000022ca130_0 .net "RegWrite_i", 0 0, v0x6000022f65b0_0;  alias, 1 drivers
v0x6000022ca1c0_0 .var "RegWrite_o", 0 0;
v0x6000022ca250_0 .net "WriteData_i", 31 0, L_0x6000021c4140;  alias, 1 drivers
v0x6000022ca2e0_0 .var "WriteData_o", 31 0;
v0x6000022ca370_0 .net "clk_i", 0 0, v0x6000022fdb90_0;  alias, 1 drivers
v0x6000022ca400_0 .net "rst_i", 0 0, v0x6000022fdc20_0;  alias, 1 drivers
E_0x600001ecc5d0 .event posedge, v0x6000022ca400_0, v0x6000022c9950_0;
S_0x7ff293906250 .scope module, "Flusher" "Flusher" 3 141, 10 1 0, S_0x7ff293906e30;
 .timescale 0 0;
    .port_info 0 /INPUT 32 "RS1data_i";
    .port_info 1 /INPUT 32 "RS2data_i";
    .port_info 2 /INPUT 1 "Branch_i";
    .port_info 3 /OUTPUT 1 "Flush_o";
L_0x600003bd2220 .functor AND 1, L_0x6000021db840, L_0x6000021db700, C4<1>, C4<1>;
v0x6000022ca490_0 .net "Branch_i", 0 0, L_0x6000021db700;  alias, 1 drivers
v0x6000022ca520_0 .net "Flush_o", 0 0, L_0x6000021db980;  alias, 1 drivers
v0x6000022ca5b0_0 .net "RS1data_i", 31 0, L_0x6000021d85a0;  alias, 1 drivers
v0x6000022ca640_0 .net "RS2data_i", 31 0, L_0x6000021d8820;  alias, 1 drivers
v0x6000022ca6d0_0 .net *"_ivl_0", 0 0, L_0x6000021db840;  1 drivers
v0x6000022ca760_0 .net *"_ivl_3", 0 0, L_0x600003bd2220;  1 drivers
L_0x7ff293873cf8 .functor BUFT 1, C4<01>, C4<0>, C4<0>, C4<0>;
v0x6000022ca7f0_0 .net/2s *"_ivl_4", 1 0, L_0x7ff293873cf8;  1 drivers
L_0x7ff293873d40 .functor BUFT 1, C4<00>, C4<0>, C4<0>, C4<0>;
v0x6000022ca880_0 .net/2s *"_ivl_6", 1 0, L_0x7ff293873d40;  1 drivers
v0x6000022ca910_0 .net *"_ivl_8", 1 0, L_0x6000021db8e0;  1 drivers
L_0x6000021db840 .cmp/eq 32, L_0x6000021d85a0, L_0x6000021d8820;
L_0x6000021db8e0 .functor MUXZ 2, L_0x7ff293873d40, L_0x7ff293873cf8, L_0x600003bd2220, C4<>;
L_0x6000021db980 .part L_0x6000021db8e0, 0, 1;
S_0x7ff2939063c0 .scope module, "Forwarding_Unit" "Forwarding_Unit" 3 212, 11 1 0, S_0x7ff293906e30;
 .timescale 0 0;
    .port_info 0 /INPUT 5 "EX_RS1addr_i";
    .port_info 1 /INPUT 5 "EX_RS2addr_i";
    .port_info 2 /INPUT 1 "MEM_RegWrite_i";
    .port_info 3 /INPUT 5 "MEM_RDaddr_i";
    .port_info 4 /INPUT 1 "WB_RegWrite_i";
    .port_info 5 /INPUT 5 "WB_RDaddr_i";
    .port_info 6 /OUTPUT 2 "ForwardA_o";
    .port_info 7 /OUTPUT 2 "ForwardB_o";
L_0x600003bd2610 .functor AND 1, v0x6000022ca1c0_0, L_0x6000021c6760, C4<1>, C4<1>;
L_0x600003bd2680 .functor AND 1, L_0x600003bd2610, L_0x6000021c6800, C4<1>, C4<1>;
L_0x600003bd26f0 .functor AND 1, v0x6000022f1320_0, L_0x6000021c6940, C4<1>, C4<1>;
L_0x600003bd2760 .functor AND 1, v0x6000022ca1c0_0, L_0x6000021c6a80, C4<1>, C4<1>;
L_0x600003bd27d0 .functor AND 1, L_0x600003bd2760, L_0x6000021c6b20, C4<1>, C4<1>;
L_0x600003bd2840 .functor AND 1, L_0x600003bd26f0, L_0x6000021c6bc0, C4<1>, C4<1>;
L_0x600003bd28b0 .functor AND 1, L_0x600003bd2840, L_0x6000021c6c60, C4<1>, C4<1>;
L_0x600003bd2990 .functor AND 1, v0x6000022ca1c0_0, L_0x6000021c6ee0, C4<1>, C4<1>;
L_0x600003bd2920 .functor AND 1, L_0x600003bd2990, L_0x6000021c6f80, C4<1>, C4<1>;
L_0x600003bd2a00 .functor AND 1, v0x6000022f1320_0, L_0x6000021c70c0, C4<1>, C4<1>;
L_0x600003bd2a70 .functor AND 1, v0x6000022ca1c0_0, L_0x6000021c7200, C4<1>, C4<1>;
L_0x600003bd2ae0 .functor AND 1, L_0x600003bd2a70, L_0x6000021c7340, C4<1>, C4<1>;
L_0x600003bd2b50 .functor AND 1, L_0x600003bd2a00, L_0x6000021c73e0, C4<1>, C4<1>;
L_0x600003bd2c30 .functor AND 1, L_0x600003bd2b50, L_0x6000021c72a0, C4<1>, C4<1>;
v0x6000022ca9a0_0 .net "EX_RS1addr_i", 4 0, L_0x6000021c75c0;  1 drivers
v0x6000022caa30_0 .net "EX_RS2addr_i", 4 0, L_0x6000021c7660;  1 drivers
v0x6000022caac0_0 .net "ForwardA_o", 1 0, L_0x6000021c6da0;  alias, 1 drivers
v0x6000022cab50_0 .net "ForwardB_o", 1 0, L_0x6000021c7520;  alias, 1 drivers
v0x6000022cabe0_0 .net "MEM_RDaddr_i", 4 0, v0x6000022ca0a0_0;  alias, 1 drivers
v0x6000022cac70_0 .net "MEM_RegWrite_i", 0 0, v0x6000022ca1c0_0;  alias, 1 drivers
o0x7ff293844a98 .functor BUFZ 1, C4<z>; HiZ drive
v0x6000022cad00_0 .net "PCWrite_o", 0 0, o0x7ff293844a98;  0 drivers
v0x6000022cad90_0 .net "WB_RDaddr_i", 4 0, v0x6000022f10e0_0;  alias, 1 drivers
v0x6000022cae20_0 .net "WB_RegWrite_i", 0 0, v0x6000022f1320_0;  alias, 1 drivers
v0x6000022caeb0_0 .net *"_ivl_0", 31 0, L_0x6000021c66c0;  1 drivers
v0x6000022caf40_0 .net *"_ivl_10", 0 0, L_0x6000021c6800;  1 drivers
v0x6000022cafd0_0 .net *"_ivl_100", 0 0, L_0x6000021c72a0;  1 drivers
v0x6000022cb060_0 .net *"_ivl_103", 0 0, L_0x600003bd2c30;  1 drivers
L_0x7ff293874c70 .functor BUFT 1, C4<01>, C4<0>, C4<0>, C4<0>;
v0x6000022cb0f0_0 .net/2u *"_ivl_104", 1 0, L_0x7ff293874c70;  1 drivers
L_0x7ff293874cb8 .functor BUFT 1, C4<00>, C4<0>, C4<0>, C4<0>;
v0x6000022cb180_0 .net/2u *"_ivl_106", 1 0, L_0x7ff293874cb8;  1 drivers
v0x6000022cb210_0 .net *"_ivl_108", 1 0, L_0x6000021c7480;  1 drivers
v0x6000022cb2a0_0 .net *"_ivl_13", 0 0, L_0x600003bd2680;  1 drivers
L_0x7ff293874880 .functor BUFT 1, C4<10>, C4<0>, C4<0>, C4<0>;
v0x6000022cb330_0 .net/2u *"_ivl_14", 1 0, L_0x7ff293874880;  1 drivers
v0x6000022cb3c0_0 .net *"_ivl_16", 31 0, L_0x6000021c68a0;  1 drivers
L_0x7ff2938748c8 .functor BUFT 1, C4<000000000000000000000000000>, C4<0>, C4<0>, C4<0>;
v0x6000022cb450_0 .net *"_ivl_19", 26 0, L_0x7ff2938748c8;  1 drivers
L_0x7ff293874910 .functor BUFT 1, C4<00000000000000000000000000000000>, C4<0>, C4<0>, C4<0>;
v0x6000022cb4e0_0 .net/2u *"_ivl_20", 31 0, L_0x7ff293874910;  1 drivers
v0x6000022cb570_0 .net *"_ivl_22", 0 0, L_0x6000021c6940;  1 drivers
v0x6000022cb600_0 .net *"_ivl_25", 0 0, L_0x600003bd26f0;  1 drivers
v0x6000022cb690_0 .net *"_ivl_26", 31 0, L_0x6000021c69e0;  1 drivers
L_0x7ff293874958 .functor BUFT 1, C4<000000000000000000000000000>, C4<0>, C4<0>, C4<0>;
v0x6000022cb720_0 .net *"_ivl_29", 26 0, L_0x7ff293874958;  1 drivers
L_0x7ff2938747f0 .functor BUFT 1, C4<000000000000000000000000000>, C4<0>, C4<0>, C4<0>;
v0x6000022cb7b0_0 .net *"_ivl_3", 26 0, L_0x7ff2938747f0;  1 drivers
L_0x7ff2938749a0 .functor BUFT 1, C4<00000000000000000000000000000000>, C4<0>, C4<0>, C4<0>;
v0x6000022cb840_0 .net/2u *"_ivl_30", 31 0, L_0x7ff2938749a0;  1 drivers
v0x6000022cb8d0_0 .net *"_ivl_32", 0 0, L_0x6000021c6a80;  1 drivers
v0x6000022cb960_0 .net *"_ivl_35", 0 0, L_0x600003bd2760;  1 drivers
v0x6000022cb9f0_0 .net *"_ivl_36", 0 0, L_0x6000021c6b20;  1 drivers
v0x6000022cba80_0 .net *"_ivl_39", 0 0, L_0x600003bd27d0;  1 drivers
L_0x7ff293874838 .functor BUFT 1, C4<00000000000000000000000000000000>, C4<0>, C4<0>, C4<0>;
v0x6000022cbb10_0 .net/2u *"_ivl_4", 31 0, L_0x7ff293874838;  1 drivers
v0x6000022cbba0_0 .net *"_ivl_41", 0 0, L_0x6000021c6bc0;  1 drivers
v0x6000022cbc30_0 .net *"_ivl_43", 0 0, L_0x600003bd2840;  1 drivers
v0x6000022cbcc0_0 .net *"_ivl_44", 0 0, L_0x6000021c6c60;  1 drivers
v0x6000022cbd50_0 .net *"_ivl_47", 0 0, L_0x600003bd28b0;  1 drivers
L_0x7ff2938749e8 .functor BUFT 1, C4<01>, C4<0>, C4<0>, C4<0>;
v0x6000022cbde0_0 .net/2u *"_ivl_48", 1 0, L_0x7ff2938749e8;  1 drivers
L_0x7ff293874a30 .functor BUFT 1, C4<00>, C4<0>, C4<0>, C4<0>;
v0x6000022cbe70_0 .net/2u *"_ivl_50", 1 0, L_0x7ff293874a30;  1 drivers
v0x6000022cbf00_0 .net *"_ivl_52", 1 0, L_0x6000021c6d00;  1 drivers
v0x6000022f4000_0 .net *"_ivl_56", 31 0, L_0x6000021c6e40;  1 drivers
L_0x7ff293874a78 .functor BUFT 1, C4<000000000000000000000000000>, C4<0>, C4<0>, C4<0>;
v0x6000022f4090_0 .net *"_ivl_59", 26 0, L_0x7ff293874a78;  1 drivers
v0x6000022f4120_0 .net *"_ivl_6", 0 0, L_0x6000021c6760;  1 drivers
L_0x7ff293874ac0 .functor BUFT 1, C4<00000000000000000000000000000000>, C4<0>, C4<0>, C4<0>;
v0x6000022f41b0_0 .net/2u *"_ivl_60", 31 0, L_0x7ff293874ac0;  1 drivers
v0x6000022f4240_0 .net *"_ivl_62", 0 0, L_0x6000021c6ee0;  1 drivers
v0x6000022f42d0_0 .net *"_ivl_65", 0 0, L_0x600003bd2990;  1 drivers
v0x6000022f4360_0 .net *"_ivl_66", 0 0, L_0x6000021c6f80;  1 drivers
v0x6000022f43f0_0 .net *"_ivl_69", 0 0, L_0x600003bd2920;  1 drivers
L_0x7ff293874b08 .functor BUFT 1, C4<10>, C4<0>, C4<0>, C4<0>;
v0x6000022f4480_0 .net/2u *"_ivl_70", 1 0, L_0x7ff293874b08;  1 drivers
v0x6000022f4510_0 .net *"_ivl_72", 31 0, L_0x6000021c7020;  1 drivers
L_0x7ff293874b50 .functor BUFT 1, C4<000000000000000000000000000>, C4<0>, C4<0>, C4<0>;
v0x6000022f45a0_0 .net *"_ivl_75", 26 0, L_0x7ff293874b50;  1 drivers
L_0x7ff293874b98 .functor BUFT 1, C4<00000000000000000000000000000000>, C4<0>, C4<0>, C4<0>;
v0x6000022f4630_0 .net/2u *"_ivl_76", 31 0, L_0x7ff293874b98;  1 drivers
v0x6000022f46c0_0 .net *"_ivl_78", 0 0, L_0x6000021c70c0;  1 drivers
v0x6000022f4750_0 .net *"_ivl_81", 0 0, L_0x600003bd2a00;  1 drivers
v0x6000022f47e0_0 .net *"_ivl_82", 31 0, L_0x6000021c7160;  1 drivers
L_0x7ff293874be0 .functor BUFT 1, C4<000000000000000000000000000>, C4<0>, C4<0>, C4<0>;
v0x6000022f4870_0 .net *"_ivl_85", 26 0, L_0x7ff293874be0;  1 drivers
L_0x7ff293874c28 .functor BUFT 1, C4<00000000000000000000000000000000>, C4<0>, C4<0>, C4<0>;
v0x6000022f4900_0 .net/2u *"_ivl_86", 31 0, L_0x7ff293874c28;  1 drivers
v0x6000022f4990_0 .net *"_ivl_88", 0 0, L_0x6000021c7200;  1 drivers
v0x6000022f4a20_0 .net *"_ivl_9", 0 0, L_0x600003bd2610;  1 drivers
v0x6000022f4ab0_0 .net *"_ivl_91", 0 0, L_0x600003bd2a70;  1 drivers
v0x6000022f4b40_0 .net *"_ivl_92", 0 0, L_0x6000021c7340;  1 drivers
v0x6000022f4bd0_0 .net *"_ivl_95", 0 0, L_0x600003bd2ae0;  1 drivers
v0x6000022f4c60_0 .net *"_ivl_97", 0 0, L_0x6000021c73e0;  1 drivers
v0x6000022f4cf0_0 .net *"_ivl_99", 0 0, L_0x600003bd2b50;  1 drivers
L_0x6000021c66c0 .concat [ 5 27 0 0], v0x6000022ca0a0_0, L_0x7ff2938747f0;
L_0x6000021c6760 .cmp/ne 32, L_0x6000021c66c0, L_0x7ff293874838;
L_0x6000021c6800 .cmp/eq 5, v0x6000022ca0a0_0, L_0x6000021c75c0;
L_0x6000021c68a0 .concat [ 5 27 0 0], v0x6000022f10e0_0, L_0x7ff2938748c8;
L_0x6000021c6940 .cmp/ne 32, L_0x6000021c68a0, L_0x7ff293874910;
L_0x6000021c69e0 .concat [ 5 27 0 0], v0x6000022ca0a0_0, L_0x7ff293874958;
L_0x6000021c6a80 .cmp/ne 32, L_0x6000021c69e0, L_0x7ff2938749a0;
L_0x6000021c6b20 .cmp/eq 5, v0x6000022ca0a0_0, L_0x6000021c75c0;
L_0x6000021c6bc0 .reduce/nor L_0x600003bd27d0;
L_0x6000021c6c60 .cmp/eq 5, v0x6000022f10e0_0, L_0x6000021c75c0;
L_0x6000021c6d00 .functor MUXZ 2, L_0x7ff293874a30, L_0x7ff2938749e8, L_0x600003bd28b0, C4<>;
L_0x6000021c6da0 .functor MUXZ 2, L_0x6000021c6d00, L_0x7ff293874880, L_0x600003bd2680, C4<>;
L_0x6000021c6e40 .concat [ 5 27 0 0], v0x6000022ca0a0_0, L_0x7ff293874a78;
L_0x6000021c6ee0 .cmp/ne 32, L_0x6000021c6e40, L_0x7ff293874ac0;
L_0x6000021c6f80 .cmp/eq 5, v0x6000022ca0a0_0, L_0x6000021c7660;
L_0x6000021c7020 .concat [ 5 27 0 0], v0x6000022f10e0_0, L_0x7ff293874b50;
L_0x6000021c70c0 .cmp/ne 32, L_0x6000021c7020, L_0x7ff293874b98;
L_0x6000021c7160 .concat [ 5 27 0 0], v0x6000022ca0a0_0, L_0x7ff293874be0;
L_0x6000021c7200 .cmp/ne 32, L_0x6000021c7160, L_0x7ff293874c28;
L_0x6000021c7340 .cmp/eq 5, v0x6000022ca0a0_0, L_0x6000021c7660;
L_0x6000021c73e0 .reduce/nor L_0x600003bd2ae0;
L_0x6000021c72a0 .cmp/eq 5, v0x6000022f10e0_0, L_0x6000021c7660;
L_0x6000021c7480 .functor MUXZ 2, L_0x7ff293874cb8, L_0x7ff293874c70, L_0x600003bd2c30, C4<>;
L_0x6000021c7520 .functor MUXZ 2, L_0x6000021c7480, L_0x7ff293874b08, L_0x600003bd2920, C4<>;
S_0x7ff29390a6a0 .scope module, "Hazard_Detection_Unit" "Hazard_Detection_Unit" 3 202, 12 1 0, S_0x7ff293906e30;
 .timescale 0 0;
    .port_info 0 /INPUT 5 "ID_RS1addr_i";
    .port_info 1 /INPUT 5 "ID_RS2addr_i";
    .port_info 2 /INPUT 5 "EX_RDaddr_i";
    .port_info 3 /INPUT 1 "EX_MemRead_i";
    .port_info 4 /OUTPUT 1 "PCWrite_o";
    .port_info 5 /OUTPUT 1 "Stall_o";
    .port_info 6 /OUTPUT 1 "NoOp_o";
L_0x600003bd2370 .functor OR 1, L_0x6000021c5d60, L_0x6000021c5e00, C4<0>, C4<0>;
L_0x600003bd23e0 .functor AND 1, v0x6000022f6010_0, L_0x600003bd2370, C4<1>, C4<1>;
L_0x600003bd2450 .functor OR 1, L_0x6000021c5fe0, L_0x6000021c6080, C4<0>, C4<0>;
L_0x600003bd24c0 .functor AND 1, v0x6000022f6010_0, L_0x600003bd2450, C4<1>, C4<1>;
L_0x600003bd2530 .functor OR 1, L_0x6000021c6260, L_0x6000021c6300, C4<0>, C4<0>;
L_0x600003bd25a0 .functor AND 1, v0x6000022f6010_0, L_0x600003bd2530, C4<1>, C4<1>;
v0x6000022f4d80_0 .net "EX_MemRead_i", 0 0, v0x6000022f6010_0;  alias, 1 drivers
v0x6000022f4e10_0 .net "EX_RDaddr_i", 4 0, L_0x6000021c6620;  1 drivers
v0x6000022f4ea0_0 .net "ID_RS1addr_i", 4 0, L_0x6000021c64e0;  1 drivers
v0x6000022f4f30_0 .net "ID_RS2addr_i", 4 0, L_0x6000021c6580;  1 drivers
v0x6000022f4fc0_0 .net "NoOp_o", 0 0, L_0x6000021c6440;  alias, 1 drivers
v0x6000022f5050_0 .net "PCWrite_o", 0 0, L_0x6000021c5f40;  alias, 1 drivers
v0x6000022f50e0_0 .net "Stall_o", 0 0, L_0x6000021c61c0;  alias, 1 drivers
v0x6000022f5170_0 .net *"_ivl_0", 0 0, L_0x6000021c5d60;  1 drivers
L_0x7ff293874688 .functor BUFT 1, C4<01>, C4<0>, C4<0>, C4<0>;
v0x6000022f5200_0 .net/2s *"_ivl_10", 1 0, L_0x7ff293874688;  1 drivers
v0x6000022f5290_0 .net *"_ivl_12", 1 0, L_0x6000021c5ea0;  1 drivers
v0x6000022f5320_0 .net *"_ivl_16", 0 0, L_0x6000021c5fe0;  1 drivers
v0x6000022f53b0_0 .net *"_ivl_18", 0 0, L_0x6000021c6080;  1 drivers
v0x6000022f5440_0 .net *"_ivl_2", 0 0, L_0x6000021c5e00;  1 drivers
v0x6000022f54d0_0 .net *"_ivl_21", 0 0, L_0x600003bd2450;  1 drivers
v0x6000022f5560_0 .net *"_ivl_23", 0 0, L_0x600003bd24c0;  1 drivers
L_0x7ff2938746d0 .functor BUFT 1, C4<01>, C4<0>, C4<0>, C4<0>;
v0x6000022f55f0_0 .net/2s *"_ivl_24", 1 0, L_0x7ff2938746d0;  1 drivers
L_0x7ff293874718 .functor BUFT 1, C4<00>, C4<0>, C4<0>, C4<0>;
v0x6000022f5680_0 .net/2s *"_ivl_26", 1 0, L_0x7ff293874718;  1 drivers
v0x6000022f5710_0 .net *"_ivl_28", 1 0, L_0x6000021c6120;  1 drivers
v0x6000022f57a0_0 .net *"_ivl_32", 0 0, L_0x6000021c6260;  1 drivers
v0x6000022f5830_0 .net *"_ivl_34", 0 0, L_0x6000021c6300;  1 drivers
v0x6000022f58c0_0 .net *"_ivl_37", 0 0, L_0x600003bd2530;  1 drivers
v0x6000022f5950_0 .net *"_ivl_39", 0 0, L_0x600003bd25a0;  1 drivers
L_0x7ff293874760 .functor BUFT 1, C4<01>, C4<0>, C4<0>, C4<0>;
v0x6000022f59e0_0 .net/2s *"_ivl_40", 1 0, L_0x7ff293874760;  1 drivers
L_0x7ff2938747a8 .functor BUFT 1, C4<00>, C4<0>, C4<0>, C4<0>;
v0x6000022f5a70_0 .net/2s *"_ivl_42", 1 0, L_0x7ff2938747a8;  1 drivers
v0x6000022f5b00_0 .net *"_ivl_44", 1 0, L_0x6000021c63a0;  1 drivers
v0x6000022f5b90_0 .net *"_ivl_5", 0 0, L_0x600003bd2370;  1 drivers
v0x6000022f5c20_0 .net *"_ivl_7", 0 0, L_0x600003bd23e0;  1 drivers
L_0x7ff293874640 .functor BUFT 1, C4<00>, C4<0>, C4<0>, C4<0>;
v0x6000022f5cb0_0 .net/2s *"_ivl_8", 1 0, L_0x7ff293874640;  1 drivers
L_0x6000021c5d60 .cmp/eq 5, L_0x6000021c64e0, L_0x6000021c6620;
L_0x6000021c5e00 .cmp/eq 5, L_0x6000021c6580, L_0x6000021c6620;
L_0x6000021c5ea0 .functor MUXZ 2, L_0x7ff293874688, L_0x7ff293874640, L_0x600003bd23e0, C4<>;
L_0x6000021c5f40 .part L_0x6000021c5ea0, 0, 1;
L_0x6000021c5fe0 .cmp/eq 5, L_0x6000021c64e0, L_0x6000021c6620;
L_0x6000021c6080 .cmp/eq 5, L_0x6000021c6580, L_0x6000021c6620;
L_0x6000021c6120 .functor MUXZ 2, L_0x7ff293874718, L_0x7ff2938746d0, L_0x600003bd24c0, C4<>;
L_0x6000021c61c0 .part L_0x6000021c6120, 0, 1;
L_0x6000021c6260 .cmp/eq 5, L_0x6000021c64e0, L_0x6000021c6620;
L_0x6000021c6300 .cmp/eq 5, L_0x6000021c6580, L_0x6000021c6620;
L_0x6000021c63a0 .functor MUXZ 2, L_0x7ff2938747a8, L_0x7ff293874760, L_0x600003bd25a0, C4<>;
L_0x6000021c6440 .part L_0x6000021c63a0, 0, 1;
S_0x7ff29390a810 .scope module, "ID_EX" "ID_EX" 3 234, 13 1 0, S_0x7ff293906e30;
 .timescale 0 0;
    .port_info 0 /INPUT 1 "clk_i";
    .port_info 1 /INPUT 1 "rst_i";
    .port_info 2 /INPUT 1 "RegWrite_i";
    .port_info 3 /INPUT 1 "MemtoReg_i";
    .port_info 4 /INPUT 1 "MemRead_i";
    .port_info 5 /INPUT 1 "MemWrite_i";
    .port_info 6 /INPUT 2 "ALUOp_i";
    .port_info 7 /INPUT 1 "ALUSrc_i";
    .port_info 8 /INPUT 32 "RS1data_i";
    .port_info 9 /INPUT 32 "RS2data_i";
    .port_info 10 /INPUT 32 "imm_i";
    .port_info 11 /INPUT 32 "instr_i";
    .port_info 12 /OUTPUT 1 "RegWrite_o";
    .port_info 13 /OUTPUT 1 "MemtoReg_o";
    .port_info 14 /OUTPUT 1 "MemRead_o";
    .port_info 15 /OUTPUT 1 "MemWrite_o";
    .port_info 16 /OUTPUT 2 "ALUOp_o";
    .port_info 17 /OUTPUT 1 "ALUSrc_o";
    .port_info 18 /OUTPUT 32 "RS1data_o";
    .port_info 19 /OUTPUT 32 "RS2data_o";
    .port_info 20 /OUTPUT 32 "imm_o";
    .port_info 21 /OUTPUT 32 "instr_o";
    .port_info 22 /NODIR 0 "";
v0x6000022f5d40_0 .net "ALUOp_i", 1 0, L_0x6000021db0c0;  alias, 1 drivers
v0x6000022f5dd0_0 .var "ALUOp_o", 1 0;
v0x6000022f5e60_0 .net "ALUSrc_i", 0 0, L_0x6000021db480;  alias, 1 drivers
v0x6000022f5ef0_0 .var "ALUSrc_o", 0 0;
v0x6000022f5f80_0 .net "MemRead_i", 0 0, L_0x6000021daa80;  alias, 1 drivers
v0x6000022f6010_0 .var "MemRead_o", 0 0;
v0x6000022f60a0_0 .net "MemWrite_i", 0 0, L_0x6000021dad00;  alias, 1 drivers
v0x6000022f6130_0 .var "MemWrite_o", 0 0;
v0x6000022f61c0_0 .net "MemtoReg_i", 0 0, L_0x6000021da800;  alias, 1 drivers
v0x6000022f6250_0 .var "MemtoReg_o", 0 0;
v0x6000022f62e0_0 .net "RS1data_i", 31 0, L_0x6000021d85a0;  alias, 1 drivers
v0x6000022f6370_0 .var "RS1data_o", 31 0;
v0x6000022f6400_0 .net "RS2data_i", 31 0, L_0x6000021d8820;  alias, 1 drivers
v0x6000022f6490_0 .var "RS2data_o", 31 0;
v0x6000022f6520_0 .net "RegWrite_i", 0 0, L_0x6000021da580;  alias, 1 drivers
v0x6000022f65b0_0 .var "RegWrite_o", 0 0;
v0x6000022f6640_0 .net "clk_i", 0 0, v0x6000022fdb90_0;  alias, 1 drivers
v0x6000022f66d0_0 .net "imm_i", 31 0, L_0x6000021da1c0;  alias, 1 drivers
v0x6000022f6760_0 .var "imm_o", 31 0;
v0x6000022f67f0_0 .net "instr_i", 31 0, v0x6000022f6b50_0;  alias, 1 drivers
v0x6000022f6880_0 .var "instr_o", 31 0;
v0x6000022f6910_0 .net "rst_i", 0 0, v0x6000022fdc20_0;  alias, 1 drivers
S_0x7ff29390abb0 .scope module, "IF_ID" "IF_ID" 3 223, 14 1 0, S_0x7ff293906e30;
 .timescale 0 0;
    .port_info 0 /INPUT 1 "clk_i";
    .port_info 1 /INPUT 1 "rst_i";
    .port_info 2 /INPUT 32 "pc_i";
    .port_info 3 /INPUT 32 "instr_i";
    .port_info 4 /INPUT 1 "stall_i";
    .port_info 5 /INPUT 1 "flush_i";
    .port_info 6 /OUTPUT 32 "pc_o";
    .port_info 7 /OUTPUT 32 "instr_o";
    .port_info 8 /NODIR 0 "";
v0x6000022f69a0_0 .net "clk_i", 0 0, v0x6000022fdb90_0;  alias, 1 drivers
v0x6000022f6a30_0 .net "flush_i", 0 0, L_0x6000021db980;  alias, 1 drivers
v0x6000022f6ac0_0 .net "instr_i", 31 0, L_0x600003bd1dc0;  alias, 1 drivers
v0x6000022f6b50_0 .var "instr_o", 31 0;
v0x6000022f6be0_0 .net "pc_i", 31 0, v0x6000022f2eb0_0;  alias, 1 drivers
v0x6000022f6c70_0 .var "pc_o", 31 0;
v0x6000022f6d00_0 .net "rst_i", 0 0, v0x6000022fdc20_0;  alias, 1 drivers
v0x6000022f6d90_0 .net "stall_i", 0 0, L_0x6000021c61c0;  alias, 1 drivers
S_0x7ff29390ad20 .scope module, "IMM_GEN" "IMM_GEN" 3 124, 15 1 0, S_0x7ff293906e30;
 .timescale 0 0;
    .port_info 0 /INPUT 32 "data_i";
    .port_info 1 /OUTPUT 32 "data_o";
L_0x600003bd1f10 .functor AND 1, L_0x6000021d8aa0, L_0x6000021d8be0, C4<1>, C4<1>;
L_0x600003bd1f80 .functor AND 1, L_0x6000021d8fa0, L_0x6000021d90e0, C4<1>, C4<1>;
v0x6000022f6e20_0 .net *"_ivl_1", 6 0, L_0x6000021d8a00;  1 drivers
v0x6000022f6eb0_0 .net *"_ivl_10", 0 0, L_0x6000021d8be0;  1 drivers
v0x6000022f6f40_0 .net *"_ivl_13", 0 0, L_0x600003bd1f10;  1 drivers
v0x6000022f6fd0_0 .net *"_ivl_15", 0 0, L_0x6000021d8c80;  1 drivers
v0x6000022f7060_0 .net *"_ivl_16", 19 0, L_0x6000021d8d20;  1 drivers
v0x6000022f70f0_0 .net *"_ivl_19", 11 0, L_0x6000021d8dc0;  1 drivers
L_0x7ff293873128 .functor BUFT 1, C4<0010011>, C4<0>, C4<0>, C4<0>;
v0x6000022f7180_0 .net/2u *"_ivl_2", 6 0, L_0x7ff293873128;  1 drivers
v0x6000022f7210_0 .net *"_ivl_20", 31 0, L_0x6000021d8e60;  1 drivers
v0x6000022f72a0_0 .net *"_ivl_23", 6 0, L_0x6000021d8f00;  1 drivers
L_0x7ff2938731b8 .functor BUFT 1, C4<0010011>, C4<0>, C4<0>, C4<0>;
v0x6000022f7330_0 .net/2u *"_ivl_24", 6 0, L_0x7ff2938731b8;  1 drivers
v0x6000022f73c0_0 .net *"_ivl_26", 0 0, L_0x6000021d8fa0;  1 drivers
v0x6000022f7450_0 .net *"_ivl_29", 2 0, L_0x6000021d9040;  1 drivers
L_0x7ff293873200 .functor BUFT 1, C4<101>, C4<0>, C4<0>, C4<0>;
v0x6000022f74e0_0 .net/2u *"_ivl_30", 2 0, L_0x7ff293873200;  1 drivers
v0x6000022f7570_0 .net *"_ivl_32", 0 0, L_0x6000021d90e0;  1 drivers
v0x6000022f7600_0 .net *"_ivl_35", 0 0, L_0x600003bd1f80;  1 drivers
v0x6000022f7690_0 .net *"_ivl_37", 0 0, L_0x6000021d9180;  1 drivers
v0x6000022f7720_0 .net *"_ivl_38", 26 0, L_0x6000021d9220;  1 drivers
v0x6000022f77b0_0 .net *"_ivl_4", 0 0, L_0x6000021d8aa0;  1 drivers
v0x6000022f7840_0 .net *"_ivl_41", 4 0, L_0x6000021d92c0;  1 drivers
v0x6000022f78d0_0 .net *"_ivl_42", 31 0, L_0x6000021d9360;  1 drivers
v0x6000022f7960_0 .net *"_ivl_45", 6 0, L_0x6000021d9400;  1 drivers
L_0x7ff293873248 .functor BUFT 1, C4<0000011>, C4<0>, C4<0>, C4<0>;
v0x6000022f79f0_0 .net/2u *"_ivl_46", 6 0, L_0x7ff293873248;  1 drivers
v0x6000022f7a80_0 .net *"_ivl_48", 0 0, L_0x6000021d94a0;  1 drivers
v0x6000022f7b10_0 .net *"_ivl_51", 0 0, L_0x6000021d9540;  1 drivers
v0x6000022f7ba0_0 .net *"_ivl_52", 19 0, L_0x6000021d9680;  1 drivers
v0x6000022f7c30_0 .net *"_ivl_55", 11 0, L_0x6000021d9720;  1 drivers
v0x6000022f7cc0_0 .net *"_ivl_56", 31 0, L_0x6000021d95e0;  1 drivers
v0x6000022f7d50_0 .net *"_ivl_59", 6 0, L_0x6000021d97c0;  1 drivers
L_0x7ff293873290 .functor BUFT 1, C4<0100011>, C4<0>, C4<0>, C4<0>;
v0x6000022f7de0_0 .net/2u *"_ivl_60", 6 0, L_0x7ff293873290;  1 drivers
v0x6000022f7e70_0 .net *"_ivl_62", 0 0, L_0x6000021d9860;  1 drivers
v0x6000022f7f00_0 .net *"_ivl_65", 0 0, L_0x6000021d9900;  1 drivers
v0x6000022f0000_0 .net *"_ivl_66", 19 0, L_0x6000021d99a0;  1 drivers
v0x6000022f0090_0 .net *"_ivl_69", 6 0, L_0x6000021d9a40;  1 drivers
v0x6000022f0120_0 .net *"_ivl_7", 2 0, L_0x6000021d8b40;  1 drivers
v0x6000022f01b0_0 .net *"_ivl_71", 4 0, L_0x6000021d9ae0;  1 drivers
v0x6000022f0240_0 .net *"_ivl_72", 31 0, L_0x6000021d9b80;  1 drivers
v0x6000022f02d0_0 .net *"_ivl_75", 0 0, L_0x6000021d9c20;  1 drivers
v0x6000022f0360_0 .net *"_ivl_76", 19 0, L_0x6000021d9cc0;  1 drivers
v0x6000022f03f0_0 .net *"_ivl_79", 0 0, L_0x6000021d9d60;  1 drivers
L_0x7ff293873170 .functor BUFT 1, C4<000>, C4<0>, C4<0>, C4<0>;
v0x6000022f0480_0 .net/2u *"_ivl_8", 2 0, L_0x7ff293873170;  1 drivers
v0x6000022f0510_0 .net *"_ivl_81", 5 0, L_0x6000021d9e00;  1 drivers
v0x6000022f05a0_0 .net *"_ivl_83", 3 0, L_0x6000021d9ea0;  1 drivers
L_0x7ff2938732d8 .functor BUFT 1, C4<0>, C4<0>, C4<0>, C4<0>;
v0x6000022f0630_0 .net/2u *"_ivl_84", 0 0, L_0x7ff2938732d8;  1 drivers
v0x6000022f06c0_0 .net *"_ivl_86", 31 0, L_0x6000021d9f40;  1 drivers
v0x6000022f0750_0 .net *"_ivl_88", 31 0, L_0x6000021d9fe0;  1 drivers
v0x6000022f07e0_0 .net *"_ivl_90", 31 0, L_0x6000021da080;  1 drivers
v0x6000022f0870_0 .net *"_ivl_92", 31 0, L_0x6000021da120;  1 drivers
v0x6000022f0900_0 .net "data_i", 31 0, v0x6000022f6b50_0;  alias, 1 drivers
v0x6000022f0990_0 .net "data_o", 31 0, L_0x6000021da1c0;  alias, 1 drivers
L_0x6000021d8a00 .part v0x6000022f6b50_0, 0, 7;
L_0x6000021d8aa0 .cmp/eq 7, L_0x6000021d8a00, L_0x7ff293873128;
L_0x6000021d8b40 .part v0x6000022f6b50_0, 12, 3;
L_0x6000021d8be0 .cmp/eq 3, L_0x6000021d8b40, L_0x7ff293873170;
L_0x6000021d8c80 .part v0x6000022f6b50_0, 31, 1;
LS_0x6000021d8d20_0_0 .concat [ 1 1 1 1], L_0x6000021d8c80, L_0x6000021d8c80, L_0x6000021d8c80, L_0x6000021d8c80;
LS_0x6000021d8d20_0_4 .concat [ 1 1 1 1], L_0x6000021d8c80, L_0x6000021d8c80, L_0x6000021d8c80, L_0x6000021d8c80;
LS_0x6000021d8d20_0_8 .concat [ 1 1 1 1], L_0x6000021d8c80, L_0x6000021d8c80, L_0x6000021d8c80, L_0x6000021d8c80;
LS_0x6000021d8d20_0_12 .concat [ 1 1 1 1], L_0x6000021d8c80, L_0x6000021d8c80, L_0x6000021d8c80, L_0x6000021d8c80;
LS_0x6000021d8d20_0_16 .concat [ 1 1 1 1], L_0x6000021d8c80, L_0x6000021d8c80, L_0x6000021d8c80, L_0x6000021d8c80;
LS_0x6000021d8d20_1_0 .concat [ 4 4 4 4], LS_0x6000021d8d20_0_0, LS_0x6000021d8d20_0_4, LS_0x6000021d8d20_0_8, LS_0x6000021d8d20_0_12;
LS_0x6000021d8d20_1_4 .concat [ 4 0 0 0], LS_0x6000021d8d20_0_16;
L_0x6000021d8d20 .concat [ 16 4 0 0], LS_0x6000021d8d20_1_0, LS_0x6000021d8d20_1_4;
L_0x6000021d8dc0 .part v0x6000022f6b50_0, 20, 12;
L_0x6000021d8e60 .concat [ 12 20 0 0], L_0x6000021d8dc0, L_0x6000021d8d20;
L_0x6000021d8f00 .part v0x6000022f6b50_0, 0, 7;
L_0x6000021d8fa0 .cmp/eq 7, L_0x6000021d8f00, L_0x7ff2938731b8;
L_0x6000021d9040 .part v0x6000022f6b50_0, 12, 3;
L_0x6000021d90e0 .cmp/eq 3, L_0x6000021d9040, L_0x7ff293873200;
L_0x6000021d9180 .part v0x6000022f6b50_0, 24, 1;
LS_0x6000021d9220_0_0 .concat [ 1 1 1 1], L_0x6000021d9180, L_0x6000021d9180, L_0x6000021d9180, L_0x6000021d9180;
LS_0x6000021d9220_0_4 .concat [ 1 1 1 1], L_0x6000021d9180, L_0x6000021d9180, L_0x6000021d9180, L_0x6000021d9180;
LS_0x6000021d9220_0_8 .concat [ 1 1 1 1], L_0x6000021d9180, L_0x6000021d9180, L_0x6000021d9180, L_0x6000021d9180;
LS_0x6000021d9220_0_12 .concat [ 1 1 1 1], L_0x6000021d9180, L_0x6000021d9180, L_0x6000021d9180, L_0x6000021d9180;
LS_0x6000021d9220_0_16 .concat [ 1 1 1 1], L_0x6000021d9180, L_0x6000021d9180, L_0x6000021d9180, L_0x6000021d9180;
LS_0x6000021d9220_0_20 .concat [ 1 1 1 1], L_0x6000021d9180, L_0x6000021d9180, L_0x6000021d9180, L_0x6000021d9180;
LS_0x6000021d9220_0_24 .concat [ 1 1 1 0], L_0x6000021d9180, L_0x6000021d9180, L_0x6000021d9180;
LS_0x6000021d9220_1_0 .concat [ 4 4 4 4], LS_0x6000021d9220_0_0, LS_0x6000021d9220_0_4, LS_0x6000021d9220_0_8, LS_0x6000021d9220_0_12;
LS_0x6000021d9220_1_4 .concat [ 4 4 3 0], LS_0x6000021d9220_0_16, LS_0x6000021d9220_0_20, LS_0x6000021d9220_0_24;
L_0x6000021d9220 .concat [ 16 11 0 0], LS_0x6000021d9220_1_0, LS_0x6000021d9220_1_4;
L_0x6000021d92c0 .part v0x6000022f6b50_0, 20, 5;
L_0x6000021d9360 .concat [ 5 27 0 0], L_0x6000021d92c0, L_0x6000021d9220;
L_0x6000021d9400 .part v0x6000022f6b50_0, 0, 7;
L_0x6000021d94a0 .cmp/eq 7, L_0x6000021d9400, L_0x7ff293873248;
L_0x6000021d9540 .part v0x6000022f6b50_0, 31, 1;
LS_0x6000021d9680_0_0 .concat [ 1 1 1 1], L_0x6000021d9540, L_0x6000021d9540, L_0x6000021d9540, L_0x6000021d9540;
LS_0x6000021d9680_0_4 .concat [ 1 1 1 1], L_0x6000021d9540, L_0x6000021d9540, L_0x6000021d9540, L_0x6000021d9540;
LS_0x6000021d9680_0_8 .concat [ 1 1 1 1], L_0x6000021d9540, L_0x6000021d9540, L_0x6000021d9540, L_0x6000021d9540;
LS_0x6000021d9680_0_12 .concat [ 1 1 1 1], L_0x6000021d9540, L_0x6000021d9540, L_0x6000021d9540, L_0x6000021d9540;
LS_0x6000021d9680_0_16 .concat [ 1 1 1 1], L_0x6000021d9540, L_0x6000021d9540, L_0x6000021d9540, L_0x6000021d9540;
LS_0x6000021d9680_1_0 .concat [ 4 4 4 4], LS_0x6000021d9680_0_0, LS_0x6000021d9680_0_4, LS_0x6000021d9680_0_8, LS_0x6000021d9680_0_12;
LS_0x6000021d9680_1_4 .concat [ 4 0 0 0], LS_0x6000021d9680_0_16;
L_0x6000021d9680 .concat [ 16 4 0 0], LS_0x6000021d9680_1_0, LS_0x6000021d9680_1_4;
L_0x6000021d9720 .part v0x6000022f6b50_0, 20, 12;
L_0x6000021d95e0 .concat [ 12 20 0 0], L_0x6000021d9720, L_0x6000021d9680;
L_0x6000021d97c0 .part v0x6000022f6b50_0, 0, 7;
L_0x6000021d9860 .cmp/eq 7, L_0x6000021d97c0, L_0x7ff293873290;
L_0x6000021d9900 .part v0x6000022f6b50_0, 31, 1;
LS_0x6000021d99a0_0_0 .concat [ 1 1 1 1], L_0x6000021d9900, L_0x6000021d9900, L_0x6000021d9900, L_0x6000021d9900;
LS_0x6000021d99a0_0_4 .concat [ 1 1 1 1], L_0x6000021d9900, L_0x6000021d9900, L_0x6000021d9900, L_0x6000021d9900;
LS_0x6000021d99a0_0_8 .concat [ 1 1 1 1], L_0x6000021d9900, L_0x6000021d9900, L_0x6000021d9900, L_0x6000021d9900;
LS_0x6000021d99a0_0_12 .concat [ 1 1 1 1], L_0x6000021d9900, L_0x6000021d9900, L_0x6000021d9900, L_0x6000021d9900;
LS_0x6000021d99a0_0_16 .concat [ 1 1 1 1], L_0x6000021d9900, L_0x6000021d9900, L_0x6000021d9900, L_0x6000021d9900;
LS_0x6000021d99a0_1_0 .concat [ 4 4 4 4], LS_0x6000021d99a0_0_0, LS_0x6000021d99a0_0_4, LS_0x6000021d99a0_0_8, LS_0x6000021d99a0_0_12;
LS_0x6000021d99a0_1_4 .concat [ 4 0 0 0], LS_0x6000021d99a0_0_16;
L_0x6000021d99a0 .concat [ 16 4 0 0], LS_0x6000021d99a0_1_0, LS_0x6000021d99a0_1_4;
L_0x6000021d9a40 .part v0x6000022f6b50_0, 25, 7;
L_0x6000021d9ae0 .part v0x6000022f6b50_0, 7, 5;
L_0x6000021d9b80 .concat [ 5 7 20 0], L_0x6000021d9ae0, L_0x6000021d9a40, L_0x6000021d99a0;
L_0x6000021d9c20 .part v0x6000022f6b50_0, 31, 1;
LS_0x6000021d9cc0_0_0 .concat [ 1 1 1 1], L_0x6000021d9c20, L_0x6000021d9c20, L_0x6000021d9c20, L_0x6000021d9c20;
LS_0x6000021d9cc0_0_4 .concat [ 1 1 1 1], L_0x6000021d9c20, L_0x6000021d9c20, L_0x6000021d9c20, L_0x6000021d9c20;
LS_0x6000021d9cc0_0_8 .concat [ 1 1 1 1], L_0x6000021d9c20, L_0x6000021d9c20, L_0x6000021d9c20, L_0x6000021d9c20;
LS_0x6000021d9cc0_0_12 .concat [ 1 1 1 1], L_0x6000021d9c20, L_0x6000021d9c20, L_0x6000021d9c20, L_0x6000021d9c20;
LS_0x6000021d9cc0_0_16 .concat [ 1 1 1 1], L_0x6000021d9c20, L_0x6000021d9c20, L_0x6000021d9c20, L_0x6000021d9c20;
LS_0x6000021d9cc0_1_0 .concat [ 4 4 4 4], LS_0x6000021d9cc0_0_0, LS_0x6000021d9cc0_0_4, LS_0x6000021d9cc0_0_8, LS_0x6000021d9cc0_0_12;
LS_0x6000021d9cc0_1_4 .concat [ 4 0 0 0], LS_0x6000021d9cc0_0_16;
L_0x6000021d9cc0 .concat [ 16 4 0 0], LS_0x6000021d9cc0_1_0, LS_0x6000021d9cc0_1_4;
L_0x6000021d9d60 .part v0x6000022f6b50_0, 7, 1;
L_0x6000021d9e00 .part v0x6000022f6b50_0, 25, 6;
L_0x6000021d9ea0 .part v0x6000022f6b50_0, 8, 4;
LS_0x6000021d9f40_0_0 .concat [ 1 4 6 1], L_0x7ff2938732d8, L_0x6000021d9ea0, L_0x6000021d9e00, L_0x6000021d9d60;
LS_0x6000021d9f40_0_4 .concat [ 20 0 0 0], L_0x6000021d9cc0;
L_0x6000021d9f40 .concat [ 12 20 0 0], LS_0x6000021d9f40_0_0, LS_0x6000021d9f40_0_4;
L_0x6000021d9fe0 .functor MUXZ 32, L_0x6000021d9f40, L_0x6000021d9b80, L_0x6000021d9860, C4<>;
L_0x6000021da080 .functor MUXZ 32, L_0x6000021d9fe0, L_0x6000021d95e0, L_0x6000021d94a0, C4<>;
L_0x6000021da120 .functor MUXZ 32, L_0x6000021da080, L_0x6000021d9360, L_0x600003bd1f80, C4<>;
L_0x6000021da1c0 .functor MUXZ 32, L_0x6000021da120, L_0x6000021d8e60, L_0x600003bd1f10, C4<>;
S_0x7ff29390b090 .scope module, "Instruction_Memory" "Instruction_Memory" 3 108, 16 1 0, S_0x7ff293906e30;
 .timescale 0 0;
    .port_info 0 /INPUT 32 "addr_i";
    .port_info 1 /OUTPUT 32 "instr_o";
L_0x600003bd1dc0 .functor BUFZ 32, L_0x6000021d81e0, C4<00000000000000000000000000000000>, C4<00000000000000000000000000000000>, C4<00000000000000000000000000000000>;
v0x6000022f0a20_0 .net *"_ivl_0", 31 0, L_0x6000021d81e0;  1 drivers
v0x6000022f0ab0_0 .net *"_ivl_2", 31 0, L_0x6000021d8320;  1 drivers
v0x6000022f0b40_0 .net *"_ivl_4", 29 0, L_0x6000021d8280;  1 drivers
L_0x7ff293873050 .functor BUFT 1, C4<00>, C4<0>, C4<0>, C4<0>;
v0x6000022f0bd0_0 .net *"_ivl_6", 1 0, L_0x7ff293873050;  1 drivers
v0x6000022f0c60_0 .net "addr_i", 31 0, v0x6000022f2eb0_0;  alias, 1 drivers
v0x6000022f0cf0_0 .net "instr_o", 31 0, L_0x600003bd1dc0;  alias, 1 drivers
v0x6000022f0d80 .array "memory", 255 0, 31 0;
L_0x6000021d81e0 .array/port v0x6000022f0d80, L_0x6000021d8320;
L_0x6000021d8280 .part v0x6000022f2eb0_0, 2, 30;
L_0x6000021d8320 .concat [ 30 2 0 0], L_0x6000021d8280, L_0x7ff293873050;
S_0x7ff29390b200 .scope module, "MEM_WB" "MEM_WB" 3 278, 17 1 0, S_0x7ff293906e30;
 .timescale 0 0;
    .port_info 0 /INPUT 1 "clk_i";
    .port_info 1 /INPUT 1 "rst_i";
    .port_info 2 /INPUT 1 "RegWrite_i";
    .port_info 3 /INPUT 1 "MemtoReg_i";
    .port_info 4 /INPUT 32 "ALURet_i";
    .port_info 5 /INPUT 32 "ReadData_i";
    .port_info 6 /INPUT 5 "RDaddr_i";
    .port_info 7 /OUTPUT 1 "RegWrite_o";
    .port_info 8 /OUTPUT 1 "MemtoReg_o";
    .port_info 9 /OUTPUT 32 "ALURet_o";
    .port_info 10 /OUTPUT 32 "ReadData_o";
    .port_info 11 /OUTPUT 5 "RDaddr_o";
    .port_info 12 /NODIR 0 "";
v0x6000022f0e10_0 .net "ALURet_i", 31 0, v0x6000022c9c20_0;  alias, 1 drivers
v0x6000022f0ea0_0 .var "ALURet_o", 31 0;
v0x6000022f0f30_0 .net "MemtoReg_i", 0 0, v0x6000022c9f80_0;  alias, 1 drivers
v0x6000022f0fc0_0 .var "MemtoReg_o", 0 0;
v0x6000022f1050_0 .net "RDaddr_i", 4 0, v0x6000022ca0a0_0;  alias, 1 drivers
v0x6000022f10e0_0 .var "RDaddr_o", 4 0;
v0x6000022f1170_0 .net "ReadData_i", 31 0, L_0x6000021c5c20;  alias, 1 drivers
v0x6000022f1200_0 .var "ReadData_o", 31 0;
v0x6000022f1290_0 .net "RegWrite_i", 0 0, v0x6000022ca1c0_0;  alias, 1 drivers
v0x6000022f1320_0 .var "RegWrite_o", 0 0;
v0x6000022f13b0_0 .net "clk_i", 0 0, v0x6000022fdb90_0;  alias, 1 drivers
v0x6000022f1440_0 .net "rst_i", 0 0, v0x6000022fdc20_0;  alias, 1 drivers
S_0x7ff29390b370 .scope module, "MUX2_PC" "MUX2" 3 101, 18 1 0, S_0x7ff293906e30;
 .timescale 0 0;
    .port_info 0 /INPUT 32 "data0_i";
    .port_info 1 /INPUT 32 "data1_i";
    .port_info 2 /INPUT 1 "select_i";
    .port_info 3 /OUTPUT 32 "data_o";
v0x6000022f14d0_0 .net "data0_i", 31 0, L_0x6000021d8000;  alias, 1 drivers
v0x6000022f1560_0 .net "data1_i", 31 0, L_0x6000021d80a0;  alias, 1 drivers
v0x6000022f15f0_0 .net "data_o", 31 0, L_0x6000021d8140;  alias, 1 drivers
v0x6000022f1680_0 .net "select_i", 0 0, L_0x6000021db980;  alias, 1 drivers
L_0x6000021d8140 .functor MUXZ 32, L_0x6000021d8000, L_0x6000021d80a0, L_0x6000021db980, C4<>;
S_0x7ff29390b4e0 .scope module, "MUX2_WB" "MUX2" 3 195, 18 1 0, S_0x7ff293906e30;
 .timescale 0 0;
    .port_info 0 /INPUT 32 "data0_i";
    .port_info 1 /INPUT 32 "data1_i";
    .port_info 2 /INPUT 1 "select_i";
    .port_info 3 /OUTPUT 32 "data_o";
v0x6000022f1710_0 .net "data0_i", 31 0, v0x6000022f0ea0_0;  alias, 1 drivers
v0x6000022f17a0_0 .net "data1_i", 31 0, v0x6000022f1200_0;  alias, 1 drivers
v0x6000022f1830_0 .net "data_o", 31 0, L_0x6000021c5cc0;  alias, 1 drivers
v0x6000022f18c0_0 .net "select_i", 0 0, v0x6000022f0fc0_0;  alias, 1 drivers
L_0x6000021c5cc0 .functor MUXZ 32, v0x6000022f0ea0_0, v0x6000022f1200_0, v0x6000022f0fc0_0, C4<>;
S_0x7ff29390b650 .scope module, "MUX_ALUSrc" "MUX2" 3 166, 18 1 0, S_0x7ff293906e30;
 .timescale 0 0;
    .port_info 0 /INPUT 32 "data0_i";
    .port_info 1 /INPUT 32 "data1_i";
    .port_info 2 /INPUT 1 "select_i";
    .port_info 3 /OUTPUT 32 "data_o";
v0x6000022f1950_0 .net "data0_i", 31 0, L_0x6000021c4140;  alias, 1 drivers
v0x6000022f19e0_0 .net "data1_i", 31 0, v0x6000022f6760_0;  alias, 1 drivers
v0x6000022f1a70_0 .net "data_o", 31 0, L_0x6000021c41e0;  alias, 1 drivers
v0x6000022f1b00_0 .net "select_i", 0 0, v0x6000022f5ef0_0;  alias, 1 drivers
L_0x6000021c41e0 .functor MUXZ 32, L_0x6000021c4140, v0x6000022f6760_0, v0x6000022f5ef0_0, C4<>;
S_0x7ff29390b7c0 .scope module, "MUX_FA" "MUX4" 3 148, 19 1 0, S_0x7ff293906e30;
 .timescale 0 0;
    .port_info 0 /INPUT 32 "data0_i";
    .port_info 1 /INPUT 32 "data1_i";
    .port_info 2 /INPUT 32 "data2_i";
    .port_info 3 /INPUT 32 "data3_i";
    .port_info 4 /INPUT 2 "select_i";
    .port_info 5 /OUTPUT 32 "data_o";
L_0x7ff293873d88 .functor BUFT 1, C4<00>, C4<0>, C4<0>, C4<0>;
v0x6000022f1c20_0 .net/2u *"_ivl_0", 1 0, L_0x7ff293873d88;  1 drivers
v0x6000022f1cb0_0 .net *"_ivl_10", 0 0, L_0x6000021dbb60;  1 drivers
v0x6000022f1d40_0 .net *"_ivl_12", 31 0, L_0x6000021dbc00;  1 drivers
v0x6000022f1dd0_0 .net *"_ivl_14", 31 0, L_0x6000021dbca0;  1 drivers
v0x6000022f1e60_0 .net *"_ivl_2", 0 0, L_0x6000021dba20;  1 drivers
L_0x7ff293873dd0 .functor BUFT 1, C4<01>, C4<0>, C4<0>, C4<0>;
v0x6000022f1ef0_0 .net/2u *"_ivl_4", 1 0, L_0x7ff293873dd0;  1 drivers
v0x6000022f1f80_0 .net *"_ivl_6", 0 0, L_0x6000021dbac0;  1 drivers
L_0x7ff293873e18 .functor BUFT 1, C4<10>, C4<0>, C4<0>, C4<0>;
v0x6000022f2010_0 .net/2u *"_ivl_8", 1 0, L_0x7ff293873e18;  1 drivers
v0x6000022f20a0_0 .net "data0_i", 31 0, v0x6000022f6370_0;  alias, 1 drivers
v0x6000022f2130_0 .net "data1_i", 31 0, L_0x6000021c5cc0;  alias, 1 drivers
v0x6000022f21c0_0 .net "data2_i", 31 0, v0x6000022c9c20_0;  alias, 1 drivers
o0x7ff293847528 .functor BUFZ 32, C4<zzzzzzzzzzzzzzzzzzzzzzzzzzzzzzzz>; HiZ drive
v0x6000022f2250_0 .net "data3_i", 31 0, o0x7ff293847528;  0 drivers
v0x6000022f22e0_0 .net "data_o", 31 0, L_0x6000021dbd40;  alias, 1 drivers
v0x6000022f2370_0 .net "select_i", 1 0, L_0x6000021c6da0;  alias, 1 drivers
L_0x6000021dba20 .cmp/eq 2, L_0x6000021c6da0, L_0x7ff293873d88;
L_0x6000021dbac0 .cmp/eq 2, L_0x6000021c6da0, L_0x7ff293873dd0;
L_0x6000021dbb60 .cmp/eq 2, L_0x6000021c6da0, L_0x7ff293873e18;
L_0x6000021dbc00 .functor MUXZ 32, o0x7ff293847528, v0x6000022c9c20_0, L_0x6000021dbb60, C4<>;
L_0x6000021dbca0 .functor MUXZ 32, L_0x6000021dbc00, L_0x6000021c5cc0, L_0x6000021dbac0, C4<>;
L_0x6000021dbd40 .functor MUXZ 32, L_0x6000021dbca0, v0x6000022f6370_0, L_0x6000021dba20, C4<>;
S_0x7ff29390b930 .scope module, "MUX_FB" "MUX4" 3 157, 19 1 0, S_0x7ff293906e30;
 .timescale 0 0;
    .port_info 0 /INPUT 32 "data0_i";
    .port_info 1 /INPUT 32 "data1_i";
    .port_info 2 /INPUT 32 "data2_i";
    .port_info 3 /INPUT 32 "data3_i";
    .port_info 4 /INPUT 2 "select_i";
    .port_info 5 /OUTPUT 32 "data_o";
L_0x7ff293873e60 .functor BUFT 1, C4<00>, C4<0>, C4<0>, C4<0>;
v0x6000022f2490_0 .net/2u *"_ivl_0", 1 0, L_0x7ff293873e60;  1 drivers
v0x6000022f2520_0 .net *"_ivl_10", 0 0, L_0x6000021dbf20;  1 drivers
v0x6000022f25b0_0 .net *"_ivl_12", 31 0, L_0x6000021c4000;  1 drivers
v0x6000022f2640_0 .net *"_ivl_14", 31 0, L_0x6000021c40a0;  1 drivers
v0x6000022f26d0_0 .net *"_ivl_2", 0 0, L_0x6000021dbde0;  1 drivers
L_0x7ff293873ea8 .functor BUFT 1, C4<01>, C4<0>, C4<0>, C4<0>;
v0x6000022f2760_0 .net/2u *"_ivl_4", 1 0, L_0x7ff293873ea8;  1 drivers
v0x6000022f27f0_0 .net *"_ivl_6", 0 0, L_0x6000021dbe80;  1 drivers
L_0x7ff293873ef0 .functor BUFT 1, C4<10>, C4<0>, C4<0>, C4<0>;
v0x6000022f2880_0 .net/2u *"_ivl_8", 1 0, L_0x7ff293873ef0;  1 drivers
v0x6000022f2910_0 .net "data0_i", 31 0, v0x6000022f6490_0;  alias, 1 drivers
v0x6000022f29a0_0 .net "data1_i", 31 0, L_0x6000021c5cc0;  alias, 1 drivers
v0x6000022f2a30_0 .net "data2_i", 31 0, v0x6000022c9c20_0;  alias, 1 drivers
o0x7ff2938477f8 .functor BUFZ 32, C4<zzzzzzzzzzzzzzzzzzzzzzzzzzzzzzzz>; HiZ drive
v0x6000022f2ac0_0 .net "data3_i", 31 0, o0x7ff2938477f8;  0 drivers
v0x6000022f2b50_0 .net "data_o", 31 0, L_0x6000021c4140;  alias, 1 drivers
v0x6000022f2be0_0 .net "select_i", 1 0, L_0x6000021c7520;  alias, 1 drivers
L_0x6000021dbde0 .cmp/eq 2, L_0x6000021c7520, L_0x7ff293873e60;
L_0x6000021dbe80 .cmp/eq 2, L_0x6000021c7520, L_0x7ff293873ea8;
L_0x6000021dbf20 .cmp/eq 2, L_0x6000021c7520, L_0x7ff293873ef0;
L_0x6000021c4000 .functor MUXZ 32, o0x7ff2938477f8, v0x6000022c9c20_0, L_0x6000021dbf20, C4<>;
L_0x6000021c40a0 .functor MUXZ 32, L_0x6000021c4000, L_0x6000021c5cc0, L_0x6000021dbe80, C4<>;
L_0x6000021c4140 .functor MUXZ 32, L_0x6000021c40a0, v0x6000022f6490_0, L_0x6000021dbde0, C4<>;
S_0x7ff29390baa0 .scope module, "PC" "PC" 3 80, 20 1 0, S_0x7ff293906e30;
 .timescale 0 0;
    .port_info 0 /INPUT 1 "clk_i";
    .port_info 1 /INPUT 1 "rst_i";
    .port_info 2 /INPUT 1 "start_i";
    .port_info 3 /INPUT 1 "PCWrite_i";
    .port_info 4 /INPUT 32 "pc_i";
    .port_info 5 /OUTPUT 32 "pc_o";
v0x6000022f2d00_0 .net "PCWrite_i", 0 0, L_0x6000021c5f40;  alias, 1 drivers
v0x6000022f2d90_0 .net "clk_i", 0 0, v0x6000022fdb90_0;  alias, 1 drivers
v0x6000022f2e20_0 .net "pc_i", 31 0, L_0x6000021d8140;  alias, 1 drivers
v0x6000022f2eb0_0 .var "pc_o", 31 0;
v0x6000022f2f40_0 .net "rst_i", 0 0, v0x6000022fdc20_0;  alias, 1 drivers
v0x6000022f2fd0_0 .net "start_i", 0 0, v0x6000022fdcb0_0;  alias, 1 drivers
S_0x7ff29390bc10 .scope module, "Registers" "Registers" 3 113, 21 1 0, S_0x7ff293906e30;
 .timescale 0 0;
    .port_info 0 /INPUT 1 "clk_i";
    .port_info 1 /INPUT 5 "RS1addr_i";
    .port_info 2 /INPUT 5 "RS2addr_i";
    .port_info 3 /INPUT 5 "RDaddr_i";
    .port_info 4 /INPUT 32 "RDdata_i";
    .port_info 5 /INPUT 1 "RegWrite_i";
    .port_info 6 /OUTPUT 32 "RS1data_o";
    .port_info 7 /OUTPUT 32 "RS2data_o";
L_0x600003bd1e30 .functor AND 1, L_0x6000021d83c0, v0x6000022f1320_0, C4<1>, C4<1>;
L_0x600003bd1ea0 .functor AND 1, L_0x6000021d8640, v0x6000022f1320_0, C4<1>, C4<1>;
v0x6000022f3060_0 .net "RDaddr_i", 4 0, v0x6000022f10e0_0;  alias, 1 drivers
v0x6000022f30f0_0 .net "RDdata_i", 31 0, L_0x6000021c5cc0;  alias, 1 drivers
v0x6000022f3180_0 .net "RS1addr_i", 4 0, L_0x6000021d88c0;  1 drivers
v0x6000022f3210_0 .net "RS1data_o", 31 0, L_0x6000021d85a0;  alias, 1 drivers
v0x6000022f32a0_0 .net "RS2addr_i", 4 0, L_0x6000021d8960;  1 drivers
v0x6000022f3330_0 .net "RS2data_o", 31 0, L_0x6000021d8820;  alias, 1 drivers
v0x6000022f33c0_0 .net "RegWrite_i", 0 0, v0x6000022f1320_0;  alias, 1 drivers
v0x6000022f3450_0 .net *"_ivl_0", 0 0, L_0x6000021d83c0;  1 drivers
v0x6000022f34e0_0 .net *"_ivl_12", 0 0, L_0x6000021d8640;  1 drivers
v0x6000022f3570_0 .net *"_ivl_15", 0 0, L_0x600003bd1ea0;  1 drivers
v0x6000022f3600_0 .net *"_ivl_16", 31 0, L_0x6000021d86e0;  1 drivers
v0x6000022f3690_0 .net *"_ivl_18", 6 0, L_0x6000021d8780;  1 drivers
L_0x7ff2938730e0 .functor BUFT 1, C4<00>, C4<0>, C4<0>, C4<0>;
v0x6000022f3720_0 .net *"_ivl_21", 1 0, L_0x7ff2938730e0;  1 drivers
v0x6000022f37b0_0 .net *"_ivl_3", 0 0, L_0x600003bd1e30;  1 drivers
v0x6000022f3840_0 .net *"_ivl_4", 31 0, L_0x6000021d8460;  1 drivers
v0x6000022f38d0_0 .net *"_ivl_6", 6 0, L_0x6000021d8500;  1 drivers
L_0x7ff293873098 .functor BUFT 1, C4<00>, C4<0>, C4<0>, C4<0>;
v0x6000022f3960_0 .net *"_ivl_9", 1 0, L_0x7ff293873098;  1 drivers
v0x6000022f39f0_0 .net "clk_i", 0 0, v0x6000022fdb90_0;  alias, 1 drivers
v0x6000022f3a80 .array/s "register", 31 0, 31 0;
L_0x6000021d83c0 .cmp/eq 5, L_0x6000021d88c0, v0x6000022f10e0_0;
L_0x6000021d8460 .array/port v0x6000022f3a80, L_0x6000021d8500;
L_0x6000021d8500 .concat [ 5 2 0 0], L_0x6000021d88c0, L_0x7ff293873098;
L_0x6000021d85a0 .functor MUXZ 32, L_0x6000021d8460, L_0x6000021c5cc0, L_0x600003bd1e30, C4<>;
L_0x6000021d8640 .cmp/eq 5, L_0x6000021d8960, v0x6000022f10e0_0;
L_0x6000021d86e0 .array/port v0x6000022f3a80, L_0x6000021d8780;
L_0x6000021d8780 .concat [ 5 2 0 0], L_0x6000021d8960, L_0x7ff2938730e0;
L_0x6000021d8820 .functor MUXZ 32, L_0x6000021d86e0, L_0x6000021c5cc0, L_0x600003bd1ea0, C4<>;
    .scope S_0x7ff29390baa0;
T_0 ;
    %wait E_0x600001ecc5d0;
    %load/vec4 v0x6000022f2f40_0;
    %flag_set/vec4 8;
    %jmp/0xz  T_0.0, 8;
    %pushi/vec4 0, 0, 32;
    %assign/vec4 v0x6000022f2eb0_0, 0;
    %jmp T_0.1;
T_0.0 ;
    %load/vec4 v0x6000022f2d00_0;
    %flag_set/vec4 8;
    %jmp/0xz  T_0.2, 8;
    %load/vec4 v0x6000022f2fd0_0;
    %flag_set/vec4 8;
    %jmp/0xz  T_0.4, 8;
    %load/vec4 v0x6000022f2e20_0;
    %assign/vec4 v0x6000022f2eb0_0, 0;
    %jmp T_0.5;
T_0.4 ;
    %load/vec4 v0x6000022f2eb0_0;
    %assign/vec4 v0x6000022f2eb0_0, 0;
T_0.5 ;
T_0.2 ;
T_0.1 ;
    %jmp T_0;
    .thread T_0;
    .scope S_0x7ff29390bc10;
T_1 ;
    %wait E_0x600001ecc7b0;
    %load/vec4 v0x6000022f33c0_0;
    %load/vec4 v0x6000022f3060_0;
    %pad/u 32;
    %pushi/vec4 0, 0, 32;
    %cmp/ne;
    %flag_get/vec4 4;
    %and;
    %flag_set/vec4 8;
    %jmp/0xz  T_1.0, 8;
    %load/vec4 v0x6000022f30f0_0;
    %load/vec4 v0x6000022f3060_0;
    %pad/u 7;
    %ix/vec4 3;
    %ix/load 4, 0, 0; Constant delay
    %assign/vec4/a/d v0x6000022f3a80, 0, 4;
T_1.0 ;
    %jmp T_1;
    .thread T_1;
    .scope S_0x7ff293904c70;
T_2 ;
    %wait E_0x600001ecc7b0;
    %load/vec4 v0x6000022c9560_0;
    %flag_set/vec4 8;
    %jmp/0xz  T_2.0, 8;
    %load/vec4 v0x6000022c99e0_0;
    %load/vec4 v0x6000022c98c0_0;
    %ix/load 4, 2, 0;
    %flag_set/imm 4, 0;
    %shiftr 4;
    %ix/vec4 3;
    %ix/load 4, 0, 0; Constant delay
    %assign/vec4/a/d v0x6000022c9b00, 0, 4;
T_2.0 ;
    %jmp T_2;
    .thread T_2;
    .scope S_0x7ff29390abb0;
T_3 ;
    %wait E_0x600001ecc5d0;
    %load/vec4 v0x6000022f6d00_0;
    %flag_set/vec4 8;
    %jmp/0xz  T_3.0, 8;
    %pushi/vec4 0, 0, 32;
    %assign/vec4 v0x6000022f6c70_0, 0;
    %pushi/vec4 0, 0, 32;
    %assign/vec4 v0x6000022f6b50_0, 0;
    %jmp T_3.1;
T_3.0 ;
    %load/vec4 v0x6000022f69a0_0;
    %load/vec4 v0x6000022f6d90_0;
    %nor/r;
    %and;
    %flag_set/vec4 8;
    %jmp/0xz  T_3.2, 8;
    %load/vec4 v0x6000022f6be0_0;
    %assign/vec4 v0x6000022f6c70_0, 0;
    %load/vec4 v0x6000022f6a30_0;
    %flag_set/vec4 8;
    %jmp/0 T_3.4, 8;
    %pushi/vec4 0, 0, 32;
    %jmp/1 T_3.5, 8;
T_3.4 ; End of true expr.
    %load/vec4 v0x6000022f6ac0_0;
    %jmp/0 T_3.5, 8;
 ; End of false expr.
    %blend;
T_3.5;
    %assign/vec4 v0x6000022f6b50_0, 0;
    %jmp T_3.3;
T_3.2 ;
    %load/vec4 v0x6000022f6c70_0;
    %assign/vec4 v0x6000022f6c70_0, 0;
    %load/vec4 v0x6000022f6b50_0;
    %assign/vec4 v0x6000022f6b50_0, 0;
T_3.3 ;
T_3.1 ;
    %jmp T_3;
    .thread T_3;
    .scope S_0x7ff29390a810;
T_4 ;
    %wait E_0x600001ecc5d0;
    %load/vec4 v0x6000022f6910_0;
    %flag_set/vec4 8;
    %jmp/0xz  T_4.0, 8;
    %pushi/vec4 0, 0, 1;
    %assign/vec4 v0x6000022f65b0_0, 0;
    %pushi/vec4 0, 0, 1;
    %assign/vec4 v0x6000022f6250_0, 0;
    %pushi/vec4 0, 0, 1;
    %assign/vec4 v0x6000022f6010_0, 0;
    %pushi/vec4 0, 0, 1;
    %assign/vec4 v0x6000022f6130_0, 0;
    %pushi/vec4 0, 0, 2;
    %assign/vec4 v0x6000022f5dd0_0, 0;
    %pushi/vec4 0, 0, 1;
    %assign/vec4 v0x6000022f5ef0_0, 0;
    %pushi/vec4 0, 0, 32;
    %assign/vec4 v0x6000022f6370_0, 0;
    %pushi/vec4 0, 0, 32;
    %assign/vec4 v0x6000022f6490_0, 0;
    %pushi/vec4 0, 0, 32;
    %assign/vec4 v0x6000022f6760_0, 0;
    %pushi/vec4 0, 0, 32;
    %assign/vec4 v0x6000022f6880_0, 0;
    %jmp T_4.1;
T_4.0 ;
    %load/vec4 v0x6000022f6520_0;
    %assign/vec4 v0x6000022f65b0_0, 0;
    %load/vec4 v0x6000022f61c0_0;
    %assign/vec4 v0x6000022f6250_0, 0;
    %load/vec4 v0x6000022f5f80_0;
    %assign/vec4 v0x6000022f6010_0, 0;
    %load/vec4 v0x6000022f60a0_0;
    %assign/vec4 v0x6000022f6130_0, 0;
    %load/vec4 v0x6000022f5d40_0;
    %assign/vec4 v0x6000022f5dd0_0, 0;
    %load/vec4 v0x6000022f5e60_0;
    %assign/vec4 v0x6000022f5ef0_0, 0;
    %load/vec4 v0x6000022f62e0_0;
    %assign/vec4 v0x6000022f6370_0, 0;
    %load/vec4 v0x6000022f6400_0;
    %assign/vec4 v0x6000022f6490_0, 0;
    %load/vec4 v0x6000022f66d0_0;
    %assign/vec4 v0x6000022f6760_0, 0;
    %load/vec4 v0x6000022f67f0_0;
    %assign/vec4 v0x6000022f6880_0, 0;
T_4.1 ;
    %jmp T_4;
    .thread T_4;
    .scope S_0x7ff293905f40;
T_5 ;
    %wait E_0x600001ecc5d0;
    %load/vec4 v0x6000022ca400_0;
    %flag_set/vec4 8;
    %jmp/0xz  T_5.0, 8;
    %pushi/vec4 0, 0, 1;
    %assign/vec4 v0x6000022ca1c0_0, 0;
    %pushi/vec4 0, 0, 1;
    %assign/vec4 v0x6000022c9f80_0, 0;
    %pushi/vec4 0, 0, 1;
    %assign/vec4 v0x6000022c9d40_0, 0;
    %pushi/vec4 0, 0, 1;
    %assign/vec4 v0x6000022c9e60_0, 0;
    %pushi/vec4 0, 0, 32;
    %assign/vec4 v0x6000022c9c20_0, 0;
    %pushi/vec4 0, 0, 32;
    %assign/vec4 v0x6000022ca2e0_0, 0;
    %pushi/vec4 0, 0, 5;
    %assign/vec4 v0x6000022ca0a0_0, 0;
    %jmp T_5.1;
T_5.0 ;
    %load/vec4 v0x6000022ca130_0;
    %assign/vec4 v0x6000022ca1c0_0, 0;
    %load/vec4 v0x6000022c9ef0_0;
    %assign/vec4 v0x6000022c9f80_0, 0;
    %load/vec4 v0x6000022c9cb0_0;
    %assign/vec4 v0x6000022c9d40_0, 0;
    %load/vec4 v0x6000022c9dd0_0;
    %assign/vec4 v0x6000022c9e60_0, 0;
    %load/vec4 v0x6000022c9b90_0;
    %assign/vec4 v0x6000022c9c20_0, 0;
    %load/vec4 v0x6000022ca250_0;
    %assign/vec4 v0x6000022ca2e0_0, 0;
    %load/vec4 v0x6000022ca010_0;
    %assign/vec4 v0x6000022ca0a0_0, 0;
T_5.1 ;
    %jmp T_5;
    .thread T_5;
    .scope S_0x7ff29390b200;
T_6 ;
    %wait E_0x600001ecc5d0;
    %load/vec4 v0x6000022f1440_0;
    %flag_set/vec4 8;
    %jmp/0xz  T_6.0, 8;
    %pushi/vec4 0, 0, 1;
    %assign/vec4 v0x6000022f1320_0, 0;
    %pushi/vec4 0, 0, 1;
    %assign/vec4 v0x6000022f0fc0_0, 0;
    %pushi/vec4 0, 0, 32;
    %assign/vec4 v0x6000022f0ea0_0, 0;
    %pushi/vec4 0, 0, 32;
    %assign/vec4 v0x6000022f1200_0, 0;
    %pushi/vec4 0, 0, 5;
    %assign/vec4 v0x6000022f10e0_0, 0;
    %jmp T_6.1;
T_6.0 ;
    %load/vec4 v0x6000022f1290_0;
    %assign/vec4 v0x6000022f1320_0, 0;
    %load/vec4 v0x6000022f0f30_0;
    %assign/vec4 v0x6000022f0fc0_0, 0;
    %load/vec4 v0x6000022f0e10_0;
    %assign/vec4 v0x6000022f0ea0_0, 0;
    %load/vec4 v0x6000022f1170_0;
    %assign/vec4 v0x6000022f1200_0, 0;
    %load/vec4 v0x6000022f1050_0;
    %assign/vec4 v0x6000022f10e0_0, 0;
T_6.1 ;
    %jmp T_6;
    .thread T_6;
    .scope S_0x7ff293906cc0;
T_7 ;
    %delay 25, 0;
    %load/vec4 v0x6000022fdb90_0;
    %inv;
    %store/vec4 v0x6000022fdb90_0, 0, 1;
    %jmp T_7;
    .thread T_7;
    .scope S_0x7ff293906cc0;
T_8 ;
    %vpi_call 2 21 "$dumpfile", "CPU.vcd" {0 0 0};
    %vpi_call 2 22 "$dumpvars" {0 0 0};
    %pushi/vec4 0, 0, 32;
    %store/vec4 v0x6000022fdd40_0, 0, 32;
    %pushi/vec4 0, 0, 32;
    %store/vec4 v0x6000022fdf80_0, 0, 32;
    %pushi/vec4 0, 0, 32;
    %store/vec4 v0x6000022fddd0_0, 0, 32;
    %pushi/vec4 0, 0, 32;
    %store/vec4 v0x6000022fde60_0, 0, 32;
T_8.0 ;
    %load/vec4 v0x6000022fde60_0;
    %cmpi/s 256, 0, 32;
    %jmp/0xz T_8.1, 5;
    %pushi/vec4 0, 0, 32;
    %ix/getv/s 4, v0x6000022fde60_0;
    %store/vec4a v0x6000022f0d80, 4, 0;
    %load/vec4 v0x6000022fde60_0;
    %addi 1, 0, 32;
    %store/vec4 v0x6000022fde60_0, 0, 32;
    %jmp T_8.0;
T_8.1 ;
    %pushi/vec4 0, 0, 32;
    %store/vec4 v0x6000022fde60_0, 0, 32;
T_8.2 ;
    %load/vec4 v0x6000022fde60_0;
    %cmpi/s 32, 0, 32;
    %jmp/0xz T_8.3, 5;
    %pushi/vec4 0, 0, 32;
    %ix/getv/s 4, v0x6000022fde60_0;
    %store/vec4a v0x6000022c9b00, 4, 0;
    %load/vec4 v0x6000022fde60_0;
    %addi 1, 0, 32;
    %store/vec4 v0x6000022fde60_0, 0, 32;
    %jmp T_8.2;
T_8.3 ;
    %pushi/vec4 5, 0, 32;
    %ix/load 4, 0, 0;
    %flag_set/imm 4, 0;
    %store/vec4a v0x6000022c9b00, 4, 0;
    %pushi/vec4 6, 0, 32;
    %ix/load 4, 1, 0;
    %flag_set/imm 4, 0;
    %store/vec4a v0x6000022c9b00, 4, 0;
    %pushi/vec4 10, 0, 32;
    %ix/load 4, 2, 0;
    %flag_set/imm 4, 0;
    %store/vec4a v0x6000022c9b00, 4, 0;
    %pushi/vec4 18, 0, 32;
    %ix/load 4, 3, 0;
    %flag_set/imm 4, 0;
    %store/vec4a v0x6000022c9b00, 4, 0;
    %pushi/vec4 29, 0, 32;
    %ix/load 4, 4, 0;
    %flag_set/imm 4, 0;
    %store/vec4a v0x6000022c9b00, 4, 0;
    %pushi/vec4 0, 0, 32;
    %store/vec4 v0x6000022fde60_0, 0, 32;
T_8.4 ;
    %load/vec4 v0x6000022fde60_0;
    %cmpi/s 32, 0, 32;
    %jmp/0xz T_8.5, 5;
    %pushi/vec4 0, 0, 32;
    %ix/getv/s 4, v0x6000022fde60_0;
    %store/vec4a v0x6000022f3a80, 4, 0;
    %load/vec4 v0x6000022fde60_0;
    %addi 1, 0, 32;
    %store/vec4 v0x6000022fde60_0, 0, 32;
    %jmp T_8.4;
T_8.5 ;
    %pushi/vec4 4294967272, 0, 32;
    %ix/load 4, 24, 0;
    %flag_set/imm 4, 0;
    %store/vec4a v0x6000022f3a80, 4, 0;
    %pushi/vec4 4294967271, 0, 32;
    %ix/load 4, 25, 0;
    %flag_set/imm 4, 0;
    %store/vec4a v0x6000022f3a80, 4, 0;
    %pushi/vec4 4294967270, 0, 32;
    %ix/load 4, 26, 0;
    %flag_set/imm 4, 0;
    %store/vec4a v0x6000022f3a80, 4, 0;
    %pushi/vec4 4294967269, 0, 32;
    %ix/load 4, 27, 0;
    %flag_set/imm 4, 0;
    %store/vec4a v0x6000022f3a80, 4, 0;
    %pushi/vec4 56, 0, 32;
    %ix/load 4, 28, 0;
    %flag_set/imm 4, 0;
    %store/vec4a v0x6000022f3a80, 4, 0;
    %pushi/vec4 58, 0, 32;
    %ix/load 4, 29, 0;
    %flag_set/imm 4, 0;
    %store/vec4a v0x6000022f3a80, 4, 0;
    %pushi/vec4 60, 0, 32;
    %ix/load 4, 30, 0;
    %flag_set/imm 4, 0;
    %store/vec4a v0x6000022f3a80, 4, 0;
    %pushi/vec4 62, 0, 32;
    %ix/load 4, 31, 0;
    %flag_set/imm 4, 0;
    %store/vec4a v0x6000022f3a80, 4, 0;
    %vpi_call 2 62 "$readmemb", "instruction.txt", v0x6000022f0d80 {0 0 0};
    %vpi_func 2 67 "$fopen" 32, "output.txt" {0 0 0};
    %pushi/vec4 1, 0, 32;
    %or;
    %store/vec4 v0x6000022fdef0_0, 0, 32;
    %pushi/vec4 1, 0, 1;
    %store/vec4 v0x6000022fdb90_0, 0, 1;
    %pushi/vec4 1, 0, 1;
    %store/vec4 v0x6000022fdc20_0, 0, 1;
    %pushi/vec4 0, 0, 1;
    %store/vec4 v0x6000022fdcb0_0, 0, 1;
    %delay 12, 0;
    %pushi/vec4 0, 0, 1;
    %store/vec4 v0x6000022fdc20_0, 0, 1;
    %pushi/vec4 1, 0, 1;
    %store/vec4 v0x6000022fdcb0_0, 0, 1;
    %end;
    .thread T_8;
    .scope S_0x7ff293906cc0;
T_9 ;
    %wait E_0x600001ecc7b0;
    %load/vec4 v0x6000022fdd40_0;
    %cmpi/e 64, 0, 32;
    %jmp/0xz  T_9.0, 4;
    %vpi_call 2 82 "$finish" {0 0 0};
T_9.0 ;
    %load/vec4 v0x6000022f50e0_0;
    %pad/u 32;
    %pushi/vec4 1, 0, 32;
    %cmp/e;
    %flag_get/vec4 4;
    %load/vec4 v0x6000022d2a30_0;
    %pad/u 32;
    %pushi/vec4 0, 0, 32;
    %cmp/e;
    %flag_get/vec4 4;
    %and;
    %flag_set/vec4 8;
    %jmp/0xz  T_9.2, 8;
    %load/vec4 v0x6000022fdf80_0;
    %addi 1, 0, 32;
    %store/vec4 v0x6000022fdf80_0, 0, 32;
T_9.2 ;
    %load/vec4 v0x6000022fc480_0;
    %pad/u 32;
    %cmpi/e 1, 0, 32;
    %jmp/0xz  T_9.4, 4;
    %load/vec4 v0x6000022fddd0_0;
    %addi 1, 0, 32;
    %store/vec4 v0x6000022fddd0_0, 0, 32;
T_9.4 ;
    %vpi_call 2 90 "$fdisplay", v0x6000022fdef0_0, "cycle = %d, Start = %0d, Stall = %0d, Flush = %0d\012PC = %d", v0x6000022fdd40_0, v0x6000022fdcb0_0, v0x6000022fdf80_0, v0x6000022fddd0_0, v0x6000022f2eb0_0 {0 0 0};
    %vpi_call 2 97 "$fdisplay", v0x6000022fdef0_0, "Registers" {0 0 0};
    %vpi_call 2 98 "$fdisplay", v0x6000022fdef0_0, "x0 = %d, x8  = %d, x16 = %d, x24 = %d", &A<v0x6000022f3a80, 0>, &A<v0x6000022f3a80, 8>, &A<v0x6000022f3a80, 16>, &A<v0x6000022f3a80, 24> {0 0 0};
    %vpi_call 2 99 "$fdisplay", v0x6000022fdef0_0, "x1 = %d, x9  = %d, x17 = %d, x25 = %d", &A<v0x6000022f3a80, 1>, &A<v0x6000022f3a80, 9>, &A<v0x6000022f3a80, 17>, &A<v0x6000022f3a80, 25> {0 0 0};
    %vpi_call 2 100 "$fdisplay", v0x6000022fdef0_0, "x2 = %d, x10 = %d, x18 = %d, x26 = %d", &A<v0x6000022f3a80, 2>, &A<v0x6000022f3a80, 10>, &A<v0x6000022f3a80, 18>, &A<v0x6000022f3a80, 26> {0 0 0};
    %vpi_call 2 101 "$fdisplay", v0x6000022fdef0_0, "x3 = %d, x11 = %d, x19 = %d, x27 = %d", &A<v0x6000022f3a80, 3>, &A<v0x6000022f3a80, 11>, &A<v0x6000022f3a80, 19>, &A<v0x6000022f3a80, 27> {0 0 0};
    %vpi_call 2 102 "$fdisplay", v0x6000022fdef0_0, "x4 = %d, x12 = %d, x20 = %d, x28 = %d", &A<v0x6000022f3a80, 4>, &A<v0x6000022f3a80, 12>, &A<v0x6000022f3a80, 20>, &A<v0x6000022f3a80, 28> {0 0 0};
    %vpi_call 2 103 "$fdisplay", v0x6000022fdef0_0, "x5 = %d, x13 = %d, x21 = %d, x29 = %d", &A<v0x6000022f3a80, 5>, &A<v0x6000022f3a80, 13>, &A<v0x6000022f3a80, 21>, &A<v0x6000022f3a80, 29> {0 0 0};
    %vpi_call 2 104 "$fdisplay", v0x6000022fdef0_0, "x6 = %d, x14 = %d, x22 = %d, x30 = %d", &A<v0x6000022f3a80, 6>, &A<v0x6000022f3a80, 14>, &A<v0x6000022f3a80, 22>, &A<v0x6000022f3a80, 30> {0 0 0};
    %vpi_call 2 105 "$fdisplay", v0x6000022fdef0_0, "x7 = %d, x15 = %d, x23 = %d, x31 = %d", &A<v0x6000022f3a80, 7>, &A<v0x6000022f3a80, 15>, &A<v0x6000022f3a80, 23>, &A<v0x6000022f3a80, 31> {0 0 0};
    %vpi_call 2 109 "$fdisplay", v0x6000022fdef0_0, "Data Memory: 0x00 = %10d", &A<v0x6000022c9b00, 0> {0 0 0};
    %vpi_call 2 110 "$fdisplay", v0x6000022fdef0_0, "Data Memory: 0x04 = %10d", &A<v0x6000022c9b00, 1> {0 0 0};
    %vpi_call 2 111 "$fdisplay", v0x6000022fdef0_0, "Data Memory: 0x08 = %10d", &A<v0x6000022c9b00, 2> {0 0 0};
    %vpi_call 2 112 "$fdisplay", v0x6000022fdef0_0, "Data Memory: 0x0C = %10d", &A<v0x6000022c9b00, 3> {0 0 0};
    %vpi_call 2 113 "$fdisplay", v0x6000022fdef0_0, "Data Memory: 0x10 = %10d", &A<v0x6000022c9b00, 4> {0 0 0};
    %vpi_call 2 114 "$fdisplay", v0x6000022fdef0_0, "Data Memory: 0x14 = %10d", &A<v0x6000022c9b00, 5> {0 0 0};
    %vpi_call 2 115 "$fdisplay", v0x6000022fdef0_0, "Data Memory: 0x18 = %10d", &A<v0x6000022c9b00, 6> {0 0 0};
    %vpi_call 2 116 "$fdisplay", v0x6000022fdef0_0, "Data Memory: 0x1C = %10d", &A<v0x6000022c9b00, 7> {0 0 0};
    %vpi_call 2 118 "$fdisplay", v0x6000022fdef0_0, "\012" {0 0 0};
    %load/vec4 v0x6000022fdd40_0;
    %addi 1, 0, 32;
    %store/vec4 v0x6000022fdd40_0, 0, 32;
    %jmp T_9;
    .thread T_9;
# The file index is used to find the file name in the following table.
:file_names 22;
    "N/A";
    "<interactive>";
    "testbench.v";
    "CPU.v";
    "ALU.v";
    "ALU_Control.v";
    "Adder.v";
    "Control.v";
    "../ignore_codes/Data_Memory.v";
    "EX_MEM.v";
    "Flusher.v";
    "Forwarding_Unit.v";
    "Hazard_Detection_Unit.v";
    "ID_EX.v";
    "IF_ID.v";
    "IMM_GEN.v";
    "../ignore_codes/Instruction_Memory.v";
    "MEM_WB.v";
    "MUX2.v";
    "MUX4.v";
    "../ignore_codes/PC.v";
    "../ignore_codes/Registers.v";
