#! /usr/local/Cellar/icarus-verilog/11.0/bin/vvp
:ivl_version "11.0 (stable)";
:ivl_delay_selection "TYPICAL";
:vpi_time_precision + 0;
:vpi_module "/usr/local/Cellar/icarus-verilog/11.0/lib/ivl/system.vpi";
:vpi_module "/usr/local/Cellar/icarus-verilog/11.0/lib/ivl/vhdl_sys.vpi";
:vpi_module "/usr/local/Cellar/icarus-verilog/11.0/lib/ivl/vhdl_textio.vpi";
:vpi_module "/usr/local/Cellar/icarus-verilog/11.0/lib/ivl/v2005_math.vpi";
:vpi_module "/usr/local/Cellar/icarus-verilog/11.0/lib/ivl/va_math.vpi";
S_0x7f95d2920280 .scope module, "TestBench" "TestBench" 2 3;
 .timescale 0 0;
P_0x6000015a76c0 .param/l "num_cycles" 0 2 10, +C4<00000000000000000000000001000000>;
v0x600003297180_0 .var "Clk", 0 0;
v0x600003297210_0 .var "Reset", 0 0;
v0x6000032972a0_0 .var "Start", 0 0;
v0x600003297330_0 .var/i "counter", 31 0;
v0x6000032973c0_0 .var/i "flush", 31 0;
v0x600003297450_0 .var/i "i", 31 0;
v0x6000032974e0_0 .var/i "outfile", 31 0;
v0x600003297570_0 .var/i "stall", 31 0;
S_0x7f95d2925bc0 .scope module, "CPU" "CPU" 2 14, 3 1 0, S_0x7f95d2920280;
 .timescale 0 0;
    .port_info 0 /INPUT 1 "clk_i";
    .port_info 1 /INPUT 1 "rst_i";
    .port_info 2 /INPUT 1 "start_i";
P_0x6000015a7740 .param/l "four" 0 3 14, +C4<00000000000000000000000000000100>;
v0x600003295170_0 .net "ALUCtrl", 2 0, L_0x6000031ad720;  1 drivers
v0x600003295200_0 .net "ALUSrc1", 31 0, L_0x6000031b3ca0;  1 drivers
v0x600003295290_0 .net "ALUSrc2", 31 0, L_0x6000031ac140;  1 drivers
v0x600003295320_0 .net "Branch", 0 0, L_0x6000031b3660;  1 drivers
v0x6000032953b0_0 .net "EX_ALUOp", 1 0, v0x60000329c240_0;  1 drivers
v0x600003295440_0 .net "EX_ALURet", 31 0, L_0x6000031acc80;  1 drivers
v0x6000032954d0_0 .net "EX_ALUSrc", 0 0, v0x60000329c360_0;  1 drivers
v0x600003295560_0 .net "EX_IMM", 31 0, v0x60000329cbd0_0;  1 drivers
v0x6000032955f0_0 .net "EX_MemRead", 0 0, v0x60000329c480_0;  1 drivers
v0x600003295680_0 .net "EX_MemWrite", 0 0, v0x60000329c5a0_0;  1 drivers
v0x600003295710_0 .net "EX_MemtoReg", 0 0, v0x60000329c6c0_0;  1 drivers
v0x6000032957a0_0 .net "EX_RS1data", 31 0, v0x60000329c7e0_0;  1 drivers
v0x600003295830_0 .net "EX_RS2data", 31 0, v0x60000329c900_0;  1 drivers
v0x6000032958c0_0 .net "EX_RegWrite", 0 0, v0x60000329ca20_0;  1 drivers
v0x600003295950_0 .net "EX_WriteData", 31 0, L_0x6000031ac0a0;  1 drivers
v0x6000032959e0_0 .net "EX_instr", 31 0, v0x60000329ccf0_0;  1 drivers
v0x600003295a70_0 .net "Flush", 0 0, L_0x6000031b38e0;  1 drivers
v0x600003295b00_0 .net "ForwardA", 1 0, L_0x6000031aed00;  1 drivers
v0x600003295b90_0 .net "ForwardB", 1 0, L_0x6000031af480;  1 drivers
v0x600003295c20_0 .net "ID_ALUOp", 1 0, L_0x6000031b3020;  1 drivers
v0x600003295cb0_0 .net "ID_ALUSrc", 0 0, L_0x6000031b33e0;  1 drivers
v0x600003295d40_0 .net "ID_IMM", 31 0, L_0x6000031b2120;  1 drivers
v0x600003295dd0_0 .net "ID_MemRead", 0 0, L_0x6000031b29e0;  1 drivers
v0x600003295e60_0 .net "ID_MemWrite", 0 0, L_0x6000031b2c60;  1 drivers
v0x600003295ef0_0 .net "ID_MemtoReg", 0 0, L_0x6000031b2760;  1 drivers
v0x600003295f80_0 .net "ID_RS1data", 31 0, L_0x6000031b0500;  1 drivers
v0x600003296010_0 .net "ID_RS2data", 31 0, L_0x6000031b0780;  1 drivers
v0x6000032960a0_0 .net "ID_RegWrite", 0 0, L_0x6000031b24e0;  1 drivers
v0x600003296130_0 .net "ID_instr", 31 0, v0x60000329cfc0_0;  1 drivers
v0x6000032961c0_0 .net "ID_pc", 31 0, v0x60000329d0e0_0;  1 drivers
v0x600003296250_0 .net "IF_instr", 31 0, L_0x600002bb01c0;  1 drivers
v0x6000032962e0_0 .net "IF_pc", 31 0, v0x600003294510_0;  1 drivers
v0x600003296370_0 .net "IF_pc_4", 31 0, L_0x6000031b4000;  1 drivers
v0x600003296400_0 .net "IF_pc_imm", 31 0, L_0x6000031b0000;  1 drivers
v0x600003296490_0 .net "IF_pc_new", 31 0, L_0x6000031b00a0;  1 drivers
v0x600003296520_0 .net "MEM_ALURet", 31 0, v0x6000032a0090_0;  1 drivers
v0x6000032965b0_0 .net "MEM_MemRead", 0 0, v0x6000032a01b0_0;  1 drivers
v0x600003296640_0 .net "MEM_MemReadData", 31 0, L_0x6000031adb80;  1 drivers
v0x6000032966d0_0 .net "MEM_MemWrite", 0 0, v0x6000032a02d0_0;  1 drivers
v0x600003296760_0 .net "MEM_MemtoReg", 0 0, v0x6000032a03f0_0;  1 drivers
v0x6000032967f0_0 .net "MEM_RDaddr", 4 0, v0x6000032a0510_0;  1 drivers
v0x600003296880_0 .net "MEM_RegWrite", 0 0, v0x6000032a0630_0;  1 drivers
v0x600003296910_0 .net "MEM_WriteData", 31 0, v0x6000032a0750_0;  1 drivers
v0x6000032969a0_0 .net "NoOp", 0 0, L_0x6000031ae3a0;  1 drivers
v0x600003296a30_0 .net "PCWrite", 0 0, L_0x6000031adea0;  1 drivers
v0x600003296ac0_0 .net "Stall", 0 0, L_0x6000031ae120;  1 drivers
v0x600003296b50_0 .net "WB_ALURet", 31 0, v0x60000329f2a0_0;  1 drivers
v0x600003296be0_0 .net "WB_MemReadData", 31 0, v0x60000329f600_0;  1 drivers
v0x600003296c70_0 .net "WB_MemtoReg", 0 0, v0x60000329f3c0_0;  1 drivers
v0x600003296d00_0 .net "WB_RDaddr", 4 0, v0x60000329f4e0_0;  1 drivers
v0x600003296d90_0 .net "WB_RDdata", 31 0, L_0x6000031adc20;  1 drivers
v0x600003296e20_0 .net "WB_RegWrite", 0 0, v0x60000329f720_0;  1 drivers
v0x600003296eb0_0 .net *"_ivl_11", 2 0, L_0x6000031ad860;  1 drivers
v0x600003296f40_0 .net *"_ivl_9", 6 0, L_0x6000031ad7c0;  1 drivers
v0x600003296fd0_0 .net "clk_i", 0 0, v0x600003297180_0;  1 drivers
v0x600003297060_0 .net "rst_i", 0 0, v0x600003297210_0;  1 drivers
v0x6000032970f0_0 .net "start_i", 0 0, v0x6000032972a0_0;  1 drivers
L_0x6000031b0820 .part v0x60000329cfc0_0, 15, 5;
L_0x6000031b08c0 .part v0x60000329cfc0_0, 20, 5;
L_0x6000031b3700 .part v0x60000329cfc0_0, 0, 7;
L_0x6000031ad7c0 .part v0x60000329ccf0_0, 25, 7;
L_0x6000031ad860 .part v0x60000329ccf0_0, 12, 3;
L_0x6000031ad900 .concat [ 3 7 0 0], L_0x6000031ad860, L_0x6000031ad7c0;
L_0x6000031ae440 .part v0x60000329cfc0_0, 15, 5;
L_0x6000031ae4e0 .part v0x60000329cfc0_0, 20, 5;
L_0x6000031ae580 .part v0x60000329ccf0_0, 7, 5;
L_0x6000031af520 .part v0x60000329ccf0_0, 15, 5;
L_0x6000031af5c0 .part v0x60000329ccf0_0, 20, 5;
L_0x6000031af660 .part v0x60000329ccf0_0, 7, 5;
S_0x7f95d2906fc0 .scope module, "ALU" "ALU" 3 173, 4 1 0, S_0x7f95d2925bc0;
 .timescale 0 0;
    .port_info 0 /INPUT 32 "data1_i";
    .port_info 1 /INPUT 32 "data2_i";
    .port_info 2 /INPUT 3 "ALUCtrl_i";
    .port_info 3 /OUTPUT 32 "data_o";
    .port_info 4 /NODIR 0 "";
L_0x600002bb0690 .functor AND 32, L_0x6000031b3ca0, L_0x6000031ac140, C4<11111111111111111111111111111111>, C4<11111111111111111111111111111111>;
L_0x600002bb0700 .functor XOR 32, L_0x6000031b3ca0, L_0x6000031ac140, C4<00000000000000000000000000000000>, C4<00000000000000000000000000000000>;
v0x6000032aa490_0 .net "ALUCtrl_i", 2 0, L_0x6000031ad720;  alias, 1 drivers
L_0x7f95d2873f38 .functor BUFT 1, C4<000>, C4<0>, C4<0>, C4<0>;
v0x6000032aa5b0_0 .net/2u *"_ivl_0", 2 0, L_0x7f95d2873f38;  1 drivers
v0x6000032aa640_0 .net *"_ivl_10", 31 0, L_0x6000031ac3c0;  1 drivers
L_0x7f95d2873fc8 .functor BUFT 1, C4<010>, C4<0>, C4<0>, C4<0>;
v0x6000032aa6d0_0 .net/2u *"_ivl_12", 2 0, L_0x7f95d2873fc8;  1 drivers
v0x6000032aa760_0 .net *"_ivl_14", 0 0, L_0x6000031ac460;  1 drivers
v0x6000032aa7f0_0 .net *"_ivl_17", 31 0, L_0x6000031ac500;  1 drivers
L_0x7f95d2874010 .functor BUFT 1, C4<011>, C4<0>, C4<0>, C4<0>;
v0x6000032aa880_0 .net/2u *"_ivl_18", 2 0, L_0x7f95d2874010;  1 drivers
v0x6000032aa910_0 .net *"_ivl_2", 0 0, L_0x6000031ac1e0;  1 drivers
v0x6000032aa9a0_0 .net *"_ivl_20", 0 0, L_0x6000031ac5a0;  1 drivers
v0x6000032aaa30_0 .net *"_ivl_22", 31 0, L_0x600002bb0690;  1 drivers
L_0x7f95d2874058 .functor BUFT 1, C4<100>, C4<0>, C4<0>, C4<0>;
v0x6000032aaac0_0 .net/2u *"_ivl_24", 2 0, L_0x7f95d2874058;  1 drivers
v0x6000032aab50_0 .net *"_ivl_26", 0 0, L_0x6000031ac640;  1 drivers
v0x6000032aabe0_0 .net *"_ivl_28", 31 0, L_0x600002bb0700;  1 drivers
L_0x7f95d28740a0 .functor BUFT 1, C4<101>, C4<0>, C4<0>, C4<0>;
v0x6000032aac70_0 .net/2u *"_ivl_30", 2 0, L_0x7f95d28740a0;  1 drivers
v0x6000032aad00_0 .net *"_ivl_32", 0 0, L_0x6000031ac6e0;  1 drivers
v0x6000032aad90_0 .net *"_ivl_34", 31 0, L_0x6000031ac780;  1 drivers
v0x6000032aae20_0 .net *"_ivl_37", 4 0, L_0x6000031ac820;  1 drivers
v0x6000032aaeb0_0 .net *"_ivl_38", 31 0, L_0x6000031ac8c0;  1 drivers
v0x6000032aaf40_0 .net *"_ivl_4", 31 0, L_0x6000031ac280;  1 drivers
v0x6000032aafd0_0 .net *"_ivl_40", 31 0, L_0x6000031ac960;  1 drivers
v0x6000032ab060_0 .net *"_ivl_42", 31 0, L_0x6000031aca00;  1 drivers
v0x6000032ab0f0_0 .net *"_ivl_44", 31 0, L_0x6000031acaa0;  1 drivers
v0x6000032ab180_0 .net *"_ivl_46", 31 0, L_0x6000031acb40;  1 drivers
v0x6000032ab210_0 .net *"_ivl_48", 31 0, L_0x6000031acbe0;  1 drivers
L_0x7f95d2873f80 .functor BUFT 1, C4<001>, C4<0>, C4<0>, C4<0>;
v0x6000032ab2a0_0 .net/2u *"_ivl_6", 2 0, L_0x7f95d2873f80;  1 drivers
v0x6000032ab330_0 .net *"_ivl_8", 0 0, L_0x6000031ac320;  1 drivers
v0x6000032ab3c0_0 .net "data1_i", 31 0, L_0x6000031b3ca0;  alias, 1 drivers
v0x6000032ab450_0 .net "data2_i", 31 0, L_0x6000031ac140;  alias, 1 drivers
v0x6000032ab4e0_0 .net "data_o", 31 0, L_0x6000031acc80;  alias, 1 drivers
L_0x6000031ac1e0 .cmp/eq 3, L_0x6000031ad720, L_0x7f95d2873f38;
L_0x6000031ac280 .arith/sum 32, L_0x6000031b3ca0, L_0x6000031ac140;
L_0x6000031ac320 .cmp/eq 3, L_0x6000031ad720, L_0x7f95d2873f80;
L_0x6000031ac3c0 .arith/sub 32, L_0x6000031b3ca0, L_0x6000031ac140;
L_0x6000031ac460 .cmp/eq 3, L_0x6000031ad720, L_0x7f95d2873fc8;
L_0x6000031ac500 .arith/mult 32, L_0x6000031b3ca0, L_0x6000031ac140;
L_0x6000031ac5a0 .cmp/eq 3, L_0x6000031ad720, L_0x7f95d2874010;
L_0x6000031ac640 .cmp/eq 3, L_0x6000031ad720, L_0x7f95d2874058;
L_0x6000031ac6e0 .cmp/eq 3, L_0x6000031ad720, L_0x7f95d28740a0;
L_0x6000031ac780 .shift/l 32, L_0x6000031b3ca0, L_0x6000031ac140;
L_0x6000031ac820 .part L_0x6000031ac140, 0, 5;
L_0x6000031ac8c0 .shift/r 32, L_0x6000031b3ca0, L_0x6000031ac820;
L_0x6000031ac960 .functor MUXZ 32, L_0x6000031ac8c0, L_0x6000031ac780, L_0x6000031ac6e0, C4<>;
L_0x6000031aca00 .functor MUXZ 32, L_0x6000031ac960, L_0x600002bb0700, L_0x6000031ac640, C4<>;
L_0x6000031acaa0 .functor MUXZ 32, L_0x6000031aca00, L_0x600002bb0690, L_0x6000031ac5a0, C4<>;
L_0x6000031acb40 .functor MUXZ 32, L_0x6000031acaa0, L_0x6000031ac500, L_0x6000031ac460, C4<>;
L_0x6000031acbe0 .functor MUXZ 32, L_0x6000031acb40, L_0x6000031ac3c0, L_0x6000031ac320, C4<>;
L_0x6000031acc80 .functor MUXZ 32, L_0x6000031acbe0, L_0x6000031ac280, L_0x6000031ac1e0, C4<>;
S_0x7f95d2907130 .scope module, "ALU_Control" "ALU_Control" 3 180, 5 1 0, S_0x7f95d2925bc0;
 .timescale 0 0;
    .port_info 0 /INPUT 10 "funct_i";
    .port_info 1 /INPUT 2 "ALUOp_i";
    .port_info 2 /OUTPUT 3 "ALUCtrl_o";
v0x6000032ab570_0 .net "ALUCtrl_o", 2 0, L_0x6000031ad720;  alias, 1 drivers
v0x6000032ab600_0 .net "ALUOp_i", 1 0, v0x60000329c240_0;  alias, 1 drivers
L_0x7f95d28740e8 .functor BUFT 1, C4<00>, C4<0>, C4<0>, C4<0>;
v0x6000032ab690_0 .net/2u *"_ivl_0", 1 0, L_0x7f95d28740e8;  1 drivers
L_0x7f95d28741c0 .functor BUFT 1, C4<0100000000>, C4<0>, C4<0>, C4<0>;
v0x6000032ab720_0 .net/2u *"_ivl_10", 9 0, L_0x7f95d28741c0;  1 drivers
v0x6000032ab7b0_0 .net *"_ivl_12", 0 0, L_0x6000031ace60;  1 drivers
L_0x7f95d2874208 .functor BUFT 1, C4<001>, C4<0>, C4<0>, C4<0>;
v0x6000032ab840_0 .net/2u *"_ivl_14", 2 0, L_0x7f95d2874208;  1 drivers
L_0x7f95d2874250 .functor BUFT 1, C4<0000001000>, C4<0>, C4<0>, C4<0>;
v0x6000032ab8d0_0 .net/2u *"_ivl_16", 9 0, L_0x7f95d2874250;  1 drivers
v0x6000032ab960_0 .net *"_ivl_18", 0 0, L_0x6000031acf00;  1 drivers
v0x6000032ab9f0_0 .net *"_ivl_2", 0 0, L_0x6000031acd20;  1 drivers
L_0x7f95d2874298 .functor BUFT 1, C4<010>, C4<0>, C4<0>, C4<0>;
v0x6000032aba80_0 .net/2u *"_ivl_20", 2 0, L_0x7f95d2874298;  1 drivers
L_0x7f95d28742e0 .functor BUFT 1, C4<0000000111>, C4<0>, C4<0>, C4<0>;
v0x6000032abb10_0 .net/2u *"_ivl_22", 9 0, L_0x7f95d28742e0;  1 drivers
v0x6000032abba0_0 .net *"_ivl_24", 0 0, L_0x6000031acfa0;  1 drivers
L_0x7f95d2874328 .functor BUFT 1, C4<011>, C4<0>, C4<0>, C4<0>;
v0x6000032abc30_0 .net/2u *"_ivl_26", 2 0, L_0x7f95d2874328;  1 drivers
L_0x7f95d2874370 .functor BUFT 1, C4<0000000100>, C4<0>, C4<0>, C4<0>;
v0x6000032abcc0_0 .net/2u *"_ivl_28", 9 0, L_0x7f95d2874370;  1 drivers
v0x6000032abd50_0 .net *"_ivl_30", 0 0, L_0x6000031ad040;  1 drivers
L_0x7f95d28743b8 .functor BUFT 1, C4<100>, C4<0>, C4<0>, C4<0>;
v0x6000032abde0_0 .net/2u *"_ivl_32", 2 0, L_0x7f95d28743b8;  1 drivers
L_0x7f95d2874400 .functor BUFT 1, C4<101>, C4<0>, C4<0>, C4<0>;
v0x6000032abe70_0 .net/2u *"_ivl_34", 2 0, L_0x7f95d2874400;  1 drivers
v0x6000032abf00_0 .net *"_ivl_36", 2 0, L_0x6000031ad0e0;  1 drivers
v0x6000032a4000_0 .net *"_ivl_38", 2 0, L_0x6000031ad180;  1 drivers
L_0x7f95d2874130 .functor BUFT 1, C4<0000000000>, C4<0>, C4<0>, C4<0>;
v0x6000032a4090_0 .net/2u *"_ivl_4", 9 0, L_0x7f95d2874130;  1 drivers
v0x6000032a4120_0 .net *"_ivl_40", 2 0, L_0x6000031ad220;  1 drivers
v0x6000032a41b0_0 .net *"_ivl_42", 2 0, L_0x6000031ad2c0;  1 drivers
v0x6000032a4240_0 .net *"_ivl_44", 2 0, L_0x6000031ad360;  1 drivers
L_0x7f95d2874448 .functor BUFT 1, C4<01>, C4<0>, C4<0>, C4<0>;
v0x6000032a42d0_0 .net/2u *"_ivl_46", 1 0, L_0x7f95d2874448;  1 drivers
v0x6000032a4360_0 .net *"_ivl_48", 0 0, L_0x6000031ad400;  1 drivers
v0x6000032a43f0_0 .net *"_ivl_51", 2 0, L_0x6000031ad4a0;  1 drivers
L_0x7f95d2874490 .functor BUFT 1, C4<000>, C4<0>, C4<0>, C4<0>;
v0x6000032a4480_0 .net/2u *"_ivl_52", 2 0, L_0x7f95d2874490;  1 drivers
v0x6000032a4510_0 .net *"_ivl_54", 0 0, L_0x6000031ad540;  1 drivers
L_0x7f95d28744d8 .functor BUFT 1, C4<000>, C4<0>, C4<0>, C4<0>;
v0x6000032a45a0_0 .net/2u *"_ivl_56", 2 0, L_0x7f95d28744d8;  1 drivers
L_0x7f95d2874520 .functor BUFT 1, C4<110>, C4<0>, C4<0>, C4<0>;
v0x6000032a4630_0 .net/2u *"_ivl_58", 2 0, L_0x7f95d2874520;  1 drivers
v0x6000032a46c0_0 .net *"_ivl_6", 0 0, L_0x6000031acdc0;  1 drivers
v0x6000032a4750_0 .net *"_ivl_60", 2 0, L_0x6000031ad5e0;  1 drivers
L_0x7f95d2874568 .functor BUFT 1, C4<000>, C4<0>, C4<0>, C4<0>;
v0x6000032a47e0_0 .net/2u *"_ivl_62", 2 0, L_0x7f95d2874568;  1 drivers
v0x6000032a4870_0 .net *"_ivl_64", 2 0, L_0x6000031ad680;  1 drivers
L_0x7f95d2874178 .functor BUFT 1, C4<000>, C4<0>, C4<0>, C4<0>;
v0x6000032a4900_0 .net/2u *"_ivl_8", 2 0, L_0x7f95d2874178;  1 drivers
v0x6000032a4990_0 .net "funct_i", 9 0, L_0x6000031ad900;  1 drivers
L_0x6000031acd20 .cmp/eq 2, v0x60000329c240_0, L_0x7f95d28740e8;
L_0x6000031acdc0 .cmp/eq 10, L_0x6000031ad900, L_0x7f95d2874130;
L_0x6000031ace60 .cmp/eq 10, L_0x6000031ad900, L_0x7f95d28741c0;
L_0x6000031acf00 .cmp/eq 10, L_0x6000031ad900, L_0x7f95d2874250;
L_0x6000031acfa0 .cmp/eq 10, L_0x6000031ad900, L_0x7f95d28742e0;
L_0x6000031ad040 .cmp/eq 10, L_0x6000031ad900, L_0x7f95d2874370;
L_0x6000031ad0e0 .functor MUXZ 3, L_0x7f95d2874400, L_0x7f95d28743b8, L_0x6000031ad040, C4<>;
L_0x6000031ad180 .functor MUXZ 3, L_0x6000031ad0e0, L_0x7f95d2874328, L_0x6000031acfa0, C4<>;
L_0x6000031ad220 .functor MUXZ 3, L_0x6000031ad180, L_0x7f95d2874298, L_0x6000031acf00, C4<>;
L_0x6000031ad2c0 .functor MUXZ 3, L_0x6000031ad220, L_0x7f95d2874208, L_0x6000031ace60, C4<>;
L_0x6000031ad360 .functor MUXZ 3, L_0x6000031ad2c0, L_0x7f95d2874178, L_0x6000031acdc0, C4<>;
L_0x6000031ad400 .cmp/eq 2, v0x60000329c240_0, L_0x7f95d2874448;
L_0x6000031ad4a0 .part L_0x6000031ad900, 0, 3;
L_0x6000031ad540 .cmp/eq 3, L_0x6000031ad4a0, L_0x7f95d2874490;
L_0x6000031ad5e0 .functor MUXZ 3, L_0x7f95d2874520, L_0x7f95d28744d8, L_0x6000031ad540, C4<>;
L_0x6000031ad680 .functor MUXZ 3, L_0x7f95d2874568, L_0x6000031ad5e0, L_0x6000031ad400, C4<>;
L_0x6000031ad720 .functor MUXZ 3, L_0x6000031ad680, L_0x6000031ad360, L_0x6000031acd20, C4<>;
S_0x7f95d2905b80 .scope module, "Add_4" "Adder" 3 89, 6 1 0, S_0x7f95d2925bc0;
 .timescale 0 0;
    .port_info 0 /INPUT 32 "data1_in";
    .port_info 1 /INPUT 32 "data2_in";
    .port_info 2 /OUTPUT 32 "data_o";
v0x6000032a4a20_0 .net "data1_in", 31 0, v0x600003294510_0;  alias, 1 drivers
L_0x7f95d2873008 .functor BUFT 1, C4<00000000000000000000000000000100>, C4<0>, C4<0>, C4<0>;
v0x6000032a4ab0_0 .net "data2_in", 31 0, L_0x7f95d2873008;  1 drivers
v0x6000032a4b40_0 .net "data_o", 31 0, L_0x6000031b4000;  alias, 1 drivers
L_0x6000031b4000 .arith/sum 32, v0x600003294510_0, L_0x7f95d2873008;
S_0x7f95d2905cf0 .scope module, "Add_imm" "Adder" 3 95, 6 1 0, S_0x7f95d2925bc0;
 .timescale 0 0;
    .port_info 0 /INPUT 32 "data1_in";
    .port_info 1 /INPUT 32 "data2_in";
    .port_info 2 /OUTPUT 32 "data_o";
v0x6000032a4bd0_0 .net "data1_in", 31 0, v0x60000329d0e0_0;  alias, 1 drivers
v0x6000032a4c60_0 .net "data2_in", 31 0, L_0x6000031b2120;  alias, 1 drivers
v0x6000032a4cf0_0 .net "data_o", 31 0, L_0x6000031b0000;  alias, 1 drivers
L_0x6000031b0000 .arith/sum 32, v0x60000329d0e0_0, L_0x6000031b2120;
S_0x7f95d292d790 .scope module, "Control" "Control" 3 129, 7 1 0, S_0x7f95d2925bc0;
 .timescale 0 0;
    .port_info 0 /INPUT 7 "Op_i";
    .port_info 1 /INPUT 1 "NoOp_i";
    .port_info 2 /OUTPUT 1 "RegWrite_o";
    .port_info 3 /OUTPUT 1 "MemtoReg_o";
    .port_info 4 /OUTPUT 1 "MemRead_o";
    .port_info 5 /OUTPUT 1 "MemWrite_o";
    .port_info 6 /OUTPUT 2 "ALUOp_o";
    .port_info 7 /OUTPUT 1 "ALUSrc_o";
    .port_info 8 /OUTPUT 1 "Branch_o";
L_0x600002bb03f0 .functor OR 1, L_0x6000031b21c0, L_0x6000031b2260, C4<0>, C4<0>;
L_0x600002bb0460 .functor OR 1, L_0x600002bb03f0, L_0x6000031b2300, C4<0>, C4<0>;
L_0x600002bb04d0 .functor OR 1, L_0x6000031ae3a0, L_0x6000031b2d00, C4<0>, C4<0>;
L_0x600002bb0540 .functor OR 1, L_0x6000031b30c0, L_0x6000031b3160, C4<0>, C4<0>;
L_0x600002bb05b0 .functor OR 1, L_0x600002bb0540, L_0x6000031b3200, C4<0>, C4<0>;
v0x6000032a4d80_0 .net "ALUOp_o", 1 0, L_0x6000031b3020;  alias, 1 drivers
v0x6000032a4e10_0 .net "ALUSrc_o", 0 0, L_0x6000031b33e0;  alias, 1 drivers
v0x6000032a4ea0_0 .net "Branch_o", 0 0, L_0x6000031b3660;  alias, 1 drivers
v0x6000032a4f30_0 .net "MemRead_o", 0 0, L_0x6000031b29e0;  alias, 1 drivers
v0x6000032a4fc0_0 .net "MemWrite_o", 0 0, L_0x6000031b2c60;  alias, 1 drivers
v0x6000032a5050_0 .net "MemtoReg_o", 0 0, L_0x6000031b2760;  alias, 1 drivers
v0x6000032a50e0_0 .net "NoOp_i", 0 0, L_0x6000031ae3a0;  alias, 1 drivers
v0x6000032a5170_0 .net "Op_i", 6 0, L_0x6000031b3700;  1 drivers
v0x6000032a5200_0 .net "RegWrite_o", 0 0, L_0x6000031b24e0;  alias, 1 drivers
L_0x7f95d2873320 .functor BUFT 1, C4<00>, C4<0>, C4<0>, C4<0>;
v0x6000032a5290_0 .net/2s *"_ivl_0", 1 0, L_0x7f95d2873320;  1 drivers
v0x6000032a5320_0 .net *"_ivl_100", 1 0, L_0x6000031b2f80;  1 drivers
L_0x7f95d2873a28 .functor BUFT 1, C4<00>, C4<0>, C4<0>, C4<0>;
v0x6000032a53b0_0 .net/2s *"_ivl_104", 1 0, L_0x7f95d2873a28;  1 drivers
L_0x7f95d2873a70 .functor BUFT 1, C4<0010011>, C4<0>, C4<0>, C4<0>;
v0x6000032a5440_0 .net/2u *"_ivl_106", 6 0, L_0x7f95d2873a70;  1 drivers
v0x6000032a54d0_0 .net *"_ivl_108", 0 0, L_0x6000031b30c0;  1 drivers
v0x6000032a5560_0 .net *"_ivl_11", 0 0, L_0x600002bb03f0;  1 drivers
L_0x7f95d2873ab8 .functor BUFT 1, C4<0000011>, C4<0>, C4<0>, C4<0>;
v0x6000032a55f0_0 .net/2u *"_ivl_110", 6 0, L_0x7f95d2873ab8;  1 drivers
v0x6000032a5680_0 .net *"_ivl_112", 0 0, L_0x6000031b3160;  1 drivers
v0x6000032a5710_0 .net *"_ivl_115", 0 0, L_0x600002bb0540;  1 drivers
L_0x7f95d2873b00 .functor BUFT 1, C4<0100011>, C4<0>, C4<0>, C4<0>;
v0x6000032a57a0_0 .net/2u *"_ivl_116", 6 0, L_0x7f95d2873b00;  1 drivers
v0x6000032a5830_0 .net *"_ivl_118", 0 0, L_0x6000031b3200;  1 drivers
L_0x7f95d28733f8 .functor BUFT 1, C4<0000011>, C4<0>, C4<0>, C4<0>;
v0x6000032a58c0_0 .net/2u *"_ivl_12", 6 0, L_0x7f95d28733f8;  1 drivers
v0x6000032a5950_0 .net *"_ivl_121", 0 0, L_0x600002bb05b0;  1 drivers
L_0x7f95d2873b48 .functor BUFT 1, C4<01>, C4<0>, C4<0>, C4<0>;
v0x6000032a59e0_0 .net/2s *"_ivl_122", 1 0, L_0x7f95d2873b48;  1 drivers
L_0x7f95d2873b90 .functor BUFT 1, C4<00>, C4<0>, C4<0>, C4<0>;
v0x6000032a5a70_0 .net/2s *"_ivl_124", 1 0, L_0x7f95d2873b90;  1 drivers
v0x6000032a5b00_0 .net *"_ivl_126", 1 0, L_0x6000031b32a0;  1 drivers
v0x6000032a5b90_0 .net *"_ivl_128", 1 0, L_0x6000031b3340;  1 drivers
L_0x7f95d2873bd8 .functor BUFT 1, C4<00>, C4<0>, C4<0>, C4<0>;
v0x6000032a5c20_0 .net/2s *"_ivl_132", 1 0, L_0x7f95d2873bd8;  1 drivers
L_0x7f95d2873c20 .functor BUFT 1, C4<1100011>, C4<0>, C4<0>, C4<0>;
v0x6000032a5cb0_0 .net/2u *"_ivl_134", 6 0, L_0x7f95d2873c20;  1 drivers
v0x6000032a5d40_0 .net *"_ivl_136", 0 0, L_0x6000031b3480;  1 drivers
L_0x7f95d2873c68 .functor BUFT 1, C4<01>, C4<0>, C4<0>, C4<0>;
v0x6000032a5dd0_0 .net/2s *"_ivl_138", 1 0, L_0x7f95d2873c68;  1 drivers
v0x6000032a5e60_0 .net *"_ivl_14", 0 0, L_0x6000031b2300;  1 drivers
L_0x7f95d2873cb0 .functor BUFT 1, C4<00>, C4<0>, C4<0>, C4<0>;
v0x6000032a5ef0_0 .net/2s *"_ivl_140", 1 0, L_0x7f95d2873cb0;  1 drivers
v0x6000032a5f80_0 .net *"_ivl_142", 1 0, L_0x6000031b3520;  1 drivers
v0x6000032a6010_0 .net *"_ivl_144", 1 0, L_0x6000031b35c0;  1 drivers
v0x6000032a60a0_0 .net *"_ivl_17", 0 0, L_0x600002bb0460;  1 drivers
L_0x7f95d2873440 .functor BUFT 1, C4<01>, C4<0>, C4<0>, C4<0>;
v0x6000032a6130_0 .net/2s *"_ivl_18", 1 0, L_0x7f95d2873440;  1 drivers
L_0x7f95d2873368 .functor BUFT 1, C4<0110011>, C4<0>, C4<0>, C4<0>;
v0x6000032a61c0_0 .net/2u *"_ivl_2", 6 0, L_0x7f95d2873368;  1 drivers
L_0x7f95d2873488 .functor BUFT 1, C4<00>, C4<0>, C4<0>, C4<0>;
v0x6000032a6250_0 .net/2s *"_ivl_20", 1 0, L_0x7f95d2873488;  1 drivers
v0x6000032a62e0_0 .net *"_ivl_22", 1 0, L_0x6000031b23a0;  1 drivers
v0x6000032a6370_0 .net *"_ivl_24", 1 0, L_0x6000031b2440;  1 drivers
L_0x7f95d28734d0 .functor BUFT 1, C4<00>, C4<0>, C4<0>, C4<0>;
v0x6000032a6400_0 .net/2s *"_ivl_28", 1 0, L_0x7f95d28734d0;  1 drivers
L_0x7f95d2873518 .functor BUFT 1, C4<0000011>, C4<0>, C4<0>, C4<0>;
v0x6000032a6490_0 .net/2u *"_ivl_30", 6 0, L_0x7f95d2873518;  1 drivers
v0x6000032a6520_0 .net *"_ivl_32", 0 0, L_0x6000031b2580;  1 drivers
L_0x7f95d2873560 .functor BUFT 1, C4<01>, C4<0>, C4<0>, C4<0>;
v0x6000032a65b0_0 .net/2s *"_ivl_34", 1 0, L_0x7f95d2873560;  1 drivers
L_0x7f95d28735a8 .functor BUFT 1, C4<00>, C4<0>, C4<0>, C4<0>;
v0x6000032a6640_0 .net/2s *"_ivl_36", 1 0, L_0x7f95d28735a8;  1 drivers
v0x6000032a66d0_0 .net *"_ivl_38", 1 0, L_0x6000031b2620;  1 drivers
v0x6000032a6760_0 .net *"_ivl_4", 0 0, L_0x6000031b21c0;  1 drivers
v0x6000032a67f0_0 .net *"_ivl_40", 1 0, L_0x6000031b26c0;  1 drivers
L_0x7f95d28735f0 .functor BUFT 1, C4<00>, C4<0>, C4<0>, C4<0>;
v0x6000032a6880_0 .net/2s *"_ivl_44", 1 0, L_0x7f95d28735f0;  1 drivers
L_0x7f95d2873638 .functor BUFT 1, C4<0000011>, C4<0>, C4<0>, C4<0>;
v0x6000032a6910_0 .net/2u *"_ivl_46", 6 0, L_0x7f95d2873638;  1 drivers
v0x6000032a69a0_0 .net *"_ivl_48", 0 0, L_0x6000031b2800;  1 drivers
L_0x7f95d2873680 .functor BUFT 1, C4<01>, C4<0>, C4<0>, C4<0>;
v0x6000032a6a30_0 .net/2s *"_ivl_50", 1 0, L_0x7f95d2873680;  1 drivers
L_0x7f95d28736c8 .functor BUFT 1, C4<00>, C4<0>, C4<0>, C4<0>;
v0x6000032a6ac0_0 .net/2s *"_ivl_52", 1 0, L_0x7f95d28736c8;  1 drivers
v0x6000032a6b50_0 .net *"_ivl_54", 1 0, L_0x6000031b28a0;  1 drivers
v0x6000032a6be0_0 .net *"_ivl_56", 1 0, L_0x6000031b2940;  1 drivers
L_0x7f95d28733b0 .functor BUFT 1, C4<0010011>, C4<0>, C4<0>, C4<0>;
v0x6000032a6c70_0 .net/2u *"_ivl_6", 6 0, L_0x7f95d28733b0;  1 drivers
L_0x7f95d2873710 .functor BUFT 1, C4<00>, C4<0>, C4<0>, C4<0>;
v0x6000032a6d00_0 .net/2s *"_ivl_60", 1 0, L_0x7f95d2873710;  1 drivers
L_0x7f95d2873758 .functor BUFT 1, C4<0100011>, C4<0>, C4<0>, C4<0>;
v0x6000032a6d90_0 .net/2u *"_ivl_62", 6 0, L_0x7f95d2873758;  1 drivers
v0x6000032a6e20_0 .net *"_ivl_64", 0 0, L_0x6000031b2a80;  1 drivers
L_0x7f95d28737a0 .functor BUFT 1, C4<01>, C4<0>, C4<0>, C4<0>;
v0x6000032a6eb0_0 .net/2s *"_ivl_66", 1 0, L_0x7f95d28737a0;  1 drivers
L_0x7f95d28737e8 .functor BUFT 1, C4<00>, C4<0>, C4<0>, C4<0>;
v0x6000032a6f40_0 .net/2s *"_ivl_68", 1 0, L_0x7f95d28737e8;  1 drivers
v0x6000032a6fd0_0 .net *"_ivl_70", 1 0, L_0x6000031b2b20;  1 drivers
v0x6000032a7060_0 .net *"_ivl_72", 1 0, L_0x6000031b2bc0;  1 drivers
L_0x7f95d2873830 .functor BUFT 1, C4<0110011>, C4<0>, C4<0>, C4<0>;
v0x6000032a70f0_0 .net/2u *"_ivl_76", 6 0, L_0x7f95d2873830;  1 drivers
v0x6000032a7180_0 .net *"_ivl_78", 0 0, L_0x6000031b2d00;  1 drivers
v0x6000032a7210_0 .net *"_ivl_8", 0 0, L_0x6000031b2260;  1 drivers
v0x6000032a72a0_0 .net *"_ivl_81", 0 0, L_0x600002bb04d0;  1 drivers
L_0x7f95d2873878 .functor BUFT 1, C4<00>, C4<0>, C4<0>, C4<0>;
v0x6000032a7330_0 .net/2u *"_ivl_82", 1 0, L_0x7f95d2873878;  1 drivers
L_0x7f95d28738c0 .functor BUFT 1, C4<0010011>, C4<0>, C4<0>, C4<0>;
v0x6000032a73c0_0 .net/2u *"_ivl_84", 6 0, L_0x7f95d28738c0;  1 drivers
v0x6000032a7450_0 .net *"_ivl_86", 0 0, L_0x6000031b2e40;  1 drivers
L_0x7f95d2873908 .functor BUFT 1, C4<01>, C4<0>, C4<0>, C4<0>;
v0x6000032a74e0_0 .net/2u *"_ivl_88", 1 0, L_0x7f95d2873908;  1 drivers
L_0x7f95d2873950 .functor BUFT 1, C4<0000011>, C4<0>, C4<0>, C4<0>;
v0x6000032a7570_0 .net/2u *"_ivl_90", 6 0, L_0x7f95d2873950;  1 drivers
v0x6000032a7600_0 .net *"_ivl_92", 0 0, L_0x6000031b2ee0;  1 drivers
L_0x7f95d2873998 .functor BUFT 1, C4<10>, C4<0>, C4<0>, C4<0>;
v0x6000032a7690_0 .net/2u *"_ivl_94", 1 0, L_0x7f95d2873998;  1 drivers
L_0x7f95d28739e0 .functor BUFT 1, C4<11>, C4<0>, C4<0>, C4<0>;
v0x6000032a7720_0 .net/2u *"_ivl_96", 1 0, L_0x7f95d28739e0;  1 drivers
v0x6000032a77b0_0 .net *"_ivl_98", 1 0, L_0x6000031b2da0;  1 drivers
L_0x6000031b21c0 .cmp/eq 7, L_0x6000031b3700, L_0x7f95d2873368;
L_0x6000031b2260 .cmp/eq 7, L_0x6000031b3700, L_0x7f95d28733b0;
L_0x6000031b2300 .cmp/eq 7, L_0x6000031b3700, L_0x7f95d28733f8;
L_0x6000031b23a0 .functor MUXZ 2, L_0x7f95d2873488, L_0x7f95d2873440, L_0x600002bb0460, C4<>;
L_0x6000031b2440 .functor MUXZ 2, L_0x6000031b23a0, L_0x7f95d2873320, L_0x6000031ae3a0, C4<>;
L_0x6000031b24e0 .part L_0x6000031b2440, 0, 1;
L_0x6000031b2580 .cmp/eq 7, L_0x6000031b3700, L_0x7f95d2873518;
L_0x6000031b2620 .functor MUXZ 2, L_0x7f95d28735a8, L_0x7f95d2873560, L_0x6000031b2580, C4<>;
L_0x6000031b26c0 .functor MUXZ 2, L_0x6000031b2620, L_0x7f95d28734d0, L_0x6000031ae3a0, C4<>;
L_0x6000031b2760 .part L_0x6000031b26c0, 0, 1;
L_0x6000031b2800 .cmp/eq 7, L_0x6000031b3700, L_0x7f95d2873638;
L_0x6000031b28a0 .functor MUXZ 2, L_0x7f95d28736c8, L_0x7f95d2873680, L_0x6000031b2800, C4<>;
L_0x6000031b2940 .functor MUXZ 2, L_0x6000031b28a0, L_0x7f95d28735f0, L_0x6000031ae3a0, C4<>;
L_0x6000031b29e0 .part L_0x6000031b2940, 0, 1;
L_0x6000031b2a80 .cmp/eq 7, L_0x6000031b3700, L_0x7f95d2873758;
L_0x6000031b2b20 .functor MUXZ 2, L_0x7f95d28737e8, L_0x7f95d28737a0, L_0x6000031b2a80, C4<>;
L_0x6000031b2bc0 .functor MUXZ 2, L_0x6000031b2b20, L_0x7f95d2873710, L_0x6000031ae3a0, C4<>;
L_0x6000031b2c60 .part L_0x6000031b2bc0, 0, 1;
L_0x6000031b2d00 .cmp/eq 7, L_0x6000031b3700, L_0x7f95d2873830;
L_0x6000031b2e40 .cmp/eq 7, L_0x6000031b3700, L_0x7f95d28738c0;
L_0x6000031b2ee0 .cmp/eq 7, L_0x6000031b3700, L_0x7f95d2873950;
L_0x6000031b2da0 .functor MUXZ 2, L_0x7f95d28739e0, L_0x7f95d2873998, L_0x6000031b2ee0, C4<>;
L_0x6000031b2f80 .functor MUXZ 2, L_0x6000031b2da0, L_0x7f95d2873908, L_0x6000031b2e40, C4<>;
L_0x6000031b3020 .functor MUXZ 2, L_0x6000031b2f80, L_0x7f95d2873878, L_0x600002bb04d0, C4<>;
L_0x6000031b30c0 .cmp/eq 7, L_0x6000031b3700, L_0x7f95d2873a70;
L_0x6000031b3160 .cmp/eq 7, L_0x6000031b3700, L_0x7f95d2873ab8;
L_0x6000031b3200 .cmp/eq 7, L_0x6000031b3700, L_0x7f95d2873b00;
L_0x6000031b32a0 .functor MUXZ 2, L_0x7f95d2873b90, L_0x7f95d2873b48, L_0x600002bb05b0, C4<>;
L_0x6000031b3340 .functor MUXZ 2, L_0x6000031b32a0, L_0x7f95d2873a28, L_0x6000031ae3a0, C4<>;
L_0x6000031b33e0 .part L_0x6000031b3340, 0, 1;
L_0x6000031b3480 .cmp/eq 7, L_0x6000031b3700, L_0x7f95d2873c20;
L_0x6000031b3520 .functor MUXZ 2, L_0x7f95d2873cb0, L_0x7f95d2873c68, L_0x6000031b3480, C4<>;
L_0x6000031b35c0 .functor MUXZ 2, L_0x6000031b3520, L_0x7f95d2873bd8, L_0x6000031ae3a0, C4<>;
L_0x6000031b3660 .part L_0x6000031b35c0, 0, 1;
S_0x7f95d292d900 .scope module, "Data_Memory" "Data_Memory" 3 186, 8 1 0, S_0x7f95d2925bc0;
 .timescale 0 0;
    .port_info 0 /INPUT 1 "clk_i";
    .port_info 1 /INPUT 32 "addr_i";
    .port_info 2 /INPUT 1 "MemRead_i";
    .port_info 3 /INPUT 1 "MemWrite_i";
    .port_info 4 /INPUT 32 "data_i";
    .port_info 5 /OUTPUT 32 "data_o";
v0x6000032a78d0_0 .net "MemRead_i", 0 0, v0x6000032a01b0_0;  alias, 1 drivers
v0x6000032a7960_0 .net "MemWrite_i", 0 0, v0x6000032a02d0_0;  alias, 1 drivers
v0x6000032a79f0_0 .net *"_ivl_0", 31 0, L_0x6000031ad9a0;  1 drivers
v0x6000032a7a80_0 .net *"_ivl_2", 31 0, L_0x6000031adae0;  1 drivers
v0x6000032a7b10_0 .net *"_ivl_4", 29 0, L_0x6000031ada40;  1 drivers
L_0x7f95d28745b0 .functor BUFT 1, C4<00>, C4<0>, C4<0>, C4<0>;
v0x6000032a7ba0_0 .net *"_ivl_6", 1 0, L_0x7f95d28745b0;  1 drivers
L_0x7f95d28745f8 .functor BUFT 1, C4<00000000000000000000000000000000>, C4<0>, C4<0>, C4<0>;
v0x6000032a7c30_0 .net/2s *"_ivl_8", 31 0, L_0x7f95d28745f8;  1 drivers
v0x6000032a7cc0_0 .net "addr_i", 31 0, v0x6000032a0090_0;  alias, 1 drivers
v0x6000032a7d50_0 .net "clk_i", 0 0, v0x600003297180_0;  alias, 1 drivers
v0x6000032a7de0_0 .net "data_i", 31 0, v0x6000032a0750_0;  alias, 1 drivers
v0x6000032a7e70_0 .net "data_o", 31 0, L_0x6000031adb80;  alias, 1 drivers
v0x6000032a7f00 .array/s "memory", 1023 0, 31 0;
E_0x600000e88360 .event posedge, v0x6000032a7d50_0;
L_0x6000031ad9a0 .array/port v0x6000032a7f00, L_0x6000031adae0;
L_0x6000031ada40 .part v0x6000032a0090_0, 2, 30;
L_0x6000031adae0 .concat [ 30 2 0 0], L_0x6000031ada40, L_0x7f95d28745b0;
L_0x6000031adb80 .functor MUXZ 32, L_0x7f95d28745f8, L_0x6000031ad9a0, v0x6000032a01b0_0, C4<>;
S_0x7f95d291a260 .scope module, "EX_MEM" "EX_MEM" 3 259, 9 1 0, S_0x7f95d2925bc0;
 .timescale 0 0;
    .port_info 0 /INPUT 1 "clk_i";
    .port_info 1 /INPUT 1 "rst_i";
    .port_info 2 /INPUT 1 "RegWrite_i";
    .port_info 3 /INPUT 1 "MemtoReg_i";
    .port_info 4 /INPUT 1 "MemRead_i";
    .port_info 5 /INPUT 1 "MemWrite_i";
    .port_info 6 /INPUT 32 "ALURet_i";
    .port_info 7 /INPUT 32 "WriteData_i";
    .port_info 8 /INPUT 5 "RDaddr_i";
    .port_info 9 /OUTPUT 1 "RegWrite_o";
    .port_info 10 /OUTPUT 1 "MemtoReg_o";
    .port_info 11 /OUTPUT 1 "MemRead_o";
    .port_info 12 /OUTPUT 1 "MemWrite_o";
    .port_info 13 /OUTPUT 32 "ALURet_o";
    .port_info 14 /OUTPUT 32 "WriteData_o";
    .port_info 15 /OUTPUT 5 "RDaddr_o";
    .port_info 16 /NODIR 0 "";
v0x6000032a0000_0 .net "ALURet_i", 31 0, L_0x6000031acc80;  alias, 1 drivers
v0x6000032a0090_0 .var "ALURet_o", 31 0;
v0x6000032a0120_0 .net "MemRead_i", 0 0, v0x60000329c480_0;  alias, 1 drivers
v0x6000032a01b0_0 .var "MemRead_o", 0 0;
v0x6000032a0240_0 .net "MemWrite_i", 0 0, v0x60000329c5a0_0;  alias, 1 drivers
v0x6000032a02d0_0 .var "MemWrite_o", 0 0;
v0x6000032a0360_0 .net "MemtoReg_i", 0 0, v0x60000329c6c0_0;  alias, 1 drivers
v0x6000032a03f0_0 .var "MemtoReg_o", 0 0;
v0x6000032a0480_0 .net "RDaddr_i", 4 0, L_0x6000031af660;  1 drivers
v0x6000032a0510_0 .var "RDaddr_o", 4 0;
v0x6000032a05a0_0 .net "RegWrite_i", 0 0, v0x60000329ca20_0;  alias, 1 drivers
v0x6000032a0630_0 .var "RegWrite_o", 0 0;
v0x6000032a06c0_0 .net "WriteData_i", 31 0, L_0x6000031ac0a0;  alias, 1 drivers
v0x6000032a0750_0 .var "WriteData_o", 31 0;
v0x6000032a07e0_0 .net "clk_i", 0 0, v0x600003297180_0;  alias, 1 drivers
v0x6000032a0870_0 .net "rst_i", 0 0, v0x600003297210_0;  alias, 1 drivers
E_0x600000e88090 .event posedge, v0x6000032a0870_0, v0x6000032a7d50_0;
S_0x7f95d292c820 .scope module, "Flusher" "Flusher" 3 141, 10 1 0, S_0x7f95d2925bc0;
 .timescale 0 0;
    .port_info 0 /INPUT 32 "RS1data_i";
    .port_info 1 /INPUT 32 "RS2data_i";
    .port_info 2 /INPUT 1 "Branch_i";
    .port_info 3 /OUTPUT 1 "Flush_o";
L_0x600002bb0620 .functor AND 1, L_0x6000031b37a0, L_0x6000031b3660, C4<1>, C4<1>;
v0x6000032a0900_0 .net "Branch_i", 0 0, L_0x6000031b3660;  alias, 1 drivers
v0x6000032a0990_0 .net "Flush_o", 0 0, L_0x6000031b38e0;  alias, 1 drivers
v0x6000032a0a20_0 .net "RS1data_i", 31 0, L_0x6000031b0500;  alias, 1 drivers
v0x6000032a0ab0_0 .net "RS2data_i", 31 0, L_0x6000031b0780;  alias, 1 drivers
v0x6000032a0b40_0 .net *"_ivl_0", 0 0, L_0x6000031b37a0;  1 drivers
v0x6000032a0bd0_0 .net *"_ivl_3", 0 0, L_0x600002bb0620;  1 drivers
L_0x7f95d2873cf8 .functor BUFT 1, C4<01>, C4<0>, C4<0>, C4<0>;
v0x6000032a0c60_0 .net/2s *"_ivl_4", 1 0, L_0x7f95d2873cf8;  1 drivers
L_0x7f95d2873d40 .functor BUFT 1, C4<00>, C4<0>, C4<0>, C4<0>;
v0x6000032a0cf0_0 .net/2s *"_ivl_6", 1 0, L_0x7f95d2873d40;  1 drivers
v0x6000032a0d80_0 .net *"_ivl_8", 1 0, L_0x6000031b3840;  1 drivers
L_0x6000031b37a0 .cmp/eq 32, L_0x6000031b0500, L_0x6000031b0780;
L_0x6000031b3840 .functor MUXZ 2, L_0x7f95d2873d40, L_0x7f95d2873cf8, L_0x600002bb0620, C4<>;
L_0x6000031b38e0 .part L_0x6000031b3840, 0, 1;
S_0x7f95d292c990 .scope module, "Forwarding_Unit" "Forwarding_Unit" 3 212, 11 1 0, S_0x7f95d2925bc0;
 .timescale 0 0;
    .port_info 0 /INPUT 5 "EX_RS1addr_i";
    .port_info 1 /INPUT 5 "EX_RS2addr_i";
    .port_info 2 /INPUT 1 "MEM_RegWrite_i";
    .port_info 3 /INPUT 5 "MEM_RDaddr_i";
    .port_info 4 /INPUT 1 "WB_RegWrite_i";
    .port_info 5 /INPUT 5 "WB_RDaddr_i";
    .port_info 6 /OUTPUT 2 "ForwardA_o";
    .port_info 7 /OUTPUT 2 "ForwardB_o";
L_0x600002bb0a10 .functor AND 1, v0x6000032a0630_0, L_0x6000031ae6c0, C4<1>, C4<1>;
L_0x600002bb0a80 .functor AND 1, L_0x600002bb0a10, L_0x6000031ae760, C4<1>, C4<1>;
L_0x600002bb0af0 .functor AND 1, v0x60000329f720_0, L_0x6000031ae8a0, C4<1>, C4<1>;
L_0x600002bb0b60 .functor AND 1, v0x6000032a0630_0, L_0x6000031ae9e0, C4<1>, C4<1>;
L_0x600002bb0bd0 .functor AND 1, L_0x600002bb0b60, L_0x6000031aea80, C4<1>, C4<1>;
L_0x600002bb0c40 .functor AND 1, L_0x600002bb0af0, L_0x6000031aeb20, C4<1>, C4<1>;
L_0x600002bb0cb0 .functor AND 1, L_0x600002bb0c40, L_0x6000031aebc0, C4<1>, C4<1>;
L_0x600002bb0d90 .functor AND 1, v0x6000032a0630_0, L_0x6000031aee40, C4<1>, C4<1>;
L_0x600002bb0d20 .functor AND 1, L_0x600002bb0d90, L_0x6000031aeee0, C4<1>, C4<1>;
L_0x600002bb0e00 .functor AND 1, v0x60000329f720_0, L_0x6000031af020, C4<1>, C4<1>;
L_0x600002bb0e70 .functor AND 1, v0x6000032a0630_0, L_0x6000031af160, C4<1>, C4<1>;
L_0x600002bb0ee0 .functor AND 1, L_0x600002bb0e70, L_0x6000031af2a0, C4<1>, C4<1>;
L_0x600002bb0f50 .functor AND 1, L_0x600002bb0e00, L_0x6000031af340, C4<1>, C4<1>;
L_0x600002bb1030 .functor AND 1, L_0x600002bb0f50, L_0x6000031af200, C4<1>, C4<1>;
v0x6000032a0e10_0 .net "EX_RS1addr_i", 4 0, L_0x6000031af520;  1 drivers
v0x6000032a0ea0_0 .net "EX_RS2addr_i", 4 0, L_0x6000031af5c0;  1 drivers
v0x6000032a0f30_0 .net "ForwardA_o", 1 0, L_0x6000031aed00;  alias, 1 drivers
v0x6000032a0fc0_0 .net "ForwardB_o", 1 0, L_0x6000031af480;  alias, 1 drivers
v0x6000032a1050_0 .net "MEM_RDaddr_i", 4 0, v0x6000032a0510_0;  alias, 1 drivers
v0x6000032a10e0_0 .net "MEM_RegWrite_i", 0 0, v0x6000032a0630_0;  alias, 1 drivers
o0x7f95d2844a98 .functor BUFZ 1, C4<z>; HiZ drive
v0x6000032a1170_0 .net "PCWrite_o", 0 0, o0x7f95d2844a98;  0 drivers
v0x6000032a1200_0 .net "WB_RDaddr_i", 4 0, v0x60000329f4e0_0;  alias, 1 drivers
v0x6000032a1290_0 .net "WB_RegWrite_i", 0 0, v0x60000329f720_0;  alias, 1 drivers
v0x6000032a1320_0 .net *"_ivl_0", 31 0, L_0x6000031ae620;  1 drivers
v0x6000032a13b0_0 .net *"_ivl_10", 0 0, L_0x6000031ae760;  1 drivers
v0x6000032a1440_0 .net *"_ivl_100", 0 0, L_0x6000031af200;  1 drivers
v0x6000032a14d0_0 .net *"_ivl_103", 0 0, L_0x600002bb1030;  1 drivers
L_0x7f95d2874c70 .functor BUFT 1, C4<01>, C4<0>, C4<0>, C4<0>;
v0x6000032a1560_0 .net/2u *"_ivl_104", 1 0, L_0x7f95d2874c70;  1 drivers
L_0x7f95d2874cb8 .functor BUFT 1, C4<00>, C4<0>, C4<0>, C4<0>;
v0x6000032a15f0_0 .net/2u *"_ivl_106", 1 0, L_0x7f95d2874cb8;  1 drivers
v0x6000032a1680_0 .net *"_ivl_108", 1 0, L_0x6000031af3e0;  1 drivers
v0x6000032a1710_0 .net *"_ivl_13", 0 0, L_0x600002bb0a80;  1 drivers
L_0x7f95d2874880 .functor BUFT 1, C4<10>, C4<0>, C4<0>, C4<0>;
v0x6000032a17a0_0 .net/2u *"_ivl_14", 1 0, L_0x7f95d2874880;  1 drivers
v0x6000032a1830_0 .net *"_ivl_16", 31 0, L_0x6000031ae800;  1 drivers
L_0x7f95d28748c8 .functor BUFT 1, C4<000000000000000000000000000>, C4<0>, C4<0>, C4<0>;
v0x6000032a18c0_0 .net *"_ivl_19", 26 0, L_0x7f95d28748c8;  1 drivers
L_0x7f95d2874910 .functor BUFT 1, C4<00000000000000000000000000000000>, C4<0>, C4<0>, C4<0>;
v0x6000032a1950_0 .net/2u *"_ivl_20", 31 0, L_0x7f95d2874910;  1 drivers
v0x6000032a19e0_0 .net *"_ivl_22", 0 0, L_0x6000031ae8a0;  1 drivers
v0x6000032a1a70_0 .net *"_ivl_25", 0 0, L_0x600002bb0af0;  1 drivers
v0x6000032a1b00_0 .net *"_ivl_26", 31 0, L_0x6000031ae940;  1 drivers
L_0x7f95d2874958 .functor BUFT 1, C4<000000000000000000000000000>, C4<0>, C4<0>, C4<0>;
v0x6000032a1b90_0 .net *"_ivl_29", 26 0, L_0x7f95d2874958;  1 drivers
L_0x7f95d28747f0 .functor BUFT 1, C4<000000000000000000000000000>, C4<0>, C4<0>, C4<0>;
v0x6000032a1c20_0 .net *"_ivl_3", 26 0, L_0x7f95d28747f0;  1 drivers
L_0x7f95d28749a0 .functor BUFT 1, C4<00000000000000000000000000000000>, C4<0>, C4<0>, C4<0>;
v0x6000032a1cb0_0 .net/2u *"_ivl_30", 31 0, L_0x7f95d28749a0;  1 drivers
v0x6000032a1d40_0 .net *"_ivl_32", 0 0, L_0x6000031ae9e0;  1 drivers
v0x6000032a1dd0_0 .net *"_ivl_35", 0 0, L_0x600002bb0b60;  1 drivers
v0x6000032a1e60_0 .net *"_ivl_36", 0 0, L_0x6000031aea80;  1 drivers
v0x6000032a1ef0_0 .net *"_ivl_39", 0 0, L_0x600002bb0bd0;  1 drivers
L_0x7f95d2874838 .functor BUFT 1, C4<00000000000000000000000000000000>, C4<0>, C4<0>, C4<0>;
v0x6000032a1f80_0 .net/2u *"_ivl_4", 31 0, L_0x7f95d2874838;  1 drivers
v0x6000032a2010_0 .net *"_ivl_41", 0 0, L_0x6000031aeb20;  1 drivers
v0x6000032a20a0_0 .net *"_ivl_43", 0 0, L_0x600002bb0c40;  1 drivers
v0x6000032a2130_0 .net *"_ivl_44", 0 0, L_0x6000031aebc0;  1 drivers
v0x6000032a21c0_0 .net *"_ivl_47", 0 0, L_0x600002bb0cb0;  1 drivers
L_0x7f95d28749e8 .functor BUFT 1, C4<01>, C4<0>, C4<0>, C4<0>;
v0x6000032a2250_0 .net/2u *"_ivl_48", 1 0, L_0x7f95d28749e8;  1 drivers
L_0x7f95d2874a30 .functor BUFT 1, C4<00>, C4<0>, C4<0>, C4<0>;
v0x6000032a22e0_0 .net/2u *"_ivl_50", 1 0, L_0x7f95d2874a30;  1 drivers
v0x6000032a2370_0 .net *"_ivl_52", 1 0, L_0x6000031aec60;  1 drivers
v0x6000032a2400_0 .net *"_ivl_56", 31 0, L_0x6000031aeda0;  1 drivers
L_0x7f95d2874a78 .functor BUFT 1, C4<000000000000000000000000000>, C4<0>, C4<0>, C4<0>;
v0x6000032a2490_0 .net *"_ivl_59", 26 0, L_0x7f95d2874a78;  1 drivers
v0x6000032a2520_0 .net *"_ivl_6", 0 0, L_0x6000031ae6c0;  1 drivers
L_0x7f95d2874ac0 .functor BUFT 1, C4<00000000000000000000000000000000>, C4<0>, C4<0>, C4<0>;
v0x6000032a25b0_0 .net/2u *"_ivl_60", 31 0, L_0x7f95d2874ac0;  1 drivers
v0x6000032a2640_0 .net *"_ivl_62", 0 0, L_0x6000031aee40;  1 drivers
v0x6000032a26d0_0 .net *"_ivl_65", 0 0, L_0x600002bb0d90;  1 drivers
v0x6000032a2760_0 .net *"_ivl_66", 0 0, L_0x6000031aeee0;  1 drivers
v0x6000032a27f0_0 .net *"_ivl_69", 0 0, L_0x600002bb0d20;  1 drivers
L_0x7f95d2874b08 .functor BUFT 1, C4<10>, C4<0>, C4<0>, C4<0>;
v0x6000032a2880_0 .net/2u *"_ivl_70", 1 0, L_0x7f95d2874b08;  1 drivers
v0x6000032a2910_0 .net *"_ivl_72", 31 0, L_0x6000031aef80;  1 drivers
L_0x7f95d2874b50 .functor BUFT 1, C4<000000000000000000000000000>, C4<0>, C4<0>, C4<0>;
v0x6000032a29a0_0 .net *"_ivl_75", 26 0, L_0x7f95d2874b50;  1 drivers
L_0x7f95d2874b98 .functor BUFT 1, C4<00000000000000000000000000000000>, C4<0>, C4<0>, C4<0>;
v0x6000032a2a30_0 .net/2u *"_ivl_76", 31 0, L_0x7f95d2874b98;  1 drivers
v0x6000032a2ac0_0 .net *"_ivl_78", 0 0, L_0x6000031af020;  1 drivers
v0x6000032a2b50_0 .net *"_ivl_81", 0 0, L_0x600002bb0e00;  1 drivers
v0x6000032a2be0_0 .net *"_ivl_82", 31 0, L_0x6000031af0c0;  1 drivers
L_0x7f95d2874be0 .functor BUFT 1, C4<000000000000000000000000000>, C4<0>, C4<0>, C4<0>;
v0x6000032a2c70_0 .net *"_ivl_85", 26 0, L_0x7f95d2874be0;  1 drivers
L_0x7f95d2874c28 .functor BUFT 1, C4<00000000000000000000000000000000>, C4<0>, C4<0>, C4<0>;
v0x6000032a2d00_0 .net/2u *"_ivl_86", 31 0, L_0x7f95d2874c28;  1 drivers
v0x6000032a2d90_0 .net *"_ivl_88", 0 0, L_0x6000031af160;  1 drivers
v0x6000032a2e20_0 .net *"_ivl_9", 0 0, L_0x600002bb0a10;  1 drivers
v0x6000032a2eb0_0 .net *"_ivl_91", 0 0, L_0x600002bb0e70;  1 drivers
v0x6000032a2f40_0 .net *"_ivl_92", 0 0, L_0x6000031af2a0;  1 drivers
v0x6000032a2fd0_0 .net *"_ivl_95", 0 0, L_0x600002bb0ee0;  1 drivers
v0x6000032a3060_0 .net *"_ivl_97", 0 0, L_0x6000031af340;  1 drivers
v0x6000032a30f0_0 .net *"_ivl_99", 0 0, L_0x600002bb0f50;  1 drivers
L_0x6000031ae620 .concat [ 5 27 0 0], v0x6000032a0510_0, L_0x7f95d28747f0;
L_0x6000031ae6c0 .cmp/ne 32, L_0x6000031ae620, L_0x7f95d2874838;
L_0x6000031ae760 .cmp/eq 5, v0x6000032a0510_0, L_0x6000031af520;
L_0x6000031ae800 .concat [ 5 27 0 0], v0x60000329f4e0_0, L_0x7f95d28748c8;
L_0x6000031ae8a0 .cmp/ne 32, L_0x6000031ae800, L_0x7f95d2874910;
L_0x6000031ae940 .concat [ 5 27 0 0], v0x6000032a0510_0, L_0x7f95d2874958;
L_0x6000031ae9e0 .cmp/ne 32, L_0x6000031ae940, L_0x7f95d28749a0;
L_0x6000031aea80 .cmp/eq 5, v0x6000032a0510_0, L_0x6000031af520;
L_0x6000031aeb20 .reduce/nor L_0x600002bb0bd0;
L_0x6000031aebc0 .cmp/eq 5, v0x60000329f4e0_0, L_0x6000031af520;
L_0x6000031aec60 .functor MUXZ 2, L_0x7f95d2874a30, L_0x7f95d28749e8, L_0x600002bb0cb0, C4<>;
L_0x6000031aed00 .functor MUXZ 2, L_0x6000031aec60, L_0x7f95d2874880, L_0x600002bb0a80, C4<>;
L_0x6000031aeda0 .concat [ 5 27 0 0], v0x6000032a0510_0, L_0x7f95d2874a78;
L_0x6000031aee40 .cmp/ne 32, L_0x6000031aeda0, L_0x7f95d2874ac0;
L_0x6000031aeee0 .cmp/eq 5, v0x6000032a0510_0, L_0x6000031af5c0;
L_0x6000031aef80 .concat [ 5 27 0 0], v0x60000329f4e0_0, L_0x7f95d2874b50;
L_0x6000031af020 .cmp/ne 32, L_0x6000031aef80, L_0x7f95d2874b98;
L_0x6000031af0c0 .concat [ 5 27 0 0], v0x6000032a0510_0, L_0x7f95d2874be0;
L_0x6000031af160 .cmp/ne 32, L_0x6000031af0c0, L_0x7f95d2874c28;
L_0x6000031af2a0 .cmp/eq 5, v0x6000032a0510_0, L_0x6000031af5c0;
L_0x6000031af340 .reduce/nor L_0x600002bb0ee0;
L_0x6000031af200 .cmp/eq 5, v0x60000329f4e0_0, L_0x6000031af5c0;
L_0x6000031af3e0 .functor MUXZ 2, L_0x7f95d2874cb8, L_0x7f95d2874c70, L_0x600002bb1030, C4<>;
L_0x6000031af480 .functor MUXZ 2, L_0x6000031af3e0, L_0x7f95d2874b08, L_0x600002bb0d20, C4<>;
S_0x7f95d2927eb0 .scope module, "Hazard_Detection_Unit" "Hazard_Detection_Unit" 3 202, 12 1 0, S_0x7f95d2925bc0;
 .timescale 0 0;
    .port_info 0 /INPUT 5 "ID_RS1addr_i";
    .port_info 1 /INPUT 5 "ID_RS2addr_i";
    .port_info 2 /INPUT 5 "EX_RDaddr_i";
    .port_info 3 /INPUT 1 "EX_MemRead_i";
    .port_info 4 /OUTPUT 1 "PCWrite_o";
    .port_info 5 /OUTPUT 1 "Stall_o";
    .port_info 6 /OUTPUT 1 "NoOp_o";
L_0x600002bb0770 .functor OR 1, L_0x6000031adcc0, L_0x6000031add60, C4<0>, C4<0>;
L_0x600002bb07e0 .functor AND 1, v0x60000329c480_0, L_0x600002bb0770, C4<1>, C4<1>;
L_0x600002bb0850 .functor OR 1, L_0x6000031adf40, L_0x6000031adfe0, C4<0>, C4<0>;
L_0x600002bb08c0 .functor AND 1, v0x60000329c480_0, L_0x600002bb0850, C4<1>, C4<1>;
L_0x600002bb0930 .functor OR 1, L_0x6000031ae1c0, L_0x6000031ae260, C4<0>, C4<0>;
L_0x600002bb09a0 .functor AND 1, v0x60000329c480_0, L_0x600002bb0930, C4<1>, C4<1>;
v0x6000032a3180_0 .net "EX_MemRead_i", 0 0, v0x60000329c480_0;  alias, 1 drivers
v0x6000032a3210_0 .net "EX_RDaddr_i", 4 0, L_0x6000031ae580;  1 drivers
v0x6000032a32a0_0 .net "ID_RS1addr_i", 4 0, L_0x6000031ae440;  1 drivers
v0x6000032a3330_0 .net "ID_RS2addr_i", 4 0, L_0x6000031ae4e0;  1 drivers
v0x6000032a33c0_0 .net "NoOp_o", 0 0, L_0x6000031ae3a0;  alias, 1 drivers
v0x6000032a3450_0 .net "PCWrite_o", 0 0, L_0x6000031adea0;  alias, 1 drivers
v0x6000032a34e0_0 .net "Stall_o", 0 0, L_0x6000031ae120;  alias, 1 drivers
v0x6000032a3570_0 .net *"_ivl_0", 0 0, L_0x6000031adcc0;  1 drivers
L_0x7f95d2874688 .functor BUFT 1, C4<01>, C4<0>, C4<0>, C4<0>;
v0x6000032a3600_0 .net/2s *"_ivl_10", 1 0, L_0x7f95d2874688;  1 drivers
v0x6000032a3690_0 .net *"_ivl_12", 1 0, L_0x6000031ade00;  1 drivers
v0x6000032a3720_0 .net *"_ivl_16", 0 0, L_0x6000031adf40;  1 drivers
v0x6000032a37b0_0 .net *"_ivl_18", 0 0, L_0x6000031adfe0;  1 drivers
v0x6000032a3840_0 .net *"_ivl_2", 0 0, L_0x6000031add60;  1 drivers
v0x6000032a38d0_0 .net *"_ivl_21", 0 0, L_0x600002bb0850;  1 drivers
v0x6000032a3960_0 .net *"_ivl_23", 0 0, L_0x600002bb08c0;  1 drivers
L_0x7f95d28746d0 .functor BUFT 1, C4<01>, C4<0>, C4<0>, C4<0>;
v0x6000032a39f0_0 .net/2s *"_ivl_24", 1 0, L_0x7f95d28746d0;  1 drivers
L_0x7f95d2874718 .functor BUFT 1, C4<00>, C4<0>, C4<0>, C4<0>;
v0x6000032a3a80_0 .net/2s *"_ivl_26", 1 0, L_0x7f95d2874718;  1 drivers
v0x6000032a3b10_0 .net *"_ivl_28", 1 0, L_0x6000031ae080;  1 drivers
v0x6000032a3ba0_0 .net *"_ivl_32", 0 0, L_0x6000031ae1c0;  1 drivers
v0x6000032a3c30_0 .net *"_ivl_34", 0 0, L_0x6000031ae260;  1 drivers
v0x6000032a3cc0_0 .net *"_ivl_37", 0 0, L_0x600002bb0930;  1 drivers
v0x6000032a3d50_0 .net *"_ivl_39", 0 0, L_0x600002bb09a0;  1 drivers
L_0x7f95d2874760 .functor BUFT 1, C4<01>, C4<0>, C4<0>, C4<0>;
v0x6000032a3de0_0 .net/2s *"_ivl_40", 1 0, L_0x7f95d2874760;  1 drivers
L_0x7f95d28747a8 .functor BUFT 1, C4<00>, C4<0>, C4<0>, C4<0>;
v0x6000032a3e70_0 .net/2s *"_ivl_42", 1 0, L_0x7f95d28747a8;  1 drivers
v0x6000032a3f00_0 .net *"_ivl_44", 1 0, L_0x6000031ae300;  1 drivers
v0x60000329c000_0 .net *"_ivl_5", 0 0, L_0x600002bb0770;  1 drivers
v0x60000329c090_0 .net *"_ivl_7", 0 0, L_0x600002bb07e0;  1 drivers
L_0x7f95d2874640 .functor BUFT 1, C4<00>, C4<0>, C4<0>, C4<0>;
v0x60000329c120_0 .net/2s *"_ivl_8", 1 0, L_0x7f95d2874640;  1 drivers
L_0x6000031adcc0 .cmp/eq 5, L_0x6000031ae440, L_0x6000031ae580;
L_0x6000031add60 .cmp/eq 5, L_0x6000031ae4e0, L_0x6000031ae580;
L_0x6000031ade00 .functor MUXZ 2, L_0x7f95d2874688, L_0x7f95d2874640, L_0x600002bb07e0, C4<>;
L_0x6000031adea0 .part L_0x6000031ade00, 0, 1;
L_0x6000031adf40 .cmp/eq 5, L_0x6000031ae440, L_0x6000031ae580;
L_0x6000031adfe0 .cmp/eq 5, L_0x6000031ae4e0, L_0x6000031ae580;
L_0x6000031ae080 .functor MUXZ 2, L_0x7f95d2874718, L_0x7f95d28746d0, L_0x600002bb08c0, C4<>;
L_0x6000031ae120 .part L_0x6000031ae080, 0, 1;
L_0x6000031ae1c0 .cmp/eq 5, L_0x6000031ae440, L_0x6000031ae580;
L_0x6000031ae260 .cmp/eq 5, L_0x6000031ae4e0, L_0x6000031ae580;
L_0x6000031ae300 .functor MUXZ 2, L_0x7f95d28747a8, L_0x7f95d2874760, L_0x600002bb09a0, C4<>;
L_0x6000031ae3a0 .part L_0x6000031ae300, 0, 1;
S_0x7f95d2918b00 .scope module, "ID_EX" "ID_EX" 3 234, 13 1 0, S_0x7f95d2925bc0;
 .timescale 0 0;
    .port_info 0 /INPUT 1 "clk_i";
    .port_info 1 /INPUT 1 "rst_i";
    .port_info 2 /INPUT 1 "RegWrite_i";
    .port_info 3 /INPUT 1 "MemtoReg_i";
    .port_info 4 /INPUT 1 "MemRead_i";
    .port_info 5 /INPUT 1 "MemWrite_i";
    .port_info 6 /INPUT 2 "ALUOp_i";
    .port_info 7 /INPUT 1 "ALUSrc_i";
    .port_info 8 /INPUT 32 "RS1data_i";
    .port_info 9 /INPUT 32 "RS2data_i";
    .port_info 10 /INPUT 32 "imm_i";
    .port_info 11 /INPUT 32 "instr_i";
    .port_info 12 /OUTPUT 1 "RegWrite_o";
    .port_info 13 /OUTPUT 1 "MemtoReg_o";
    .port_info 14 /OUTPUT 1 "MemRead_o";
    .port_info 15 /OUTPUT 1 "MemWrite_o";
    .port_info 16 /OUTPUT 2 "ALUOp_o";
    .port_info 17 /OUTPUT 1 "ALUSrc_o";
    .port_info 18 /OUTPUT 32 "RS1data_o";
    .port_info 19 /OUTPUT 32 "RS2data_o";
    .port_info 20 /OUTPUT 32 "imm_o";
    .port_info 21 /OUTPUT 32 "instr_o";
    .port_info 22 /NODIR 0 "";
v0x60000329c1b0_0 .net "ALUOp_i", 1 0, L_0x6000031b3020;  alias, 1 drivers
v0x60000329c240_0 .var "ALUOp_o", 1 0;
v0x60000329c2d0_0 .net "ALUSrc_i", 0 0, L_0x6000031b33e0;  alias, 1 drivers
v0x60000329c360_0 .var "ALUSrc_o", 0 0;
v0x60000329c3f0_0 .net "MemRead_i", 0 0, L_0x6000031b29e0;  alias, 1 drivers
v0x60000329c480_0 .var "MemRead_o", 0 0;
v0x60000329c510_0 .net "MemWrite_i", 0 0, L_0x6000031b2c60;  alias, 1 drivers
v0x60000329c5a0_0 .var "MemWrite_o", 0 0;
v0x60000329c630_0 .net "MemtoReg_i", 0 0, L_0x6000031b2760;  alias, 1 drivers
v0x60000329c6c0_0 .var "MemtoReg_o", 0 0;
v0x60000329c750_0 .net "RS1data_i", 31 0, L_0x6000031b0500;  alias, 1 drivers
v0x60000329c7e0_0 .var "RS1data_o", 31 0;
v0x60000329c870_0 .net "RS2data_i", 31 0, L_0x6000031b0780;  alias, 1 drivers
v0x60000329c900_0 .var "RS2data_o", 31 0;
v0x60000329c990_0 .net "RegWrite_i", 0 0, L_0x6000031b24e0;  alias, 1 drivers
v0x60000329ca20_0 .var "RegWrite_o", 0 0;
v0x60000329cab0_0 .net "clk_i", 0 0, v0x600003297180_0;  alias, 1 drivers
v0x60000329cb40_0 .net "imm_i", 31 0, L_0x6000031b2120;  alias, 1 drivers
v0x60000329cbd0_0 .var "imm_o", 31 0;
v0x60000329cc60_0 .net "instr_i", 31 0, v0x60000329cfc0_0;  alias, 1 drivers
v0x60000329ccf0_0 .var "instr_o", 31 0;
v0x60000329cd80_0 .net "rst_i", 0 0, v0x600003297210_0;  alias, 1 drivers
S_0x7f95d2904920 .scope module, "IF_ID" "IF_ID" 3 223, 14 1 0, S_0x7f95d2925bc0;
 .timescale 0 0;
    .port_info 0 /INPUT 1 "clk_i";
    .port_info 1 /INPUT 1 "rst_i";
    .port_info 2 /INPUT 32 "pc_i";
    .port_info 3 /INPUT 32 "instr_i";
    .port_info 4 /INPUT 1 "stall_i";
    .port_info 5 /INPUT 1 "flush_i";
    .port_info 6 /OUTPUT 32 "pc_o";
    .port_info 7 /OUTPUT 32 "instr_o";
    .port_info 8 /NODIR 0 "";
v0x60000329ce10_0 .net "clk_i", 0 0, v0x600003297180_0;  alias, 1 drivers
v0x60000329cea0_0 .net "flush_i", 0 0, L_0x6000031b38e0;  alias, 1 drivers
v0x60000329cf30_0 .net "instr_i", 31 0, L_0x600002bb01c0;  alias, 1 drivers
v0x60000329cfc0_0 .var "instr_o", 31 0;
v0x60000329d050_0 .net "pc_i", 31 0, v0x600003294510_0;  alias, 1 drivers
v0x60000329d0e0_0 .var "pc_o", 31 0;
v0x60000329d170_0 .net "rst_i", 0 0, v0x600003297210_0;  alias, 1 drivers
v0x60000329d200_0 .net "stall_i", 0 0, L_0x6000031ae120;  alias, 1 drivers
S_0x7f95d2904a90 .scope module, "IMM_GEN" "IMM_GEN" 3 124, 15 1 0, S_0x7f95d2925bc0;
 .timescale 0 0;
    .port_info 0 /INPUT 32 "data_i";
    .port_info 1 /OUTPUT 32 "data_o";
L_0x600002bb0310 .functor AND 1, L_0x6000031b0a00, L_0x6000031b0b40, C4<1>, C4<1>;
L_0x600002bb0380 .functor AND 1, L_0x6000031b0f00, L_0x6000031b1040, C4<1>, C4<1>;
v0x60000329d290_0 .net *"_ivl_1", 6 0, L_0x6000031b0960;  1 drivers
v0x60000329d320_0 .net *"_ivl_10", 0 0, L_0x6000031b0b40;  1 drivers
v0x60000329d3b0_0 .net *"_ivl_13", 0 0, L_0x600002bb0310;  1 drivers
v0x60000329d440_0 .net *"_ivl_15", 0 0, L_0x6000031b0be0;  1 drivers
v0x60000329d4d0_0 .net *"_ivl_16", 19 0, L_0x6000031b0c80;  1 drivers
v0x60000329d560_0 .net *"_ivl_19", 11 0, L_0x6000031b0d20;  1 drivers
L_0x7f95d2873128 .functor BUFT 1, C4<0010011>, C4<0>, C4<0>, C4<0>;
v0x60000329d5f0_0 .net/2u *"_ivl_2", 6 0, L_0x7f95d2873128;  1 drivers
v0x60000329d680_0 .net *"_ivl_20", 31 0, L_0x6000031b0dc0;  1 drivers
v0x60000329d710_0 .net *"_ivl_23", 6 0, L_0x6000031b0e60;  1 drivers
L_0x7f95d28731b8 .functor BUFT 1, C4<0010011>, C4<0>, C4<0>, C4<0>;
v0x60000329d7a0_0 .net/2u *"_ivl_24", 6 0, L_0x7f95d28731b8;  1 drivers
v0x60000329d830_0 .net *"_ivl_26", 0 0, L_0x6000031b0f00;  1 drivers
v0x60000329d8c0_0 .net *"_ivl_29", 2 0, L_0x6000031b0fa0;  1 drivers
L_0x7f95d2873200 .functor BUFT 1, C4<101>, C4<0>, C4<0>, C4<0>;
v0x60000329d950_0 .net/2u *"_ivl_30", 2 0, L_0x7f95d2873200;  1 drivers
v0x60000329d9e0_0 .net *"_ivl_32", 0 0, L_0x6000031b1040;  1 drivers
v0x60000329da70_0 .net *"_ivl_35", 0 0, L_0x600002bb0380;  1 drivers
v0x60000329db00_0 .net *"_ivl_37", 0 0, L_0x6000031b10e0;  1 drivers
v0x60000329db90_0 .net *"_ivl_38", 26 0, L_0x6000031b1180;  1 drivers
v0x60000329dc20_0 .net *"_ivl_4", 0 0, L_0x6000031b0a00;  1 drivers
v0x60000329dcb0_0 .net *"_ivl_41", 4 0, L_0x6000031b1220;  1 drivers
v0x60000329dd40_0 .net *"_ivl_42", 31 0, L_0x6000031b12c0;  1 drivers
v0x60000329ddd0_0 .net *"_ivl_45", 6 0, L_0x6000031b1360;  1 drivers
L_0x7f95d2873248 .functor BUFT 1, C4<0000011>, C4<0>, C4<0>, C4<0>;
v0x60000329de60_0 .net/2u *"_ivl_46", 6 0, L_0x7f95d2873248;  1 drivers
v0x60000329def0_0 .net *"_ivl_48", 0 0, L_0x6000031b1400;  1 drivers
v0x60000329df80_0 .net *"_ivl_51", 0 0, L_0x6000031b14a0;  1 drivers
v0x60000329e010_0 .net *"_ivl_52", 19 0, L_0x6000031b15e0;  1 drivers
v0x60000329e0a0_0 .net *"_ivl_55", 11 0, L_0x6000031b1680;  1 drivers
v0x60000329e130_0 .net *"_ivl_56", 31 0, L_0x6000031b1540;  1 drivers
v0x60000329e1c0_0 .net *"_ivl_59", 6 0, L_0x6000031b1720;  1 drivers
L_0x7f95d2873290 .functor BUFT 1, C4<0100011>, C4<0>, C4<0>, C4<0>;
v0x60000329e250_0 .net/2u *"_ivl_60", 6 0, L_0x7f95d2873290;  1 drivers
v0x60000329e2e0_0 .net *"_ivl_62", 0 0, L_0x6000031b17c0;  1 drivers
v0x60000329e370_0 .net *"_ivl_65", 0 0, L_0x6000031b1860;  1 drivers
v0x60000329e400_0 .net *"_ivl_66", 19 0, L_0x6000031b1900;  1 drivers
v0x60000329e490_0 .net *"_ivl_69", 6 0, L_0x6000031b19a0;  1 drivers
v0x60000329e520_0 .net *"_ivl_7", 2 0, L_0x6000031b0aa0;  1 drivers
v0x60000329e5b0_0 .net *"_ivl_71", 4 0, L_0x6000031b1a40;  1 drivers
v0x60000329e640_0 .net *"_ivl_72", 31 0, L_0x6000031b1ae0;  1 drivers
v0x60000329e6d0_0 .net *"_ivl_75", 0 0, L_0x6000031b1b80;  1 drivers
v0x60000329e760_0 .net *"_ivl_76", 19 0, L_0x6000031b1c20;  1 drivers
v0x60000329e7f0_0 .net *"_ivl_79", 0 0, L_0x6000031b1cc0;  1 drivers
L_0x7f95d2873170 .functor BUFT 1, C4<000>, C4<0>, C4<0>, C4<0>;
v0x60000329e880_0 .net/2u *"_ivl_8", 2 0, L_0x7f95d2873170;  1 drivers
v0x60000329e910_0 .net *"_ivl_81", 5 0, L_0x6000031b1d60;  1 drivers
v0x60000329e9a0_0 .net *"_ivl_83", 3 0, L_0x6000031b1e00;  1 drivers
L_0x7f95d28732d8 .functor BUFT 1, C4<0>, C4<0>, C4<0>, C4<0>;
v0x60000329ea30_0 .net/2u *"_ivl_84", 0 0, L_0x7f95d28732d8;  1 drivers
v0x60000329eac0_0 .net *"_ivl_86", 31 0, L_0x6000031b1ea0;  1 drivers
v0x60000329eb50_0 .net *"_ivl_88", 31 0, L_0x6000031b1f40;  1 drivers
v0x60000329ebe0_0 .net *"_ivl_90", 31 0, L_0x6000031b1fe0;  1 drivers
v0x60000329ec70_0 .net *"_ivl_92", 31 0, L_0x6000031b2080;  1 drivers
v0x60000329ed00_0 .net "data_i", 31 0, v0x60000329cfc0_0;  alias, 1 drivers
v0x60000329ed90_0 .net "data_o", 31 0, L_0x6000031b2120;  alias, 1 drivers
L_0x6000031b0960 .part v0x60000329cfc0_0, 0, 7;
L_0x6000031b0a00 .cmp/eq 7, L_0x6000031b0960, L_0x7f95d2873128;
L_0x6000031b0aa0 .part v0x60000329cfc0_0, 12, 3;
L_0x6000031b0b40 .cmp/eq 3, L_0x6000031b0aa0, L_0x7f95d2873170;
L_0x6000031b0be0 .part v0x60000329cfc0_0, 31, 1;
LS_0x6000031b0c80_0_0 .concat [ 1 1 1 1], L_0x6000031b0be0, L_0x6000031b0be0, L_0x6000031b0be0, L_0x6000031b0be0;
LS_0x6000031b0c80_0_4 .concat [ 1 1 1 1], L_0x6000031b0be0, L_0x6000031b0be0, L_0x6000031b0be0, L_0x6000031b0be0;
LS_0x6000031b0c80_0_8 .concat [ 1 1 1 1], L_0x6000031b0be0, L_0x6000031b0be0, L_0x6000031b0be0, L_0x6000031b0be0;
LS_0x6000031b0c80_0_12 .concat [ 1 1 1 1], L_0x6000031b0be0, L_0x6000031b0be0, L_0x6000031b0be0, L_0x6000031b0be0;
LS_0x6000031b0c80_0_16 .concat [ 1 1 1 1], L_0x6000031b0be0, L_0x6000031b0be0, L_0x6000031b0be0, L_0x6000031b0be0;
LS_0x6000031b0c80_1_0 .concat [ 4 4 4 4], LS_0x6000031b0c80_0_0, LS_0x6000031b0c80_0_4, LS_0x6000031b0c80_0_8, LS_0x6000031b0c80_0_12;
LS_0x6000031b0c80_1_4 .concat [ 4 0 0 0], LS_0x6000031b0c80_0_16;
L_0x6000031b0c80 .concat [ 16 4 0 0], LS_0x6000031b0c80_1_0, LS_0x6000031b0c80_1_4;
L_0x6000031b0d20 .part v0x60000329cfc0_0, 20, 12;
L_0x6000031b0dc0 .concat [ 12 20 0 0], L_0x6000031b0d20, L_0x6000031b0c80;
L_0x6000031b0e60 .part v0x60000329cfc0_0, 0, 7;
L_0x6000031b0f00 .cmp/eq 7, L_0x6000031b0e60, L_0x7f95d28731b8;
L_0x6000031b0fa0 .part v0x60000329cfc0_0, 12, 3;
L_0x6000031b1040 .cmp/eq 3, L_0x6000031b0fa0, L_0x7f95d2873200;
L_0x6000031b10e0 .part v0x60000329cfc0_0, 24, 1;
LS_0x6000031b1180_0_0 .concat [ 1 1 1 1], L_0x6000031b10e0, L_0x6000031b10e0, L_0x6000031b10e0, L_0x6000031b10e0;
LS_0x6000031b1180_0_4 .concat [ 1 1 1 1], L_0x6000031b10e0, L_0x6000031b10e0, L_0x6000031b10e0, L_0x6000031b10e0;
LS_0x6000031b1180_0_8 .concat [ 1 1 1 1], L_0x6000031b10e0, L_0x6000031b10e0, L_0x6000031b10e0, L_0x6000031b10e0;
LS_0x6000031b1180_0_12 .concat [ 1 1 1 1], L_0x6000031b10e0, L_0x6000031b10e0, L_0x6000031b10e0, L_0x6000031b10e0;
LS_0x6000031b1180_0_16 .concat [ 1 1 1 1], L_0x6000031b10e0, L_0x6000031b10e0, L_0x6000031b10e0, L_0x6000031b10e0;
LS_0x6000031b1180_0_20 .concat [ 1 1 1 1], L_0x6000031b10e0, L_0x6000031b10e0, L_0x6000031b10e0, L_0x6000031b10e0;
LS_0x6000031b1180_0_24 .concat [ 1 1 1 0], L_0x6000031b10e0, L_0x6000031b10e0, L_0x6000031b10e0;
LS_0x6000031b1180_1_0 .concat [ 4 4 4 4], LS_0x6000031b1180_0_0, LS_0x6000031b1180_0_4, LS_0x6000031b1180_0_8, LS_0x6000031b1180_0_12;
LS_0x6000031b1180_1_4 .concat [ 4 4 3 0], LS_0x6000031b1180_0_16, LS_0x6000031b1180_0_20, LS_0x6000031b1180_0_24;
L_0x6000031b1180 .concat [ 16 11 0 0], LS_0x6000031b1180_1_0, LS_0x6000031b1180_1_4;
L_0x6000031b1220 .part v0x60000329cfc0_0, 20, 5;
L_0x6000031b12c0 .concat [ 5 27 0 0], L_0x6000031b1220, L_0x6000031b1180;
L_0x6000031b1360 .part v0x60000329cfc0_0, 0, 7;
L_0x6000031b1400 .cmp/eq 7, L_0x6000031b1360, L_0x7f95d2873248;
L_0x6000031b14a0 .part v0x60000329cfc0_0, 31, 1;
LS_0x6000031b15e0_0_0 .concat [ 1 1 1 1], L_0x6000031b14a0, L_0x6000031b14a0, L_0x6000031b14a0, L_0x6000031b14a0;
LS_0x6000031b15e0_0_4 .concat [ 1 1 1 1], L_0x6000031b14a0, L_0x6000031b14a0, L_0x6000031b14a0, L_0x6000031b14a0;
LS_0x6000031b15e0_0_8 .concat [ 1 1 1 1], L_0x6000031b14a0, L_0x6000031b14a0, L_0x6000031b14a0, L_0x6000031b14a0;
LS_0x6000031b15e0_0_12 .concat [ 1 1 1 1], L_0x6000031b14a0, L_0x6000031b14a0, L_0x6000031b14a0, L_0x6000031b14a0;
LS_0x6000031b15e0_0_16 .concat [ 1 1 1 1], L_0x6000031b14a0, L_0x6000031b14a0, L_0x6000031b14a0, L_0x6000031b14a0;
LS_0x6000031b15e0_1_0 .concat [ 4 4 4 4], LS_0x6000031b15e0_0_0, LS_0x6000031b15e0_0_4, LS_0x6000031b15e0_0_8, LS_0x6000031b15e0_0_12;
LS_0x6000031b15e0_1_4 .concat [ 4 0 0 0], LS_0x6000031b15e0_0_16;
L_0x6000031b15e0 .concat [ 16 4 0 0], LS_0x6000031b15e0_1_0, LS_0x6000031b15e0_1_4;
L_0x6000031b1680 .part v0x60000329cfc0_0, 20, 12;
L_0x6000031b1540 .concat [ 12 20 0 0], L_0x6000031b1680, L_0x6000031b15e0;
L_0x6000031b1720 .part v0x60000329cfc0_0, 0, 7;
L_0x6000031b17c0 .cmp/eq 7, L_0x6000031b1720, L_0x7f95d2873290;
L_0x6000031b1860 .part v0x60000329cfc0_0, 31, 1;
LS_0x6000031b1900_0_0 .concat [ 1 1 1 1], L_0x6000031b1860, L_0x6000031b1860, L_0x6000031b1860, L_0x6000031b1860;
LS_0x6000031b1900_0_4 .concat [ 1 1 1 1], L_0x6000031b1860, L_0x6000031b1860, L_0x6000031b1860, L_0x6000031b1860;
LS_0x6000031b1900_0_8 .concat [ 1 1 1 1], L_0x6000031b1860, L_0x6000031b1860, L_0x6000031b1860, L_0x6000031b1860;
LS_0x6000031b1900_0_12 .concat [ 1 1 1 1], L_0x6000031b1860, L_0x6000031b1860, L_0x6000031b1860, L_0x6000031b1860;
LS_0x6000031b1900_0_16 .concat [ 1 1 1 1], L_0x6000031b1860, L_0x6000031b1860, L_0x6000031b1860, L_0x6000031b1860;
LS_0x6000031b1900_1_0 .concat [ 4 4 4 4], LS_0x6000031b1900_0_0, LS_0x6000031b1900_0_4, LS_0x6000031b1900_0_8, LS_0x6000031b1900_0_12;
LS_0x6000031b1900_1_4 .concat [ 4 0 0 0], LS_0x6000031b1900_0_16;
L_0x6000031b1900 .concat [ 16 4 0 0], LS_0x6000031b1900_1_0, LS_0x6000031b1900_1_4;
L_0x6000031b19a0 .part v0x60000329cfc0_0, 25, 7;
L_0x6000031b1a40 .part v0x60000329cfc0_0, 7, 5;
L_0x6000031b1ae0 .concat [ 5 7 20 0], L_0x6000031b1a40, L_0x6000031b19a0, L_0x6000031b1900;
L_0x6000031b1b80 .part v0x60000329cfc0_0, 31, 1;
LS_0x6000031b1c20_0_0 .concat [ 1 1 1 1], L_0x6000031b1b80, L_0x6000031b1b80, L_0x6000031b1b80, L_0x6000031b1b80;
LS_0x6000031b1c20_0_4 .concat [ 1 1 1 1], L_0x6000031b1b80, L_0x6000031b1b80, L_0x6000031b1b80, L_0x6000031b1b80;
LS_0x6000031b1c20_0_8 .concat [ 1 1 1 1], L_0x6000031b1b80, L_0x6000031b1b80, L_0x6000031b1b80, L_0x6000031b1b80;
LS_0x6000031b1c20_0_12 .concat [ 1 1 1 1], L_0x6000031b1b80, L_0x6000031b1b80, L_0x6000031b1b80, L_0x6000031b1b80;
LS_0x6000031b1c20_0_16 .concat [ 1 1 1 1], L_0x6000031b1b80, L_0x6000031b1b80, L_0x6000031b1b80, L_0x6000031b1b80;
LS_0x6000031b1c20_1_0 .concat [ 4 4 4 4], LS_0x6000031b1c20_0_0, LS_0x6000031b1c20_0_4, LS_0x6000031b1c20_0_8, LS_0x6000031b1c20_0_12;
LS_0x6000031b1c20_1_4 .concat [ 4 0 0 0], LS_0x6000031b1c20_0_16;
L_0x6000031b1c20 .concat [ 16 4 0 0], LS_0x6000031b1c20_1_0, LS_0x6000031b1c20_1_4;
L_0x6000031b1cc0 .part v0x60000329cfc0_0, 7, 1;
L_0x6000031b1d60 .part v0x60000329cfc0_0, 25, 6;
L_0x6000031b1e00 .part v0x60000329cfc0_0, 8, 4;
LS_0x6000031b1ea0_0_0 .concat [ 1 4 6 1], L_0x7f95d28732d8, L_0x6000031b1e00, L_0x6000031b1d60, L_0x6000031b1cc0;
LS_0x6000031b1ea0_0_4 .concat [ 20 0 0 0], L_0x6000031b1c20;
L_0x6000031b1ea0 .concat [ 12 20 0 0], LS_0x6000031b1ea0_0_0, LS_0x6000031b1ea0_0_4;
L_0x6000031b1f40 .functor MUXZ 32, L_0x6000031b1ea0, L_0x6000031b1ae0, L_0x6000031b17c0, C4<>;
L_0x6000031b1fe0 .functor MUXZ 32, L_0x6000031b1f40, L_0x6000031b1540, L_0x6000031b1400, C4<>;
L_0x6000031b2080 .functor MUXZ 32, L_0x6000031b1fe0, L_0x6000031b12c0, L_0x600002bb0380, C4<>;
L_0x6000031b2120 .functor MUXZ 32, L_0x6000031b2080, L_0x6000031b0dc0, L_0x600002bb0310, C4<>;
S_0x7f95d2904e00 .scope module, "Instruction_Memory" "Instruction_Memory" 3 108, 16 1 0, S_0x7f95d2925bc0;
 .timescale 0 0;
    .port_info 0 /INPUT 32 "addr_i";
    .port_info 1 /OUTPUT 32 "instr_o";
L_0x600002bb01c0 .functor BUFZ 32, L_0x6000031b0140, C4<00000000000000000000000000000000>, C4<00000000000000000000000000000000>, C4<00000000000000000000000000000000>;
v0x60000329ee20_0 .net *"_ivl_0", 31 0, L_0x6000031b0140;  1 drivers
v0x60000329eeb0_0 .net *"_ivl_2", 31 0, L_0x6000031b0280;  1 drivers
v0x60000329ef40_0 .net *"_ivl_4", 29 0, L_0x6000031b01e0;  1 drivers
L_0x7f95d2873050 .functor BUFT 1, C4<00>, C4<0>, C4<0>, C4<0>;
v0x60000329efd0_0 .net *"_ivl_6", 1 0, L_0x7f95d2873050;  1 drivers
v0x60000329f060_0 .net "addr_i", 31 0, v0x600003294510_0;  alias, 1 drivers
v0x60000329f0f0_0 .net "instr_o", 31 0, L_0x600002bb01c0;  alias, 1 drivers
v0x60000329f180 .array "memory", 255 0, 31 0;
L_0x6000031b0140 .array/port v0x60000329f180, L_0x6000031b0280;
L_0x6000031b01e0 .part v0x600003294510_0, 2, 30;
L_0x6000031b0280 .concat [ 30 2 0 0], L_0x6000031b01e0, L_0x7f95d2873050;
S_0x7f95d2904f70 .scope module, "MEM_WB" "MEM_WB" 3 278, 17 1 0, S_0x7f95d2925bc0;
 .timescale 0 0;
    .port_info 0 /INPUT 1 "clk_i";
    .port_info 1 /INPUT 1 "rst_i";
    .port_info 2 /INPUT 1 "RegWrite_i";
    .port_info 3 /INPUT 1 "MemtoReg_i";
    .port_info 4 /INPUT 32 "ALURet_i";
    .port_info 5 /INPUT 32 "ReadData_i";
    .port_info 6 /INPUT 5 "RDaddr_i";
    .port_info 7 /OUTPUT 1 "RegWrite_o";
    .port_info 8 /OUTPUT 1 "MemtoReg_o";
    .port_info 9 /OUTPUT 32 "ALURet_o";
    .port_info 10 /OUTPUT 32 "ReadData_o";
    .port_info 11 /OUTPUT 5 "RDaddr_o";
    .port_info 12 /NODIR 0 "";
v0x60000329f210_0 .net "ALURet_i", 31 0, v0x6000032a0090_0;  alias, 1 drivers
v0x60000329f2a0_0 .var "ALURet_o", 31 0;
v0x60000329f330_0 .net "MemtoReg_i", 0 0, v0x6000032a03f0_0;  alias, 1 drivers
v0x60000329f3c0_0 .var "MemtoReg_o", 0 0;
v0x60000329f450_0 .net "RDaddr_i", 4 0, v0x6000032a0510_0;  alias, 1 drivers
v0x60000329f4e0_0 .var "RDaddr_o", 4 0;
v0x60000329f570_0 .net "ReadData_i", 31 0, L_0x6000031adb80;  alias, 1 drivers
v0x60000329f600_0 .var "ReadData_o", 31 0;
v0x60000329f690_0 .net "RegWrite_i", 0 0, v0x6000032a0630_0;  alias, 1 drivers
v0x60000329f720_0 .var "RegWrite_o", 0 0;
v0x60000329f7b0_0 .net "clk_i", 0 0, v0x600003297180_0;  alias, 1 drivers
v0x60000329f840_0 .net "rst_i", 0 0, v0x600003297210_0;  alias, 1 drivers
S_0x7f95d2906240 .scope module, "MUX2_PC" "MUX2" 3 101, 18 1 0, S_0x7f95d2925bc0;
 .timescale 0 0;
    .port_info 0 /INPUT 32 "data0_i";
    .port_info 1 /INPUT 32 "data1_i";
    .port_info 2 /INPUT 1 "select_i";
    .port_info 3 /OUTPUT 32 "data_o";
v0x60000329f8d0_0 .net "data0_i", 31 0, L_0x6000031b4000;  alias, 1 drivers
v0x60000329f960_0 .net "data1_i", 31 0, L_0x6000031b0000;  alias, 1 drivers
v0x60000329f9f0_0 .net "data_o", 31 0, L_0x6000031b00a0;  alias, 1 drivers
v0x60000329fa80_0 .net "select_i", 0 0, L_0x6000031b38e0;  alias, 1 drivers
L_0x6000031b00a0 .functor MUXZ 32, L_0x6000031b4000, L_0x6000031b0000, L_0x6000031b38e0, C4<>;
S_0x7f95d29063b0 .scope module, "MUX2_WB" "MUX2" 3 195, 18 1 0, S_0x7f95d2925bc0;
 .timescale 0 0;
    .port_info 0 /INPUT 32 "data0_i";
    .port_info 1 /INPUT 32 "data1_i";
    .port_info 2 /INPUT 1 "select_i";
    .port_info 3 /OUTPUT 32 "data_o";
v0x60000329fb10_0 .net "data0_i", 31 0, v0x60000329f2a0_0;  alias, 1 drivers
v0x60000329fba0_0 .net "data1_i", 31 0, v0x60000329f600_0;  alias, 1 drivers
v0x60000329fc30_0 .net "data_o", 31 0, L_0x6000031adc20;  alias, 1 drivers
v0x60000329fcc0_0 .net "select_i", 0 0, v0x60000329f3c0_0;  alias, 1 drivers
L_0x6000031adc20 .functor MUXZ 32, v0x60000329f2a0_0, v0x60000329f600_0, v0x60000329f3c0_0, C4<>;
S_0x7f95d2906520 .scope module, "MUX_ALUSrc" "MUX2" 3 166, 18 1 0, S_0x7f95d2925bc0;
 .timescale 0 0;
    .port_info 0 /INPUT 32 "data0_i";
    .port_info 1 /INPUT 32 "data1_i";
    .port_info 2 /INPUT 1 "select_i";
    .port_info 3 /OUTPUT 32 "data_o";
v0x60000329fd50_0 .net "data0_i", 31 0, L_0x6000031ac0a0;  alias, 1 drivers
v0x60000329fde0_0 .net "data1_i", 31 0, v0x60000329cbd0_0;  alias, 1 drivers
v0x60000329fe70_0 .net "data_o", 31 0, L_0x6000031ac140;  alias, 1 drivers
v0x60000329ff00_0 .net "select_i", 0 0, v0x60000329c360_0;  alias, 1 drivers
L_0x6000031ac140 .functor MUXZ 32, L_0x6000031ac0a0, v0x60000329cbd0_0, v0x60000329c360_0, C4<>;
S_0x7f95d2906690 .scope module, "MUX_FA" "MUX4" 3 148, 19 1 0, S_0x7f95d2925bc0;
 .timescale 0 0;
    .port_info 0 /INPUT 32 "data0_i";
    .port_info 1 /INPUT 32 "data1_i";
    .port_info 2 /INPUT 32 "data2_i";
    .port_info 3 /INPUT 32 "data3_i";
    .port_info 4 /INPUT 2 "select_i";
    .port_info 5 /OUTPUT 32 "data_o";
L_0x7f95d2873d88 .functor BUFT 1, C4<00>, C4<0>, C4<0>, C4<0>;
v0x600003298090_0 .net/2u *"_ivl_0", 1 0, L_0x7f95d2873d88;  1 drivers
v0x600003298120_0 .net *"_ivl_10", 0 0, L_0x6000031b3ac0;  1 drivers
v0x6000032981b0_0 .net *"_ivl_12", 31 0, L_0x6000031b3b60;  1 drivers
v0x600003298240_0 .net *"_ivl_14", 31 0, L_0x6000031b3c00;  1 drivers
v0x6000032982d0_0 .net *"_ivl_2", 0 0, L_0x6000031b3980;  1 drivers
L_0x7f95d2873dd0 .functor BUFT 1, C4<01>, C4<0>, C4<0>, C4<0>;
v0x600003298360_0 .net/2u *"_ivl_4", 1 0, L_0x7f95d2873dd0;  1 drivers
v0x6000032983f0_0 .net *"_ivl_6", 0 0, L_0x6000031b3a20;  1 drivers
L_0x7f95d2873e18 .functor BUFT 1, C4<10>, C4<0>, C4<0>, C4<0>;
v0x600003298480_0 .net/2u *"_ivl_8", 1 0, L_0x7f95d2873e18;  1 drivers
v0x600003298510_0 .net "data0_i", 31 0, v0x60000329c7e0_0;  alias, 1 drivers
v0x6000032985a0_0 .net "data1_i", 31 0, L_0x6000031adc20;  alias, 1 drivers
v0x600003298630_0 .net "data2_i", 31 0, v0x6000032a0090_0;  alias, 1 drivers
o0x7f95d2847528 .functor BUFZ 32, C4<zzzzzzzzzzzzzzzzzzzzzzzzzzzzzzzz>; HiZ drive
v0x6000032986c0_0 .net "data3_i", 31 0, o0x7f95d2847528;  0 drivers
v0x600003298750_0 .net "data_o", 31 0, L_0x6000031b3ca0;  alias, 1 drivers
v0x6000032987e0_0 .net "select_i", 1 0, L_0x6000031aed00;  alias, 1 drivers
L_0x6000031b3980 .cmp/eq 2, L_0x6000031aed00, L_0x7f95d2873d88;
L_0x6000031b3a20 .cmp/eq 2, L_0x6000031aed00, L_0x7f95d2873dd0;
L_0x6000031b3ac0 .cmp/eq 2, L_0x6000031aed00, L_0x7f95d2873e18;
L_0x6000031b3b60 .functor MUXZ 32, o0x7f95d2847528, v0x6000032a0090_0, L_0x6000031b3ac0, C4<>;
L_0x6000031b3c00 .functor MUXZ 32, L_0x6000031b3b60, L_0x6000031adc20, L_0x6000031b3a20, C4<>;
L_0x6000031b3ca0 .functor MUXZ 32, L_0x6000031b3c00, v0x60000329c7e0_0, L_0x6000031b3980, C4<>;
S_0x7f95d292f290 .scope module, "MUX_FB" "MUX4" 3 157, 19 1 0, S_0x7f95d2925bc0;
 .timescale 0 0;
    .port_info 0 /INPUT 32 "data0_i";
    .port_info 1 /INPUT 32 "data1_i";
    .port_info 2 /INPUT 32 "data2_i";
    .port_info 3 /INPUT 32 "data3_i";
    .port_info 4 /INPUT 2 "select_i";
    .port_info 5 /OUTPUT 32 "data_o";
L_0x7f95d2873e60 .functor BUFT 1, C4<00>, C4<0>, C4<0>, C4<0>;
v0x600003298900_0 .net/2u *"_ivl_0", 1 0, L_0x7f95d2873e60;  1 drivers
v0x600003298990_0 .net *"_ivl_10", 0 0, L_0x6000031b3e80;  1 drivers
v0x600003298a20_0 .net *"_ivl_12", 31 0, L_0x6000031b3f20;  1 drivers
v0x600003298ab0_0 .net *"_ivl_14", 31 0, L_0x6000031ac000;  1 drivers
v0x600003298b40_0 .net *"_ivl_2", 0 0, L_0x6000031b3d40;  1 drivers
L_0x7f95d2873ea8 .functor BUFT 1, C4<01>, C4<0>, C4<0>, C4<0>;
v0x600003298bd0_0 .net/2u *"_ivl_4", 1 0, L_0x7f95d2873ea8;  1 drivers
v0x600003298c60_0 .net *"_ivl_6", 0 0, L_0x6000031b3de0;  1 drivers
L_0x7f95d2873ef0 .functor BUFT 1, C4<10>, C4<0>, C4<0>, C4<0>;
v0x600003298cf0_0 .net/2u *"_ivl_8", 1 0, L_0x7f95d2873ef0;  1 drivers
v0x600003298d80_0 .net "data0_i", 31 0, v0x60000329c900_0;  alias, 1 drivers
v0x600003294000_0 .net "data1_i", 31 0, L_0x6000031adc20;  alias, 1 drivers
v0x600003294090_0 .net "data2_i", 31 0, v0x6000032a0090_0;  alias, 1 drivers
o0x7f95d28477f8 .functor BUFZ 32, C4<zzzzzzzzzzzzzzzzzzzzzzzzzzzzzzzz>; HiZ drive
v0x600003294120_0 .net "data3_i", 31 0, o0x7f95d28477f8;  0 drivers
v0x6000032941b0_0 .net "data_o", 31 0, L_0x6000031ac0a0;  alias, 1 drivers
v0x600003294240_0 .net "select_i", 1 0, L_0x6000031af480;  alias, 1 drivers
L_0x6000031b3d40 .cmp/eq 2, L_0x6000031af480, L_0x7f95d2873e60;
L_0x6000031b3de0 .cmp/eq 2, L_0x6000031af480, L_0x7f95d2873ea8;
L_0x6000031b3e80 .cmp/eq 2, L_0x6000031af480, L_0x7f95d2873ef0;
L_0x6000031b3f20 .functor MUXZ 32, o0x7f95d28477f8, v0x6000032a0090_0, L_0x6000031b3e80, C4<>;
L_0x6000031ac000 .functor MUXZ 32, L_0x6000031b3f20, L_0x6000031adc20, L_0x6000031b3de0, C4<>;
L_0x6000031ac0a0 .functor MUXZ 32, L_0x6000031ac000, v0x60000329c900_0, L_0x6000031b3d40, C4<>;
S_0x7f95d2c04080 .scope module, "PC" "PC" 3 80, 20 1 0, S_0x7f95d2925bc0;
 .timescale 0 0;
    .port_info 0 /INPUT 1 "clk_i";
    .port_info 1 /INPUT 1 "rst_i";
    .port_info 2 /INPUT 1 "start_i";
    .port_info 3 /INPUT 1 "PCWrite_i";
    .port_info 4 /INPUT 32 "pc_i";
    .port_info 5 /OUTPUT 32 "pc_o";
v0x600003294360_0 .net "PCWrite_i", 0 0, L_0x6000031adea0;  alias, 1 drivers
v0x6000032943f0_0 .net "clk_i", 0 0, v0x600003297180_0;  alias, 1 drivers
v0x600003294480_0 .net "pc_i", 31 0, L_0x6000031b00a0;  alias, 1 drivers
v0x600003294510_0 .var "pc_o", 31 0;
v0x6000032945a0_0 .net "rst_i", 0 0, v0x600003297210_0;  alias, 1 drivers
v0x600003294630_0 .net "start_i", 0 0, v0x6000032972a0_0;  alias, 1 drivers
S_0x7f95d2c041f0 .scope module, "Registers" "Registers" 3 113, 21 1 0, S_0x7f95d2925bc0;
 .timescale 0 0;
    .port_info 0 /INPUT 1 "clk_i";
    .port_info 1 /INPUT 5 "RS1addr_i";
    .port_info 2 /INPUT 5 "RS2addr_i";
    .port_info 3 /INPUT 5 "RDaddr_i";
    .port_info 4 /INPUT 32 "RDdata_i";
    .port_info 5 /INPUT 1 "RegWrite_i";
    .port_info 6 /OUTPUT 32 "RS1data_o";
    .port_info 7 /OUTPUT 32 "RS2data_o";
L_0x600002bb0230 .functor AND 1, L_0x6000031b0320, v0x60000329f720_0, C4<1>, C4<1>;
L_0x600002bb02a0 .functor AND 1, L_0x6000031b05a0, v0x60000329f720_0, C4<1>, C4<1>;
v0x6000032946c0_0 .net "RDaddr_i", 4 0, v0x60000329f4e0_0;  alias, 1 drivers
v0x600003294750_0 .net "RDdata_i", 31 0, L_0x6000031adc20;  alias, 1 drivers
v0x6000032947e0_0 .net "RS1addr_i", 4 0, L_0x6000031b0820;  1 drivers
v0x600003294870_0 .net "RS1data_o", 31 0, L_0x6000031b0500;  alias, 1 drivers
v0x600003294900_0 .net "RS2addr_i", 4 0, L_0x6000031b08c0;  1 drivers
v0x600003294990_0 .net "RS2data_o", 31 0, L_0x6000031b0780;  alias, 1 drivers
v0x600003294a20_0 .net "RegWrite_i", 0 0, v0x60000329f720_0;  alias, 1 drivers
v0x600003294ab0_0 .net *"_ivl_0", 0 0, L_0x6000031b0320;  1 drivers
v0x600003294b40_0 .net *"_ivl_12", 0 0, L_0x6000031b05a0;  1 drivers
v0x600003294bd0_0 .net *"_ivl_15", 0 0, L_0x600002bb02a0;  1 drivers
v0x600003294c60_0 .net *"_ivl_16", 31 0, L_0x6000031b0640;  1 drivers
v0x600003294cf0_0 .net *"_ivl_18", 6 0, L_0x6000031b06e0;  1 drivers
L_0x7f95d28730e0 .functor BUFT 1, C4<00>, C4<0>, C4<0>, C4<0>;
v0x600003294d80_0 .net *"_ivl_21", 1 0, L_0x7f95d28730e0;  1 drivers
v0x600003294e10_0 .net *"_ivl_3", 0 0, L_0x600002bb0230;  1 drivers
v0x600003294ea0_0 .net *"_ivl_4", 31 0, L_0x6000031b03c0;  1 drivers
v0x600003294f30_0 .net *"_ivl_6", 6 0, L_0x6000031b0460;  1 drivers
L_0x7f95d2873098 .functor BUFT 1, C4<00>, C4<0>, C4<0>, C4<0>;
v0x600003294fc0_0 .net *"_ivl_9", 1 0, L_0x7f95d2873098;  1 drivers
v0x600003295050_0 .net "clk_i", 0 0, v0x600003297180_0;  alias, 1 drivers
v0x6000032950e0 .array/s "register", 31 0, 31 0;
L_0x6000031b0320 .cmp/eq 5, L_0x6000031b0820, v0x60000329f4e0_0;
L_0x6000031b03c0 .array/port v0x6000032950e0, L_0x6000031b0460;
L_0x6000031b0460 .concat [ 5 2 0 0], L_0x6000031b0820, L_0x7f95d2873098;
L_0x6000031b0500 .functor MUXZ 32, L_0x6000031b03c0, L_0x6000031adc20, L_0x600002bb0230, C4<>;
L_0x6000031b05a0 .cmp/eq 5, L_0x6000031b08c0, v0x60000329f4e0_0;
L_0x6000031b0640 .array/port v0x6000032950e0, L_0x6000031b06e0;
L_0x6000031b06e0 .concat [ 5 2 0 0], L_0x6000031b08c0, L_0x7f95d28730e0;
L_0x6000031b0780 .functor MUXZ 32, L_0x6000031b0640, L_0x6000031adc20, L_0x600002bb02a0, C4<>;
    .scope S_0x7f95d2c04080;
T_0 ;
    %wait E_0x600000e88090;
    %load/vec4 v0x6000032945a0_0;
    %flag_set/vec4 8;
    %jmp/0xz  T_0.0, 8;
    %pushi/vec4 0, 0, 32;
    %assign/vec4 v0x600003294510_0, 0;
    %jmp T_0.1;
T_0.0 ;
    %load/vec4 v0x600003294360_0;
    %flag_set/vec4 8;
    %jmp/0xz  T_0.2, 8;
    %load/vec4 v0x600003294630_0;
    %flag_set/vec4 8;
    %jmp/0xz  T_0.4, 8;
    %load/vec4 v0x600003294480_0;
    %assign/vec4 v0x600003294510_0, 0;
    %jmp T_0.5;
T_0.4 ;
    %load/vec4 v0x600003294510_0;
    %assign/vec4 v0x600003294510_0, 0;
T_0.5 ;
T_0.2 ;
T_0.1 ;
    %jmp T_0;
    .thread T_0;
    .scope S_0x7f95d2c041f0;
T_1 ;
    %wait E_0x600000e88360;
    %load/vec4 v0x600003294a20_0;
    %load/vec4 v0x6000032946c0_0;
    %pad/u 32;
    %pushi/vec4 0, 0, 32;
    %cmp/ne;
    %flag_get/vec4 4;
    %and;
    %flag_set/vec4 8;
    %jmp/0xz  T_1.0, 8;
    %load/vec4 v0x600003294750_0;
    %load/vec4 v0x6000032946c0_0;
    %pad/u 7;
    %ix/vec4 3;
    %ix/load 4, 0, 0; Constant delay
    %assign/vec4/a/d v0x6000032950e0, 0, 4;
T_1.0 ;
    %jmp T_1;
    .thread T_1;
    .scope S_0x7f95d292d900;
T_2 ;
    %wait E_0x600000e88360;
    %load/vec4 v0x6000032a7960_0;
    %flag_set/vec4 8;
    %jmp/0xz  T_2.0, 8;
    %load/vec4 v0x6000032a7de0_0;
    %load/vec4 v0x6000032a7cc0_0;
    %ix/load 4, 2, 0;
    %flag_set/imm 4, 0;
    %shiftr 4;
    %ix/vec4 3;
    %ix/load 4, 0, 0; Constant delay
    %assign/vec4/a/d v0x6000032a7f00, 0, 4;
T_2.0 ;
    %jmp T_2;
    .thread T_2;
    .scope S_0x7f95d2904920;
T_3 ;
    %wait E_0x600000e88090;
    %load/vec4 v0x60000329d170_0;
    %flag_set/vec4 8;
    %jmp/0xz  T_3.0, 8;
    %pushi/vec4 0, 0, 32;
    %assign/vec4 v0x60000329d0e0_0, 0;
    %pushi/vec4 0, 0, 32;
    %assign/vec4 v0x60000329cfc0_0, 0;
    %jmp T_3.1;
T_3.0 ;
    %load/vec4 v0x60000329ce10_0;
    %load/vec4 v0x60000329d200_0;
    %nor/r;
    %and;
    %flag_set/vec4 8;
    %jmp/0xz  T_3.2, 8;
    %load/vec4 v0x60000329d050_0;
    %assign/vec4 v0x60000329d0e0_0, 0;
    %load/vec4 v0x60000329cea0_0;
    %flag_set/vec4 8;
    %jmp/0 T_3.4, 8;
    %pushi/vec4 0, 0, 32;
    %jmp/1 T_3.5, 8;
T_3.4 ; End of true expr.
    %load/vec4 v0x60000329cf30_0;
    %jmp/0 T_3.5, 8;
 ; End of false expr.
    %blend;
T_3.5;
    %assign/vec4 v0x60000329cfc0_0, 0;
    %jmp T_3.3;
T_3.2 ;
    %load/vec4 v0x60000329d0e0_0;
    %assign/vec4 v0x60000329d0e0_0, 0;
    %load/vec4 v0x60000329cfc0_0;
    %assign/vec4 v0x60000329cfc0_0, 0;
T_3.3 ;
T_3.1 ;
    %jmp T_3;
    .thread T_3;
    .scope S_0x7f95d2918b00;
T_4 ;
    %wait E_0x600000e88090;
    %load/vec4 v0x60000329cd80_0;
    %flag_set/vec4 8;
    %jmp/0xz  T_4.0, 8;
    %pushi/vec4 0, 0, 1;
    %assign/vec4 v0x60000329ca20_0, 0;
    %pushi/vec4 0, 0, 1;
    %assign/vec4 v0x60000329c6c0_0, 0;
    %pushi/vec4 0, 0, 1;
    %assign/vec4 v0x60000329c480_0, 0;
    %pushi/vec4 0, 0, 1;
    %assign/vec4 v0x60000329c5a0_0, 0;
    %pushi/vec4 0, 0, 2;
    %assign/vec4 v0x60000329c240_0, 0;
    %pushi/vec4 0, 0, 1;
    %assign/vec4 v0x60000329c360_0, 0;
    %pushi/vec4 0, 0, 32;
    %assign/vec4 v0x60000329c7e0_0, 0;
    %pushi/vec4 0, 0, 32;
    %assign/vec4 v0x60000329c900_0, 0;
    %pushi/vec4 0, 0, 32;
    %assign/vec4 v0x60000329cbd0_0, 0;
    %pushi/vec4 0, 0, 32;
    %assign/vec4 v0x60000329ccf0_0, 0;
    %jmp T_4.1;
T_4.0 ;
    %load/vec4 v0x60000329c990_0;
    %assign/vec4 v0x60000329ca20_0, 0;
    %load/vec4 v0x60000329c630_0;
    %assign/vec4 v0x60000329c6c0_0, 0;
    %load/vec4 v0x60000329c3f0_0;
    %assign/vec4 v0x60000329c480_0, 0;
    %load/vec4 v0x60000329c510_0;
    %assign/vec4 v0x60000329c5a0_0, 0;
    %load/vec4 v0x60000329c1b0_0;
    %assign/vec4 v0x60000329c240_0, 0;
    %load/vec4 v0x60000329c2d0_0;
    %assign/vec4 v0x60000329c360_0, 0;
    %load/vec4 v0x60000329c750_0;
    %assign/vec4 v0x60000329c7e0_0, 0;
    %load/vec4 v0x60000329c870_0;
    %assign/vec4 v0x60000329c900_0, 0;
    %load/vec4 v0x60000329cb40_0;
    %assign/vec4 v0x60000329cbd0_0, 0;
    %load/vec4 v0x60000329cc60_0;
    %assign/vec4 v0x60000329ccf0_0, 0;
T_4.1 ;
    %jmp T_4;
    .thread T_4;
    .scope S_0x7f95d291a260;
T_5 ;
    %wait E_0x600000e88090;
    %load/vec4 v0x6000032a0870_0;
    %flag_set/vec4 8;
    %jmp/0xz  T_5.0, 8;
    %pushi/vec4 0, 0, 1;
    %assign/vec4 v0x6000032a0630_0, 0;
    %pushi/vec4 0, 0, 1;
    %assign/vec4 v0x6000032a03f0_0, 0;
    %pushi/vec4 0, 0, 1;
    %assign/vec4 v0x6000032a01b0_0, 0;
    %pushi/vec4 0, 0, 1;
    %assign/vec4 v0x6000032a02d0_0, 0;
    %pushi/vec4 0, 0, 32;
    %assign/vec4 v0x6000032a0090_0, 0;
    %pushi/vec4 0, 0, 32;
    %assign/vec4 v0x6000032a0750_0, 0;
    %pushi/vec4 0, 0, 5;
    %assign/vec4 v0x6000032a0510_0, 0;
    %jmp T_5.1;
T_5.0 ;
    %load/vec4 v0x6000032a05a0_0;
    %assign/vec4 v0x6000032a0630_0, 0;
    %load/vec4 v0x6000032a0360_0;
    %assign/vec4 v0x6000032a03f0_0, 0;
    %load/vec4 v0x6000032a0120_0;
    %assign/vec4 v0x6000032a01b0_0, 0;
    %load/vec4 v0x6000032a0240_0;
    %assign/vec4 v0x6000032a02d0_0, 0;
    %load/vec4 v0x6000032a0000_0;
    %assign/vec4 v0x6000032a0090_0, 0;
    %load/vec4 v0x6000032a06c0_0;
    %assign/vec4 v0x6000032a0750_0, 0;
    %load/vec4 v0x6000032a0480_0;
    %assign/vec4 v0x6000032a0510_0, 0;
T_5.1 ;
    %jmp T_5;
    .thread T_5;
    .scope S_0x7f95d2904f70;
T_6 ;
    %wait E_0x600000e88090;
    %load/vec4 v0x60000329f840_0;
    %flag_set/vec4 8;
    %jmp/0xz  T_6.0, 8;
    %pushi/vec4 0, 0, 1;
    %assign/vec4 v0x60000329f720_0, 0;
    %pushi/vec4 0, 0, 1;
    %assign/vec4 v0x60000329f3c0_0, 0;
    %pushi/vec4 0, 0, 32;
    %assign/vec4 v0x60000329f2a0_0, 0;
    %pushi/vec4 0, 0, 32;
    %assign/vec4 v0x60000329f600_0, 0;
    %pushi/vec4 0, 0, 5;
    %assign/vec4 v0x60000329f4e0_0, 0;
    %jmp T_6.1;
T_6.0 ;
    %load/vec4 v0x60000329f690_0;
    %assign/vec4 v0x60000329f720_0, 0;
    %load/vec4 v0x60000329f330_0;
    %assign/vec4 v0x60000329f3c0_0, 0;
    %load/vec4 v0x60000329f210_0;
    %assign/vec4 v0x60000329f2a0_0, 0;
    %load/vec4 v0x60000329f570_0;
    %assign/vec4 v0x60000329f600_0, 0;
    %load/vec4 v0x60000329f450_0;
    %assign/vec4 v0x60000329f4e0_0, 0;
T_6.1 ;
    %jmp T_6;
    .thread T_6;
    .scope S_0x7f95d2920280;
T_7 ;
    %delay 25, 0;
    %load/vec4 v0x600003297180_0;
    %inv;
    %store/vec4 v0x600003297180_0, 0, 1;
    %jmp T_7;
    .thread T_7;
    .scope S_0x7f95d2920280;
T_8 ;
    %vpi_call 2 21 "$dumpfile", "CPU.vcd" {0 0 0};
    %vpi_call 2 22 "$dumpvars" {0 0 0};
    %pushi/vec4 0, 0, 32;
    %store/vec4 v0x600003297330_0, 0, 32;
    %pushi/vec4 0, 0, 32;
    %store/vec4 v0x600003297570_0, 0, 32;
    %pushi/vec4 0, 0, 32;
    %store/vec4 v0x6000032973c0_0, 0, 32;
    %pushi/vec4 0, 0, 32;
    %store/vec4 v0x600003297450_0, 0, 32;
T_8.0 ;
    %load/vec4 v0x600003297450_0;
    %cmpi/s 256, 0, 32;
    %jmp/0xz T_8.1, 5;
    %pushi/vec4 0, 0, 32;
    %ix/getv/s 4, v0x600003297450_0;
    %store/vec4a v0x60000329f180, 4, 0;
    %load/vec4 v0x600003297450_0;
    %addi 1, 0, 32;
    %store/vec4 v0x600003297450_0, 0, 32;
    %jmp T_8.0;
T_8.1 ;
    %pushi/vec4 0, 0, 32;
    %store/vec4 v0x600003297450_0, 0, 32;
T_8.2 ;
    %load/vec4 v0x600003297450_0;
    %cmpi/s 32, 0, 32;
    %jmp/0xz T_8.3, 5;
    %pushi/vec4 0, 0, 32;
    %ix/getv/s 4, v0x600003297450_0;
    %store/vec4a v0x6000032a7f00, 4, 0;
    %load/vec4 v0x600003297450_0;
    %addi 1, 0, 32;
    %store/vec4 v0x600003297450_0, 0, 32;
    %jmp T_8.2;
T_8.3 ;
    %pushi/vec4 5, 0, 32;
    %ix/load 4, 0, 0;
    %flag_set/imm 4, 0;
    %store/vec4a v0x6000032a7f00, 4, 0;
    %pushi/vec4 6, 0, 32;
    %ix/load 4, 1, 0;
    %flag_set/imm 4, 0;
    %store/vec4a v0x6000032a7f00, 4, 0;
    %pushi/vec4 10, 0, 32;
    %ix/load 4, 2, 0;
    %flag_set/imm 4, 0;
    %store/vec4a v0x6000032a7f00, 4, 0;
    %pushi/vec4 18, 0, 32;
    %ix/load 4, 3, 0;
    %flag_set/imm 4, 0;
    %store/vec4a v0x6000032a7f00, 4, 0;
    %pushi/vec4 29, 0, 32;
    %ix/load 4, 4, 0;
    %flag_set/imm 4, 0;
    %store/vec4a v0x6000032a7f00, 4, 0;
    %pushi/vec4 0, 0, 32;
    %store/vec4 v0x600003297450_0, 0, 32;
T_8.4 ;
    %load/vec4 v0x600003297450_0;
    %cmpi/s 32, 0, 32;
    %jmp/0xz T_8.5, 5;
    %pushi/vec4 0, 0, 32;
    %ix/getv/s 4, v0x600003297450_0;
    %store/vec4a v0x6000032950e0, 4, 0;
    %load/vec4 v0x600003297450_0;
    %addi 1, 0, 32;
    %store/vec4 v0x600003297450_0, 0, 32;
    %jmp T_8.4;
T_8.5 ;
    %pushi/vec4 4294967272, 0, 32;
    %ix/load 4, 24, 0;
    %flag_set/imm 4, 0;
    %store/vec4a v0x6000032950e0, 4, 0;
    %pushi/vec4 4294967271, 0, 32;
    %ix/load 4, 25, 0;
    %flag_set/imm 4, 0;
    %store/vec4a v0x6000032950e0, 4, 0;
    %pushi/vec4 4294967270, 0, 32;
    %ix/load 4, 26, 0;
    %flag_set/imm 4, 0;
    %store/vec4a v0x6000032950e0, 4, 0;
    %pushi/vec4 4294967269, 0, 32;
    %ix/load 4, 27, 0;
    %flag_set/imm 4, 0;
    %store/vec4a v0x6000032950e0, 4, 0;
    %pushi/vec4 56, 0, 32;
    %ix/load 4, 28, 0;
    %flag_set/imm 4, 0;
    %store/vec4a v0x6000032950e0, 4, 0;
    %pushi/vec4 58, 0, 32;
    %ix/load 4, 29, 0;
    %flag_set/imm 4, 0;
    %store/vec4a v0x6000032950e0, 4, 0;
    %pushi/vec4 60, 0, 32;
    %ix/load 4, 30, 0;
    %flag_set/imm 4, 0;
    %store/vec4a v0x6000032950e0, 4, 0;
    %pushi/vec4 62, 0, 32;
    %ix/load 4, 31, 0;
    %flag_set/imm 4, 0;
    %store/vec4a v0x6000032950e0, 4, 0;
    %vpi_call 2 62 "$readmemb", "instruction.txt", v0x60000329f180 {0 0 0};
    %vpi_func 2 67 "$fopen" 32, "output.txt" {0 0 0};
    %pushi/vec4 1, 0, 32;
    %or;
    %store/vec4 v0x6000032974e0_0, 0, 32;
    %pushi/vec4 1, 0, 1;
    %store/vec4 v0x600003297180_0, 0, 1;
    %pushi/vec4 1, 0, 1;
    %store/vec4 v0x600003297210_0, 0, 1;
    %pushi/vec4 0, 0, 1;
    %store/vec4 v0x6000032972a0_0, 0, 1;
    %delay 12, 0;
    %pushi/vec4 0, 0, 1;
    %store/vec4 v0x600003297210_0, 0, 1;
    %pushi/vec4 1, 0, 1;
    %store/vec4 v0x6000032972a0_0, 0, 1;
    %end;
    .thread T_8;
    .scope S_0x7f95d2920280;
T_9 ;
    %wait E_0x600000e88360;
    %load/vec4 v0x600003297330_0;
    %cmpi/e 64, 0, 32;
    %jmp/0xz  T_9.0, 4;
    %vpi_call 2 82 "$finish" {0 0 0};
T_9.0 ;
    %load/vec4 v0x6000032a34e0_0;
    %pad/u 32;
    %pushi/vec4 1, 0, 32;
    %cmp/e;
    %flag_get/vec4 4;
    %load/vec4 v0x6000032a4ea0_0;
    %pad/u 32;
    %pushi/vec4 0, 0, 32;
    %cmp/e;
    %flag_get/vec4 4;
    %and;
    %flag_set/vec4 8;
    %jmp/0xz  T_9.2, 8;
    %load/vec4 v0x600003297570_0;
    %addi 1, 0, 32;
    %store/vec4 v0x600003297570_0, 0, 32;
T_9.2 ;
    %load/vec4 v0x600003295a70_0;
    %pad/u 32;
    %cmpi/e 1, 0, 32;
    %jmp/0xz  T_9.4, 4;
    %load/vec4 v0x6000032973c0_0;
    %addi 1, 0, 32;
    %store/vec4 v0x6000032973c0_0, 0, 32;
T_9.4 ;
    %vpi_call 2 90 "$fdisplay", v0x6000032974e0_0, "cycle = %d, Start = %0d, Stall = %0d, Flush = %0d\012PC = %d", v0x600003297330_0, v0x6000032972a0_0, v0x600003297570_0, v0x6000032973c0_0, v0x600003294510_0 {0 0 0};
    %vpi_call 2 97 "$fdisplay", v0x6000032974e0_0, "Registers" {0 0 0};
    %vpi_call 2 98 "$fdisplay", v0x6000032974e0_0, "x0 = %d, x8  = %d, x16 = %d, x24 = %d", &A<v0x6000032950e0, 0>, &A<v0x6000032950e0, 8>, &A<v0x6000032950e0, 16>, &A<v0x6000032950e0, 24> {0 0 0};
    %vpi_call 2 99 "$fdisplay", v0x6000032974e0_0, "x1 = %d, x9  = %d, x17 = %d, x25 = %d", &A<v0x6000032950e0, 1>, &A<v0x6000032950e0, 9>, &A<v0x6000032950e0, 17>, &A<v0x6000032950e0, 25> {0 0 0};
    %vpi_call 2 100 "$fdisplay", v0x6000032974e0_0, "x2 = %d, x10 = %d, x18 = %d, x26 = %d", &A<v0x6000032950e0, 2>, &A<v0x6000032950e0, 10>, &A<v0x6000032950e0, 18>, &A<v0x6000032950e0, 26> {0 0 0};
    %vpi_call 2 101 "$fdisplay", v0x6000032974e0_0, "x3 = %d, x11 = %d, x19 = %d, x27 = %d", &A<v0x6000032950e0, 3>, &A<v0x6000032950e0, 11>, &A<v0x6000032950e0, 19>, &A<v0x6000032950e0, 27> {0 0 0};
    %vpi_call 2 102 "$fdisplay", v0x6000032974e0_0, "x4 = %d, x12 = %d, x20 = %d, x28 = %d", &A<v0x6000032950e0, 4>, &A<v0x6000032950e0, 12>, &A<v0x6000032950e0, 20>, &A<v0x6000032950e0, 28> {0 0 0};
    %vpi_call 2 103 "$fdisplay", v0x6000032974e0_0, "x5 = %d, x13 = %d, x21 = %d, x29 = %d", &A<v0x6000032950e0, 5>, &A<v0x6000032950e0, 13>, &A<v0x6000032950e0, 21>, &A<v0x6000032950e0, 29> {0 0 0};
    %vpi_call 2 104 "$fdisplay", v0x6000032974e0_0, "x6 = %d, x14 = %d, x22 = %d, x30 = %d", &A<v0x6000032950e0, 6>, &A<v0x6000032950e0, 14>, &A<v0x6000032950e0, 22>, &A<v0x6000032950e0, 30> {0 0 0};
    %vpi_call 2 105 "$fdisplay", v0x6000032974e0_0, "x7 = %d, x15 = %d, x23 = %d, x31 = %d", &A<v0x6000032950e0, 7>, &A<v0x6000032950e0, 15>, &A<v0x6000032950e0, 23>, &A<v0x6000032950e0, 31> {0 0 0};
    %vpi_call 2 109 "$fdisplay", v0x6000032974e0_0, "Data Memory: 0x00 = %10d", &A<v0x6000032a7f00, 0> {0 0 0};
    %vpi_call 2 110 "$fdisplay", v0x6000032974e0_0, "Data Memory: 0x04 = %10d", &A<v0x6000032a7f00, 1> {0 0 0};
    %vpi_call 2 111 "$fdisplay", v0x6000032974e0_0, "Data Memory: 0x08 = %10d", &A<v0x6000032a7f00, 2> {0 0 0};
    %vpi_call 2 112 "$fdisplay", v0x6000032974e0_0, "Data Memory: 0x0C = %10d", &A<v0x6000032a7f00, 3> {0 0 0};
    %vpi_call 2 113 "$fdisplay", v0x6000032974e0_0, "Data Memory: 0x10 = %10d", &A<v0x6000032a7f00, 4> {0 0 0};
    %vpi_call 2 114 "$fdisplay", v0x6000032974e0_0, "Data Memory: 0x14 = %10d", &A<v0x6000032a7f00, 5> {0 0 0};
    %vpi_call 2 115 "$fdisplay", v0x6000032974e0_0, "Data Memory: 0x18 = %10d", &A<v0x6000032a7f00, 6> {0 0 0};
    %vpi_call 2 116 "$fdisplay", v0x6000032974e0_0, "Data Memory: 0x1C = %10d", &A<v0x6000032a7f00, 7> {0 0 0};
    %vpi_call 2 118 "$fdisplay", v0x6000032974e0_0, "\012" {0 0 0};
    %load/vec4 v0x600003297330_0;
    %addi 1, 0, 32;
    %store/vec4 v0x600003297330_0, 0, 32;
    %jmp T_9;
    .thread T_9;
# The file index is used to find the file name in the following table.
:file_names 22;
    "N/A";
    "<interactive>";
    "testbench.v";
    "CPU.v";
    "ALU.v";
    "ALU_Control.v";
    "Adder.v";
    "Control.v";
    "../ignore_codes/Data_Memory.v";
    "EX_MEM.v";
    "Flusher.v";
    "Forwarding_Unit.v";
    "Hazard_Detection_Unit.v";
    "ID_EX.v";
    "IF_ID.v";
    "IMM_GEN.v";
    "../ignore_codes/Instruction_Memory.v";
    "MEM_WB.v";
    "MUX2.v";
    "MUX4.v";
    "../ignore_codes/PC.v";
    "../ignore_codes/Registers.v";
